null
Finding Optimal Objective...
{
  "false": {
    "false": {
      "complexity": 0.009999999776482582,
      "loss": 0.0,
      "name": "Y",
      "prediction": "False"
    },
    "feature": 8,
    "name": "RM_3",
    "reference": 1.0,
    "relation": "==",
    "true": {
      "false": {
        "complexity": 0.009999999776482582,
        "loss": 0.02500000037252903,
        "name": "Y",
        "prediction": "True"
      },
      "feature": 4,
      "name": "NOX_2",
      "reference": 1.0,
      "relation": "==",
      "true": {
        "complexity": 0.009999999776482582,
        "loss": 0.012500000186264515,
        "name": "Y",
        "prediction": "False"
      },
      "type": "rational"
    },
    "type": "rational"
  },
  "feature": 14,
  "model_objective": 0.07750000059604645,
  "name": "LSTAT_3",
  "reference": 1.0,
  "relation": "==",
  "true": {
    "complexity": 0.009999999776482582,
    "loss": 0.0,
    "name": "Y",
    "prediction": "False"
  },
  "type": "rational"
}
{
  "false": {
    "complexity": 0.009999999776482582,
    "loss": 0.0,
    "name": "Y",
    "prediction": "False"
  },
  "feature": 8,
  "model_objective": 0.07750000059604645,
  "name": "RM_3",
  "reference": 1.0,
  "relation": "==",
  "true": {
    "false": {
      "false": {
        "complexity": 0.009999999776482582,
        "loss": 0.02500000037252903,
        "name": "Y",
        "prediction": "True"
      },
      "feature": 14,
      "name": "LSTAT_3",
      "reference": 1.0,
      "relation": "==",
      "true": {
        "complexity": 0.009999999776482582,
        "loss": 0.0,
        "name": "Y",
        "prediction": "False"
      },
      "type": "rational"
    },
    "feature": 4,
    "name": "NOX_2",
    "reference": 1.0,
    "relation": "==",
    "true": {
      "complexity": 0.009999999776482582,
      "loss": 0.012500000186264515,
      "name": "Y",
      "prediction": "False"
    },
    "type": "rational"
  },
  "type": "rational"
}
{
  "false": {
    "false": {
      "false": {
        "complexity": 0.009999999776482582,
        "loss": 0.0,
        "name": "Y",
        "prediction": "False"
      },
      "feature": 8,
      "name": "RM_3",
      "reference": 1.0,
      "relation": "==",
      "true": {
        "complexity": 0.009999999776482582,
        "loss": 0.02500000037252903,
        "name": "Y",
        "prediction": "True"
      },
      "type": "rational"
    },
    "feature": 4,
    "name": "NOX_2",
    "reference": 1.0,
    "relation": "==",
    "true": {
      "complexity": 0.009999999776482582,
      "loss": 0.012500000186264515,
      "name": "Y",
      "prediction": "False"
    },
    "type": "rational"
  },
  "feature": 14,
  "model_objective": 0.07750000059604645,
  "name": "LSTAT_3",
  "reference": 1.0,
  "relation": "==",
  "true": {
    "complexity": 0.009999999776482582,
    "loss": 0.0,
    "name": "Y",
    "prediction": "False"
  },
  "type": "rational"
}
{
  "false": {
    "complexity": 0.009999999776482582,
    "loss": 0.0,
    "name": "Y",
    "prediction": "False"
  },
  "feature": 8,
  "model_objective": 0.07750000059604645,
  "name": "RM_3",
  "reference": 1.0,
  "relation": "==",
  "true": {
    "false": {
      "false": {
        "complexity": 0.009999999776482582,
        "loss": 0.02500000037252903,
        "name": "Y",
        "prediction": "True"
      },
      "feature": 4,
      "name": "NOX_2",
      "reference": 1.0,
      "relation": "==",
      "true": {
        "complexity": 0.009999999776482582,
        "loss": 0.012500000186264515,
        "name": "Y",
        "prediction": "False"
      },
      "type": "rational"
    },
    "feature": 14,
    "name": "LSTAT_3",
    "reference": 1.0,
    "relation": "==",
    "true": {
      "complexity": 0.009999999776482582,
      "loss": 0.0,
      "name": "Y",
      "prediction": "False"
    },
    "type": "rational"
  },
  "type": "rational"
}
{
  "false": {
    "false": {
      "complexity": 0.009999999776482582,
      "loss": 0.0,
      "name": "Y",
      "prediction": "False"
    },
    "feature": 8,
    "name": "RM_3",
    "reference": 1.0,
    "relation": "==",
    "true": {
      "false": {
        "complexity": 0.009999999776482582,
        "loss": 0.02500000037252903,
        "name": "Y",
        "prediction": "True"
      },
      "feature": 14,
      "name": "LSTAT_3",
      "reference": 1.0,
      "relation": "==",
      "true": {
        "complexity": 0.009999999776482582,
        "loss": 0.0,
        "name": "Y",
        "prediction": "False"
      },
      "type": "rational"
    },
    "type": "rational"
  },
  "feature": 4,
  "model_objective": 0.07750000059604645,
  "name": "NOX_2",
  "reference": 1.0,
  "relation": "==",
  "true": {
    "complexity": 0.009999999776482582,
    "loss": 0.012500000186264515,
    "name": "Y",
    "prediction": "False"
  },
  "type": "rational"
}
{
  "false": {
    "false": {
      "false": {
        "complexity": 0.009999999776482582,
        "loss": 0.0,
        "name": "Y",
        "prediction": "False"
      },
      "feature": 8,
      "name": "RM_3",
      "reference": 1.0,
      "relation": "==",
      "true": {
        "complexity": 0.009999999776482582,
        "loss": 0.02500000037252903,
        "name": "Y",
        "prediction": "True"
      },
      "type": "rational"
    },
    "feature": 14,
    "name": "LSTAT_3",
    "reference": 1.0,
    "relation": "==",
    "true": {
      "complexity": 0.009999999776482582,
      "loss": 0.0,
      "name": "Y",
      "prediction": "False"
    },
    "type": "rational"
  },
  "feature": 4,
  "model_objective": 0.07750000059604645,
  "name": "NOX_2",
  "reference": 1.0,
  "relation": "==",
  "true": {
    "complexity": 0.009999999776482582,
    "loss": 0.012500000186264515,
    "name": "Y",
    "prediction": "False"
  },
  "type": "rational"
}
null
Finding Optimal Objective...
{
  "false": {
    "false": {
      "false": {
        "complexity": 0.009999999776482582,
        "loss": 0.0,
        "name": "Y",
        "prediction": "False"
      },
      "feature": 8,
      "name": "RM_3",
      "reference": 1.0,
      "relation": "==",
      "true": {
        "complexity": 0.009999999776482582,
        "loss": 0.02469135820865631,
        "name": "Y",
        "prediction": "True"
      },
      "type": "rational"
    },
    "feature": 4,
    "name": "NOX_2",
    "reference": 1.0,
    "relation": "==",
    "true": {
      "complexity": 0.009999999776482582,
      "loss": 0.012345679104328156,
      "name": "Y",
      "prediction": "False"
    },
    "type": "rational"
  },
  "feature": 14,
  "model_objective": 0.0770370364189148,
  "name": "LSTAT_3",
  "reference": 1.0,
  "relation": "==",
  "true": {
    "complexity": 0.009999999776482582,
    "loss": 0.0,
    "name": "Y",
    "prediction": "False"
  },
  "type": "rational"
}
{
  "false": {
    "complexity": 0.009999999776482582,
    "loss": 0.0,
    "name": "Y",
    "prediction": "False"
  },
  "feature": 8,
  "model_objective": 0.0770370364189148,
  "name": "RM_3",
  "reference": 1.0,
  "relation": "==",
  "true": {
    "false": {
      "false": {
        "complexity": 0.009999999776482582,
        "loss": 0.02469135820865631,
        "name": "Y",
        "prediction": "True"
      },
      "feature": 14,
      "name": "LSTAT_3",
      "reference": 1.0,
      "relation": "==",
      "true": {
        "complexity": 0.009999999776482582,
        "loss": 0.0,
        "name": "Y",
        "prediction": "False"
      },
      "type": "rational"
    },
    "feature": 4,
    "name": "NOX_2",
    "reference": 1.0,
    "relation": "==",
    "true": {
      "complexity": 0.009999999776482582,
      "loss": 0.012345679104328156,
      "name": "Y",
      "prediction": "False"
    },
    "type": "rational"
  },
  "type": "rational"
}
{
  "false": {
    "complexity": 0.009999999776482582,
    "loss": 0.0,
    "name": "Y",
    "prediction": "False"
  },
  "feature": 8,
  "model_objective": 0.0770370364189148,
  "name": "RM_3",
  "reference": 1.0,
  "relation": "==",
  "true": {
    "false": {
      "false": {
        "complexity": 0.009999999776482582,
        "loss": 0.02469135820865631,
        "name": "Y",
        "prediction": "True"
      },
      "feature": 4,
      "name": "NOX_2",
      "reference": 1.0,
      "relation": "==",
      "true": {
        "complexity": 0.009999999776482582,
        "loss": 0.012345679104328156,
        "name": "Y",
        "prediction": "False"
      },
      "type": "rational"
    },
    "feature": 14,
    "name": "LSTAT_3",
    "reference": 1.0,
    "relation": "==",
    "true": {
      "complexity": 0.009999999776482582,
      "loss": 0.0,
      "name": "Y",
      "prediction": "False"
    },
    "type": "rational"
  },
  "type": "rational"
}
{
  "false": {
    "false": {
      "complexity": 0.009999999776482582,
      "loss": 0.0,
      "name": "Y",
      "prediction": "False"
    },
    "feature": 8,
    "name": "RM_3",
    "reference": 1.0,
    "relation": "==",
    "true": {
      "false": {
        "complexity": 0.009999999776482582,
        "loss": 0.02469135820865631,
        "name": "Y",
        "prediction": "True"
      },
      "feature": 14,
      "name": "LSTAT_3",
      "reference": 1.0,
      "relation": "==",
      "true": {
        "complexity": 0.009999999776482582,
        "loss": 0.0,
        "name": "Y",
        "prediction": "False"
      },
      "type": "rational"
    },
    "type": "rational"
  },
  "feature": 4,
  "model_objective": 0.0770370364189148,
  "name": "NOX_2",
  "reference": 1.0,
  "relation": "==",
  "true": {
    "complexity": 0.009999999776482582,
    "loss": 0.012345679104328156,
    "name": "Y",
    "prediction": "False"
  },
  "type": "rational"
}
{
  "false": {
    "false": {
      "complexity": 0.009999999776482582,
      "loss": 0.0,
      "name": "Y",
      "prediction": "False"
    },
    "feature": 8,
    "name": "RM_3",
    "reference": 1.0,
    "relation": "==",
    "true": {
      "false": {
        "complexity": 0.009999999776482582,
        "loss": 0.02469135820865631,
        "name": "Y",
        "prediction": "True"
      },
      "feature": 4,
      "name": "NOX_2",
      "reference": 1.0,
      "relation": "==",
      "true": {
        "complexity": 0.009999999776482582,
        "loss": 0.012345679104328156,
        "name": "Y",
        "prediction": "False"
      },
      "type": "rational"
    },
    "type": "rational"
  },
  "feature": 14,
  "model_objective": 0.0770370364189148,
  "name": "LSTAT_3",
  "reference": 1.0,
  "relation": "==",
  "true": {
    "complexity": 0.009999999776482582,
    "loss": 0.0,
    "name": "Y",
    "prediction": "False"
  },
  "type": "rational"
}
{
  "false": {
    "false": {
      "false": {
        "complexity": 0.009999999776482582,
        "loss": 0.0,
        "name": "Y",
        "prediction": "False"
      },
      "feature": 8,
      "name": "RM_3",
      "reference": 1.0,
      "relation": "==",
      "true": {
        "complexity": 0.009999999776482582,
        "loss": 0.02469135820865631,
        "name": "Y",
        "prediction": "True"
      },
      "type": "rational"
    },
    "feature": 14,
    "name": "LSTAT_3",
    "reference": 1.0,
    "relation": "==",
    "true": {
      "complexity": 0.009999999776482582,
      "loss": 0.0,
      "name": "Y",
      "prediction": "False"
    },
    "type": "rational"
  },
  "feature": 4,
  "model_objective": 0.0770370364189148,
  "name": "NOX_2",
  "reference": 1.0,
  "relation": "==",
  "true": {
    "complexity": 0.009999999776482582,
    "loss": 0.012345679104328156,
    "name": "Y",
    "prediction": "False"
  },
  "type": "rational"
}
null
Finding Optimal Objective...
{
  "false": {
    "false": {
      "false": {
        "complexity": 0.009999999776482582,
        "loss": 0.0,
        "name": "Y",
        "prediction": "False"
      },
      "feature": 8,
      "name": "RM_3",
      "reference": 1.0,
      "relation": "==",
      "true": {
        "complexity": 0.009999999776482582,
        "loss": 0.024390242993831635,
        "name": "Y",
        "prediction": "True"
      },
      "type": "rational"
    },
    "feature": 4,
    "name": "NOX_2",
    "reference": 1.0,
    "relation": "==",
    "true": {
      "complexity": 0.009999999776482582,
      "loss": 0.012195121496915817,
      "name": "Y",
      "prediction": "False"
    },
    "type": "rational"
  },
  "feature": 14,
  "model_objective": 0.07658536732196808,
  "name": "LSTAT_3",
  "reference": 1.0,
  "relation": "==",
  "true": {
    "complexity": 0.009999999776482582,
    "loss": 0.0,
    "name": "Y",
    "prediction": "False"
  },
  "type": "rational"
}
{
  "false": {
    "false": {
      "complexity": 0.009999999776482582,
      "loss": 0.0,
      "name": "Y",
      "prediction": "False"
    },
    "feature": 8,
    "name": "RM_3",
    "reference": 1.0,
    "relation": "==",
    "true": {
      "false": {
        "complexity": 0.009999999776482582,
        "loss": 0.024390242993831635,
        "name": "Y",
        "prediction": "True"
      },
      "feature": 4,
      "name": "NOX_2",
      "reference": 1.0,
      "relation": "==",
      "true": {
        "complexity": 0.009999999776482582,
        "loss": 0.012195121496915817,
        "name": "Y",
        "prediction": "False"
      },
      "type": "rational"
    },
    "type": "rational"
  },
  "feature": 14,
  "model_objective": 0.07658536732196808,
  "name": "LSTAT_3",
  "reference": 1.0,
  "relation": "==",
  "true": {
    "complexity": 0.009999999776482582,
    "loss": 0.0,
    "name": "Y",
    "prediction": "False"
  },
  "type": "rational"
}
{
  "false": {
    "complexity": 0.009999999776482582,
    "loss": 0.0,
    "name": "Y",
    "prediction": "False"
  },
  "feature": 8,
  "model_objective": 0.07658536732196808,
  "name": "RM_3",
  "reference": 1.0,
  "relation": "==",
  "true": {
    "false": {
      "false": {
        "complexity": 0.009999999776482582,
        "loss": 0.024390242993831635,
        "name": "Y",
        "prediction": "True"
      },
      "feature": 14,
      "name": "LSTAT_3",
      "reference": 1.0,
      "relation": "==",
      "true": {
        "complexity": 0.009999999776482582,
        "loss": 0.0,
        "name": "Y",
        "prediction": "False"
      },
      "type": "rational"
    },
    "feature": 4,
    "name": "NOX_2",
    "reference": 1.0,
    "relation": "==",
    "true": {
      "complexity": 0.009999999776482582,
      "loss": 0.012195121496915817,
      "name": "Y",
      "prediction": "False"
    },
    "type": "rational"
  },
  "type": "rational"
}
{
  "false": {
    "complexity": 0.009999999776482582,
    "loss": 0.0,
    "name": "Y",
    "prediction": "False"
  },
  "feature": 8,
  "model_objective": 0.07658536732196808,
  "name": "RM_3",
  "reference": 1.0,
  "relation": "==",
  "true": {
    "false": {
      "false": {
        "complexity": 0.009999999776482582,
        "loss": 0.024390242993831635,
        "name": "Y",
        "prediction": "True"
      },
      "feature": 4,
      "name": "NOX_2",
      "reference": 1.0,
      "relation": "==",
      "true": {
        "complexity": 0.009999999776482582,
        "loss": 0.012195121496915817,
        "name": "Y",
        "prediction": "False"
      },
      "type": "rational"
    },
    "feature": 14,
    "name": "LSTAT_3",
    "reference": 1.0,
    "relation": "==",
    "true": {
      "complexity": 0.009999999776482582,
      "loss": 0.0,
      "name": "Y",
      "prediction": "False"
    },
    "type": "rational"
  },
  "type": "rational"
}
{
  "false": {
    "false": {
      "complexity": 0.009999999776482582,
      "loss": 0.0,
      "name": "Y",
      "prediction": "False"
    },
    "feature": 8,
    "name": "RM_3",
    "reference": 1.0,
    "relation": "==",
    "true": {
      "false": {
        "complexity": 0.009999999776482582,
        "loss": 0.024390242993831635,
        "name": "Y",
        "prediction": "True"
      },
      "feature": 14,
      "name": "LSTAT_3",
      "reference": 1.0,
      "relation": "==",
      "true": {
        "complexity": 0.009999999776482582,
        "loss": 0.0,
        "name": "Y",
        "prediction": "False"
      },
      "type": "rational"
    },
    "type": "rational"
  },
  "feature": 4,
  "model_objective": 0.07658536732196808,
  "name": "NOX_2",
  "reference": 1.0,
  "relation": "==",
  "true": {
    "complexity": 0.009999999776482582,
    "loss": 0.012195121496915817,
    "name": "Y",
    "prediction": "False"
  },
  "type": "rational"
}
{
  "false": {
    "false": {
      "false": {
        "complexity": 0.009999999776482582,
        "loss": 0.0,
        "name": "Y",
        "prediction": "False"
      },
      "feature": 8,
      "name": "RM_3",
      "reference": 1.0,
      "relation": "==",
      "true": {
        "complexity": 0.009999999776482582,
        "loss": 0.024390242993831635,
        "name": "Y",
        "prediction": "True"
      },
      "type": "rational"
    },
    "feature": 14,
    "name": "LSTAT_3",
    "reference": 1.0,
    "relation": "==",
    "true": {
      "complexity": 0.009999999776482582,
      "loss": 0.0,
      "name": "Y",
      "prediction": "False"
    },
    "type": "rational"
  },
  "feature": 4,
  "model_objective": 0.07658536732196808,
  "name": "NOX_2",
  "reference": 1.0,
  "relation": "==",
  "true": {
    "complexity": 0.009999999776482582,
    "loss": 0.012195121496915817,
    "name": "Y",
    "prediction": "False"
  },
  "type": "rational"
}
null
Finding Optimal Objective...
{
  "false": {
    "false": {
      "complexity": 0.009999999776482582,
      "loss": 0.0,
      "name": "Y",
      "prediction": "False"
    },
    "feature": 8,
    "name": "RM_3",
    "reference": 1.0,
    "relation": "==",
    "true": {
      "false": {
        "complexity": 0.009999999776482582,
        "loss": 0.024096384644508362,
        "name": "Y",
        "prediction": "True"
      },
      "feature": 4,
      "name": "NOX_2",
      "reference": 1.0,
      "relation": "==",
      "true": {
        "complexity": 0.009999999776482582,
        "loss": 0.012048192322254181,
        "name": "Y",
        "prediction": "False"
      },
      "type": "rational"
    },
    "type": "rational"
  },
  "feature": 14,
  "model_objective": 0.07614457607269287,
  "name": "LSTAT_3",
  "reference": 1.0,
  "relation": "==",
  "true": {
    "complexity": 0.009999999776482582,
    "loss": 0.0,
    "name": "Y",
    "prediction": "False"
  },
  "type": "rational"
}
{
  "false": {
    "complexity": 0.009999999776482582,
    "loss": 0.0,
    "name": "Y",
    "prediction": "False"
  },
  "feature": 8,
  "model_objective": 0.07614457607269287,
  "name": "RM_3",
  "reference": 1.0,
  "relation": "==",
  "true": {
    "false": {
      "false": {
        "complexity": 0.009999999776482582,
        "loss": 0.024096384644508362,
        "name": "Y",
        "prediction": "True"
      },
      "feature": 14,
      "name": "LSTAT_3",
      "reference": 1.0,
      "relation": "==",
      "true": {
        "complexity": 0.009999999776482582,
        "loss": 0.0,
        "name": "Y",
        "prediction": "False"
      },
      "type": "rational"
    },
    "feature": 4,
    "name": "NOX_2",
    "reference": 1.0,
    "relation": "==",
    "true": {
      "complexity": 0.009999999776482582,
      "loss": 0.012048192322254181,
      "name": "Y",
      "prediction": "False"
    },
    "type": "rational"
  },
  "type": "rational"
}
{
  "false": {
    "complexity": 0.009999999776482582,
    "loss": 0.0,
    "name": "Y",
    "prediction": "False"
  },
  "feature": 8,
  "model_objective": 0.07614457607269287,
  "name": "RM_3",
  "reference": 1.0,
  "relation": "==",
  "true": {
    "false": {
      "false": {
        "complexity": 0.009999999776482582,
        "loss": 0.024096384644508362,
        "name": "Y",
        "prediction": "True"
      },
      "feature": 4,
      "name": "NOX_2",
      "reference": 1.0,
      "relation": "==",
      "true": {
        "complexity": 0.009999999776482582,
        "loss": 0.012048192322254181,
        "name": "Y",
        "prediction": "False"
      },
      "type": "rational"
    },
    "feature": 14,
    "name": "LSTAT_3",
    "reference": 1.0,
    "relation": "==",
    "true": {
      "complexity": 0.009999999776482582,
      "loss": 0.0,
      "name": "Y",
      "prediction": "False"
    },
    "type": "rational"
  },
  "type": "rational"
}
{
  "false": {
    "false": {
      "false": {
        "complexity": 0.009999999776482582,
        "loss": 0.0,
        "name": "Y",
        "prediction": "False"
      },
      "feature": 8,
      "name": "RM_3",
      "reference": 1.0,
      "relation": "==",
      "true": {
        "complexity": 0.009999999776482582,
        "loss": 0.024096384644508362,
        "name": "Y",
        "prediction": "True"
      },
      "type": "rational"
    },
    "feature": 4,
    "name": "NOX_2",
    "reference": 1.0,
    "relation": "==",
    "true": {
      "complexity": 0.009999999776482582,
      "loss": 0.012048192322254181,
      "name": "Y",
      "prediction": "False"
    },
    "type": "rational"
  },
  "feature": 14,
  "model_objective": 0.07614457607269287,
  "name": "LSTAT_3",
  "reference": 1.0,
  "relation": "==",
  "true": {
    "complexity": 0.009999999776482582,
    "loss": 0.0,
    "name": "Y",
    "prediction": "False"
  },
  "type": "rational"
}
{
  "false": {
    "false": {
      "complexity": 0.009999999776482582,
      "loss": 0.0,
      "name": "Y",
      "prediction": "False"
    },
    "feature": 8,
    "name": "RM_3",
    "reference": 1.0,
    "relation": "==",
    "true": {
      "false": {
        "complexity": 0.009999999776482582,
        "loss": 0.024096384644508362,
        "name": "Y",
        "prediction": "True"
      },
      "feature": 14,
      "name": "LSTAT_3",
      "reference": 1.0,
      "relation": "==",
      "true": {
        "complexity": 0.009999999776482582,
        "loss": 0.0,
        "name": "Y",
        "prediction": "False"
      },
      "type": "rational"
    },
    "type": "rational"
  },
  "feature": 4,
  "model_objective": 0.07614457607269287,
  "name": "NOX_2",
  "reference": 1.0,
  "relation": "==",
  "true": {
    "complexity": 0.009999999776482582,
    "loss": 0.012048192322254181,
    "name": "Y",
    "prediction": "False"
  },
  "type": "rational"
}
{
  "false": {
    "false": {
      "false": {
        "complexity": 0.009999999776482582,
        "loss": 0.0,
        "name": "Y",
        "prediction": "False"
      },
      "feature": 8,
      "name": "RM_3",
      "reference": 1.0,
      "relation": "==",
      "true": {
        "complexity": 0.009999999776482582,
        "loss": 0.024096384644508362,
        "name": "Y",
        "prediction": "True"
      },
      "type": "rational"
    },
    "feature": 14,
    "name": "LSTAT_3",
    "reference": 1.0,
    "relation": "==",
    "true": {
      "complexity": 0.009999999776482582,
      "loss": 0.0,
      "name": "Y",
      "prediction": "False"
    },
    "type": "rational"
  },
  "feature": 4,
  "model_objective": 0.07614457607269287,
  "name": "NOX_2",
  "reference": 1.0,
  "relation": "==",
  "true": {
    "complexity": 0.009999999776482582,
    "loss": 0.012048192322254181,
    "name": "Y",
    "prediction": "False"
  },
  "type": "rational"
}
null
Finding Optimal Objective...
{
  "false": {
    "complexity": 0.009999999776482582,
    "loss": 0.0,
    "name": "Y",
    "prediction": "False"
  },
  "feature": 8,
  "model_objective": 0.07380951941013336,
  "name": "RM_3",
  "reference": 1.0,
  "relation": "==",
  "true": {
    "false": {
      "false": {
        "complexity": 0.009999999776482582,
        "loss": 0.0,
        "name": "Y",
        "prediction": "False"
      },
      "feature": 9,
      "name": "PTRATIO_1",
      "reference": 1.0,
      "relation": "==",
      "true": {
        "false": {
          "complexity": 0.009999999776482582,
          "loss": 0.0,
          "name": "Y",
          "prediction": "True"
        },
        "feature": 0,
        "name": "CRIM_1",
        "reference": 1.0,
        "relation": "==",
        "true": {
          "complexity": 0.009999999776482582,
          "loss": 0.0,
          "name": "Y",
          "prediction": "False"
        },
        "type": "rational"
      },
      "type": "rational"
    },
    "feature": 3,
    "name": "NOX_1",
    "reference": 1.0,
    "relation": "==",
    "true": {
      "complexity": 0.009999999776482582,
      "loss": 0.02380952425301075,
      "name": "Y",
      "prediction": "True"
    },
    "type": "rational"
  },
  "type": "rational"
}
{
  "false": {
    "complexity": 0.009999999776482582,
    "loss": 0.0,
    "name": "Y",
    "prediction": "False"
  },
  "feature": 8,
  "model_objective": 0.07380951941013336,
  "name": "RM_3",
  "reference": 1.0,
  "relation": "==",
  "true": {
    "false": {
      "false": {
        "false": {
          "complexity": 0.009999999776482582,
          "loss": 0.0,
          "name": "Y",
          "prediction": "False"
        },
        "feature": 9,
        "name": "PTRATIO_1",
        "reference": 1.0,
        "relation": "==",
        "true": {
          "complexity": 0.009999999776482582,
          "loss": 0.0,
          "name": "Y",
          "prediction": "True"
        },
        "type": "rational"
      },
      "feature": 0,
      "name": "CRIM_1",
      "reference": 1.0,
      "relation": "==",
      "true": {
        "complexity": 0.009999999776482582,
        "loss": 0.0,
        "name": "Y",
        "prediction": "False"
      },
      "type": "rational"
    },
    "feature": 3,
    "name": "NOX_1",
    "reference": 1.0,
    "relation": "==",
    "true": {
      "complexity": 0.009999999776482582,
      "loss": 0.02380952425301075,
      "name": "Y",
      "prediction": "True"
    },
    "type": "rational"
  },
  "type": "rational"
}
Iteration: 0
treefarms reported successful execution
training completed. Number of trees in the Rashomon set: 117
Iteration: 1
treefarms reported successful execution
training completed. Number of trees in the Rashomon set: 89
Iteration: 2
treefarms reported successful execution
training completed. Number of trees in the Rashomon set: 10
Iteration: 3
treefarms reported successful execution
training completed. Number of trees in the Rashomon set: 10
Iteration: 4
treefarms reported successful execution
training completed. Number of trees in the Rashomon set: 0
