   DataType  ...                                       JobName
0         B  ...       ExtractResults_DataB_MTLinearRegression
1         B  ...        ExtractResults_DataB_MTRidgeRegression
2         B  ...  ExtractResults_DataB_MTRandomForestRegressor
3         o  ...       ExtractResults_Datao_MTLinearRegression
4         o  ...        ExtractResults_Datao_MTRidgeRegression
5         o  ...  ExtractResults_Datao_MTRandomForestRegressor
6         s  ...       ExtractResults_Datas_MTLinearRegression
7         s  ...        ExtractResults_Datas_MTRidgeRegression
8         s  ...  ExtractResults_Datas_MTRandomForestRegressor
9         t  ...       ExtractResults_Datat_MTLinearRegression
10        t  ...        ExtractResults_Datat_MTRidgeRegression
11        t  ...  ExtractResults_Datat_MTRandomForestRegressor
12        o  ...       ExtractResults_Datao_MTLinearRegression
13        o  ...        ExtractResults_Datao_MTRidgeRegression
14        o  ...  ExtractResults_Datao_MTRandomForestRegressor
15        n  ...       ExtractResults_Datan_MTLinearRegression
16        n  ...        ExtractResults_Datan_MTRidgeRegression
17        n  ...  ExtractResults_Datan_MTRandomForestRegressor
18        H  ...       ExtractResults_DataH_MTLinearRegression
19        H  ...        ExtractResults_DataH_MTRidgeRegression
20        H  ...  ExtractResults_DataH_MTRandomForestRegressor
21        o  ...       ExtractResults_Datao_MTLinearRegression
22        o  ...        ExtractResults_Datao_MTRidgeRegression
23        o  ...  ExtractResults_Datao_MTRandomForestRegressor
24        u  ...       ExtractResults_Datau_MTLinearRegression
25        u  ...        ExtractResults_Datau_MTRidgeRegression
26        u  ...  ExtractResults_Datau_MTRandomForestRegressor
27        s  ...       ExtractResults_Datas_MTLinearRegression
28        s  ...        ExtractResults_Datas_MTRidgeRegression
29        s  ...  ExtractResults_Datas_MTRandomForestRegressor
30        i  ...       ExtractResults_Datai_MTLinearRegression
31        i  ...        ExtractResults_Datai_MTRidgeRegression
32        i  ...  ExtractResults_Datai_MTRandomForestRegressor
33        n  ...       ExtractResults_Datan_MTLinearRegression
34        n  ...        ExtractResults_Datan_MTRidgeRegression
35        n  ...  ExtractResults_Datan_MTRandomForestRegressor
36        g  ...       ExtractResults_Datag_MTLinearRegression
37        g  ...        ExtractResults_Datag_MTRidgeRegression
38        g  ...  ExtractResults_Datag_MTRandomForestRegressor

[39 rows x 4 columns]
Extract Sbatch files for extraction generated successfully.
