── Attaching core tidyverse packages ──────────────────────── tidyverse 2.0.0 ──
✔ dplyr     1.1.0     ✔ readr     2.1.4
✔ forcats   1.0.0     ✔ stringr   1.5.0
✔ ggplot2   3.4.1     ✔ tibble    3.2.1
✔ lubridate 1.9.2     ✔ tidyr     1.3.0
✔ purrr     1.0.1     
── Conflicts ────────────────────────────────────────── tidyverse_conflicts() ──
✖ dplyr::filter() masks stats::filter()
✖ dplyr::lag()    masks stats::lag()
✖ dplyr::select() masks MASS::select()
ℹ Use the conflicted package (<http://conflicted.r-lib.org/>) to force all conflicts to become errors
Loading required package: Matrix

Attaching package: ‘Matrix’

The following objects are masked from ‘package:tidyr’:

    expand, pack, unpack

Loaded glmnet 4.1-6

Attaching package: ‘data.table’

The following objects are masked from ‘package:lubridate’:

    hour, isoweek, mday, minute, month, quarter, second, wday, week,
    yday, year

The following objects are masked from ‘package:dplyr’:

    between, first, last

The following object is masked from ‘package:purrr’:

    transpose

Warning messages:
1: replacing previous import ‘data.table::last’ by ‘dplyr::last’ when loading ‘rashomontva’ 
2: replacing previous import ‘data.table::first’ by ‘dplyr::first’ when loading ‘rashomontva’ 
3: replacing previous import ‘data.table::between’ by ‘dplyr::between’ when loading ‘rashomontva’ 
/var/spool/slurmd/job1327100/slurm_script: line 33: 2854221 Killed                  Rscript Code/functions/Main/RunSimulation.R --job_name Sim_20_RashomonLinear_BreakingTies_300_4_2_0_3_0.2_1_10_0.1_2_25_YStar --seed 20 --ModelType RashomonLinear --SelectorType BreakingTies --N 300 --K 4 --NClass 2 --CovCorrVal 0 --NBins 3 --TestProportion 0.2 --SelectorN 1 --InitialN 10 --reg 0.1 --theta 2 --RashomonModelNumLimit 25 --LabelName YStar --output Results/20_RashomonLinear_BreakingTies_300_4_2_0_3_0.2_1_10_0.1_2_25_.RData
slurmstepd: error: Detected 1 oom_kill event in StepId=1327100.batch. Some of the step tasks have been OOM Killed.
