null
Finding Optimal Objective...
{
  "false": {
    "false": {
      "false": {
        "false": {
          "complexity": 0.009999999776482582,
          "loss": 0.0,
          "name": "Y",
          "prediction": 0
        },
        "feature": 13,
        "name": "a6_high",
        "reference": 1,
        "relation": "==",
        "true": {
          "complexity": 0.009999999776482582,
          "loss": 0.0,
          "name": "Y",
          "prediction": 1
        },
        "type": "integral"
      },
      "feature": 11,
      "name": "a5_big",
      "reference": 1,
      "relation": "==",
      "true": {
        "false": {
          "complexity": 0.009999999776482582,
          "loss": 0.0,
          "name": "Y",
          "prediction": 0
        },
        "feature": 2,
        "name": "a1_med",
        "reference": 1,
        "relation": "==",
        "true": {
          "complexity": 0.009999999776482582,
          "loss": 0.0,
          "name": "Y",
          "prediction": 1
        },
        "type": "integral"
      },
      "type": "integral"
    },
    "feature": 0,
    "name": "a1_high",
    "reference": 1,
    "relation": "==",
    "true": {
      "false": {
        "complexity": 0.009999999776482582,
        "loss": 0.0,
        "name": "Y",
        "prediction": 0
      },
      "feature": 4,
      "name": "a2_low",
      "reference": 1,
      "relation": "==",
      "true": {
        "complexity": 0.009999999776482582,
        "loss": 0.0,
        "name": "Y",
        "prediction": 1
      },
      "type": "integral"
    },
    "type": "integral"
  },
  "feature": 14,
  "model_objective": 0.07000000029802322,
  "name": "a6_low",
  "reference": 1,
  "relation": "==",
  "true": {
    "complexity": 0.009999999776482582,
    "loss": 0.0,
    "name": "Y",
    "prediction": 0
  },
  "type": "integral"
}
{
  "false": {
    "false": {
      "false": {
        "false": {
          "false": {
            "complexity": 0.009999999776482582,
            "loss": 0.0,
            "name": "Y",
            "prediction": 0
          },
          "feature": 4,
          "name": "a2_low",
          "reference": 1,
          "relation": "==",
          "true": {
            "complexity": 0.009999999776482582,
            "loss": 0.0,
            "name": "Y",
            "prediction": 1
          },
          "type": "integral"
        },
        "feature": 1,
        "name": "a1_low",
        "reference": 1,
        "relation": "==",
        "true": {
          "false": {
            "complexity": 0.009999999776482582,
            "loss": 0.0,
            "name": "Y",
            "prediction": 0
          },
          "feature": 13,
          "name": "a6_high",
          "reference": 1,
          "relation": "==",
          "true": {
            "complexity": 0.009999999776482582,
            "loss": 0.0,
            "name": "Y",
            "prediction": 1
          },
          "type": "integral"
        },
        "type": "integral"
      },
      "feature": 2,
      "name": "a1_med",
      "reference": 1,
      "relation": "==",
      "true": {
        "complexity": 0.009999999776482582,
        "loss": 0.0,
        "name": "Y",
        "prediction": 1
      },
      "type": "integral"
    },
    "feature": 9,
    "name": "a4_2",
    "reference": 1,
    "relation": "==",
    "true": {
      "complexity": 0.009999999776482582,
      "loss": 0.0,
      "name": "Y",
      "prediction": 0
    },
    "type": "integral"
  },
  "feature": 14,
  "model_objective": 0.06999999284744263,
  "name": "a6_low",
  "reference": 1,
  "relation": "==",
  "true": {
    "complexity": 0.009999999776482582,
    "loss": 0.0,
    "name": "Y",
    "prediction": 0
  },
  "type": "integral"
}
{
  "false": {
    "false": {
      "false": {
        "false": {
          "complexity": 0.009999999776482582,
          "loss": 0.0,
          "name": "Y",
          "prediction": 0
        },
        "feature": 13,
        "name": "a6_high",
        "reference": 1,
        "relation": "==",
        "true": {
          "false": {
            "complexity": 0.009999999776482582,
            "loss": 0.0,
            "name": "Y",
            "prediction": 1
          },
          "feature": 0,
          "name": "a1_high",
          "reference": 1,
          "relation": "==",
          "true": {
            "complexity": 0.009999999776482582,
            "loss": 0.0,
            "name": "Y",
            "prediction": 0
          },
          "type": "integral"
        },
        "type": "integral"
      },
      "feature": 11,
      "name": "a5_big",
      "reference": 1,
      "relation": "==",
      "true": {
        "false": {
          "complexity": 0.009999999776482582,
          "loss": 0.0,
          "name": "Y",
          "prediction": 0
        },
        "feature": 2,
        "name": "a1_med",
        "reference": 1,
        "relation": "==",
        "true": {
          "complexity": 0.009999999776482582,
          "loss": 0.0,
          "name": "Y",
          "prediction": 1
        },
        "type": "integral"
      },
      "type": "integral"
    },
    "feature": 4,
    "name": "a2_low",
    "reference": 1,
    "relation": "==",
    "true": {
      "complexity": 0.009999999776482582,
      "loss": 0.0,
      "name": "Y",
      "prediction": 1
    },
    "type": "integral"
  },
  "feature": 14,
  "model_objective": 0.06999999284744263,
  "name": "a6_low",
  "reference": 1,
  "relation": "==",
  "true": {
    "complexity": 0.009999999776482582,
    "loss": 0.0,
    "name": "Y",
    "prediction": 0
  },
  "type": "integral"
}
{
  "false": {
    "false": {
      "false": {
        "false": {
          "false": {
            "complexity": 0.009999999776482582,
            "loss": 0.0,
            "name": "Y",
            "prediction": 0
          },
          "feature": 13,
          "name": "a6_high",
          "reference": 1,
          "relation": "==",
          "true": {
            "complexity": 0.009999999776482582,
            "loss": 0.0,
            "name": "Y",
            "prediction": 1
          },
          "type": "integral"
        },
        "feature": 11,
        "name": "a5_big",
        "reference": 1,
        "relation": "==",
        "true": {
          "false": {
            "complexity": 0.009999999776482582,
            "loss": 0.0,
            "name": "Y",
            "prediction": 0
          },
          "feature": 2,
          "name": "a1_med",
          "reference": 1,
          "relation": "==",
          "true": {
            "complexity": 0.009999999776482582,
            "loss": 0.0,
            "name": "Y",
            "prediction": 1
          },
          "type": "integral"
        },
        "type": "integral"
      },
      "feature": 0,
      "name": "a1_high",
      "reference": 1,
      "relation": "==",
      "true": {
        "complexity": 0.009999999776482582,
        "loss": 0.0,
        "name": "Y",
        "prediction": 0
      },
      "type": "integral"
    },
    "feature": 4,
    "name": "a2_low",
    "reference": 1,
    "relation": "==",
    "true": {
      "complexity": 0.009999999776482582,
      "loss": 0.0,
      "name": "Y",
      "prediction": 1
    },
    "type": "integral"
  },
  "feature": 14,
  "model_objective": 0.06999999284744263,
  "name": "a6_low",
  "reference": 1,
  "relation": "==",
  "true": {
    "complexity": 0.009999999776482582,
    "loss": 0.0,
    "name": "Y",
    "prediction": 0
  },
  "type": "integral"
}
{
  "false": {
    "false": {
      "false": {
        "false": {
          "false": {
            "complexity": 0.009999999776482582,
            "loss": 0.0,
            "name": "Y",
            "prediction": 0
          },
          "feature": 13,
          "name": "a6_high",
          "reference": 1,
          "relation": "==",
          "true": {
            "complexity": 0.009999999776482582,
            "loss": 0.0,
            "name": "Y",
            "prediction": 1
          },
          "type": "integral"
        },
        "feature": 0,
        "name": "a1_high",
        "reference": 1,
        "relation": "==",
        "true": {
          "complexity": 0.009999999776482582,
          "loss": 0.0,
          "name": "Y",
          "prediction": 0
        },
        "type": "integral"
      },
      "feature": 11,
      "name": "a5_big",
      "reference": 1,
      "relation": "==",
      "true": {
        "false": {
          "complexity": 0.009999999776482582,
          "loss": 0.0,
          "name": "Y",
          "prediction": 0
        },
        "feature": 2,
        "name": "a1_med",
        "reference": 1,
        "relation": "==",
        "true": {
          "complexity": 0.009999999776482582,
          "loss": 0.0,
          "name": "Y",
          "prediction": 1
        },
        "type": "integral"
      },
      "type": "integral"
    },
    "feature": 4,
    "name": "a2_low",
    "reference": 1,
    "relation": "==",
    "true": {
      "complexity": 0.009999999776482582,
      "loss": 0.0,
      "name": "Y",
      "prediction": 1
    },
    "type": "integral"
  },
  "feature": 14,
  "model_objective": 0.06999999284744263,
  "name": "a6_low",
  "reference": 1,
  "relation": "==",
  "true": {
    "complexity": 0.009999999776482582,
    "loss": 0.0,
    "name": "Y",
    "prediction": 0
  },
  "type": "integral"
}
{
  "false": {
    "false": {
      "false": {
        "false": {
          "false": {
            "complexity": 0.009999999776482582,
            "loss": 0.0,
            "name": "Y",
            "prediction": 0
          },
          "feature": 2,
          "name": "a1_med",
          "reference": 1,
          "relation": "==",
          "true": {
            "complexity": 0.009999999776482582,
            "loss": 0.0,
            "name": "Y",
            "prediction": 1
          },
          "type": "integral"
        },
        "feature": 4,
        "name": "a2_low",
        "reference": 1,
        "relation": "==",
        "true": {
          "complexity": 0.009999999776482582,
          "loss": 0.0,
          "name": "Y",
          "prediction": 1
        },
        "type": "integral"
      },
      "feature": 1,
      "name": "a1_low",
      "reference": 1,
      "relation": "==",
      "true": {
        "false": {
          "complexity": 0.009999999776482582,
          "loss": 0.0,
          "name": "Y",
          "prediction": 0
        },
        "feature": 13,
        "name": "a6_high",
        "reference": 1,
        "relation": "==",
        "true": {
          "complexity": 0.009999999776482582,
          "loss": 0.0,
          "name": "Y",
          "prediction": 1
        },
        "type": "integral"
      },
      "type": "integral"
    },
    "feature": 9,
    "name": "a4_2",
    "reference": 1,
    "relation": "==",
    "true": {
      "complexity": 0.009999999776482582,
      "loss": 0.0,
      "name": "Y",
      "prediction": 0
    },
    "type": "integral"
  },
  "feature": 14,
  "model_objective": 0.06999999284744263,
  "name": "a6_low",
  "reference": 1,
  "relation": "==",
  "true": {
    "complexity": 0.009999999776482582,
    "loss": 0.0,
    "name": "Y",
    "prediction": 0
  },
  "type": "integral"
}
{
  "false": {
    "false": {
      "false": {
        "false": {
          "false": {
            "complexity": 0.009999999776482582,
            "loss": 0.0,
            "name": "Y",
            "prediction": 0
          },
          "feature": 2,
          "name": "a1_med",
          "reference": 1,
          "relation": "==",
          "true": {
            "complexity": 0.009999999776482582,
            "loss": 0.0,
            "name": "Y",
            "prediction": 1
          },
          "type": "integral"
        },
        "feature": 1,
        "name": "a1_low",
        "reference": 1,
        "relation": "==",
        "true": {
          "false": {
            "complexity": 0.009999999776482582,
            "loss": 0.0,
            "name": "Y",
            "prediction": 0
          },
          "feature": 13,
          "name": "a6_high",
          "reference": 1,
          "relation": "==",
          "true": {
            "complexity": 0.009999999776482582,
            "loss": 0.0,
            "name": "Y",
            "prediction": 1
          },
          "type": "integral"
        },
        "type": "integral"
      },
      "feature": 9,
      "name": "a4_2",
      "reference": 1,
      "relation": "==",
      "true": {
        "complexity": 0.009999999776482582,
        "loss": 0.0,
        "name": "Y",
        "prediction": 0
      },
      "type": "integral"
    },
    "feature": 4,
    "name": "a2_low",
    "reference": 1,
    "relation": "==",
    "true": {
      "complexity": 0.009999999776482582,
      "loss": 0.0,
      "name": "Y",
      "prediction": 1
    },
    "type": "integral"
  },
  "feature": 14,
  "model_objective": 0.06999999284744263,
  "name": "a6_low",
  "reference": 1,
  "relation": "==",
  "true": {
    "complexity": 0.009999999776482582,
    "loss": 0.0,
    "name": "Y",
    "prediction": 0
  },
  "type": "integral"
}
{
  "false": {
    "false": {
      "false": {
        "false": {
          "false": {
            "complexity": 0.009999999776482582,
            "loss": 0.0,
            "name": "Y",
            "prediction": 0
          },
          "feature": 2,
          "name": "a1_med",
          "reference": 1,
          "relation": "==",
          "true": {
            "complexity": 0.009999999776482582,
            "loss": 0.0,
            "name": "Y",
            "prediction": 1
          },
          "type": "integral"
        },
        "feature": 1,
        "name": "a1_low",
        "reference": 1,
        "relation": "==",
        "true": {
          "false": {
            "complexity": 0.009999999776482582,
            "loss": 0.0,
            "name": "Y",
            "prediction": 0
          },
          "feature": 13,
          "name": "a6_high",
          "reference": 1,
          "relation": "==",
          "true": {
            "complexity": 0.009999999776482582,
            "loss": 0.0,
            "name": "Y",
            "prediction": 1
          },
          "type": "integral"
        },
        "type": "integral"
      },
      "feature": 4,
      "name": "a2_low",
      "reference": 1,
      "relation": "==",
      "true": {
        "complexity": 0.009999999776482582,
        "loss": 0.0,
        "name": "Y",
        "prediction": 1
      },
      "type": "integral"
    },
    "feature": 9,
    "name": "a4_2",
    "reference": 1,
    "relation": "==",
    "true": {
      "complexity": 0.009999999776482582,
      "loss": 0.0,
      "name": "Y",
      "prediction": 0
    },
    "type": "integral"
  },
  "feature": 14,
  "model_objective": 0.06999999284744263,
  "name": "a6_low",
  "reference": 1,
  "relation": "==",
  "true": {
    "complexity": 0.009999999776482582,
    "loss": 0.0,
    "name": "Y",
    "prediction": 0
  },
  "type": "integral"
}
{
  "false": {
    "false": {
      "false": {
        "false": {
          "complexity": 0.009999999776482582,
          "loss": 0.0,
          "name": "Y",
          "prediction": 0
        },
        "feature": 13,
        "name": "a6_high",
        "reference": 1,
        "relation": "==",
        "true": {
          "false": {
            "complexity": 0.009999999776482582,
            "loss": 0.0,
            "name": "Y",
            "prediction": 1
          },
          "feature": 0,
          "name": "a1_high",
          "reference": 1,
          "relation": "==",
          "true": {
            "complexity": 0.009999999776482582,
            "loss": 0.0,
            "name": "Y",
            "prediction": 0
          },
          "type": "integral"
        },
        "type": "integral"
      },
      "feature": 11,
      "name": "a5_big",
      "reference": 1,
      "relation": "==",
      "true": {
        "false": {
          "complexity": 0.009999999776482582,
          "loss": 0.0,
          "name": "Y",
          "prediction": 0
        },
        "feature": 2,
        "name": "a1_med",
        "reference": 1,
        "relation": "==",
        "true": {
          "complexity": 0.009999999776482582,
          "loss": 0.0,
          "name": "Y",
          "prediction": 1
        },
        "type": "integral"
      },
      "type": "integral"
    },
    "feature": 4,
    "name": "a2_low",
    "reference": 1,
    "relation": "==",
    "true": {
      "complexity": 0.009999999776482582,
      "loss": 0.0,
      "name": "Y",
      "prediction": 1
    },
    "type": "integral"
  },
  "feature": 9,
  "model_objective": 0.06999999284744263,
  "name": "a4_2",
  "reference": 1,
  "relation": "==",
  "true": {
    "complexity": 0.009999999776482582,
    "loss": 0.0,
    "name": "Y",
    "prediction": 0
  },
  "type": "integral"
}
{
  "false": {
    "false": {
      "false": {
        "false": {
          "false": {
            "complexity": 0.009999999776482582,
            "loss": 0.0,
            "name": "Y",
            "prediction": 0
          },
          "feature": 13,
          "name": "a6_high",
          "reference": 1,
          "relation": "==",
          "true": {
            "complexity": 0.009999999776482582,
            "loss": 0.0,
            "name": "Y",
            "prediction": 1
          },
          "type": "integral"
        },
        "feature": 0,
        "name": "a1_high",
        "reference": 1,
        "relation": "==",
        "true": {
          "complexity": 0.009999999776482582,
          "loss": 0.0,
          "name": "Y",
          "prediction": 0
        },
        "type": "integral"
      },
      "feature": 7,
      "name": "a3_3",
      "reference": 1,
      "relation": "==",
      "true": {
        "false": {
          "complexity": 0.009999999776482582,
          "loss": 0.0,
          "name": "Y",
          "prediction": 0
        },
        "feature": 2,
        "name": "a1_med",
        "reference": 1,
        "relation": "==",
        "true": {
          "complexity": 0.009999999776482582,
          "loss": 0.0,
          "name": "Y",
          "prediction": 1
        },
        "type": "integral"
      },
      "type": "integral"
    },
    "feature": 4,
    "name": "a2_low",
    "reference": 1,
    "relation": "==",
    "true": {
      "complexity": 0.009999999776482582,
      "loss": 0.0,
      "name": "Y",
      "prediction": 1
    },
    "type": "integral"
  },
  "feature": 9,
  "model_objective": 0.06999999284744263,
  "name": "a4_2",
  "reference": 1,
  "relation": "==",
  "true": {
    "complexity": 0.009999999776482582,
    "loss": 0.0,
    "name": "Y",
    "prediction": 0
  },
  "type": "integral"
}
{
  "false": {
    "false": {
      "false": {
        "false": {
          "false": {
            "complexity": 0.009999999776482582,
            "loss": 0.0,
            "name": "Y",
            "prediction": 0
          },
          "feature": 13,
          "name": "a6_high",
          "reference": 1,
          "relation": "==",
          "true": {
            "complexity": 0.009999999776482582,
            "loss": 0.0,
            "name": "Y",
            "prediction": 1
          },
          "type": "integral"
        },
        "feature": 11,
        "name": "a5_big",
        "reference": 1,
        "relation": "==",
        "true": {
          "false": {
            "complexity": 0.009999999776482582,
            "loss": 0.0,
            "name": "Y",
            "prediction": 0
          },
          "feature": 2,
          "name": "a1_med",
          "reference": 1,
          "relation": "==",
          "true": {
            "complexity": 0.009999999776482582,
            "loss": 0.0,
            "name": "Y",
            "prediction": 1
          },
          "type": "integral"
        },
        "type": "integral"
      },
      "feature": 0,
      "name": "a1_high",
      "reference": 1,
      "relation": "==",
      "true": {
        "complexity": 0.009999999776482582,
        "loss": 0.0,
        "name": "Y",
        "prediction": 0
      },
      "type": "integral"
    },
    "feature": 4,
    "name": "a2_low",
    "reference": 1,
    "relation": "==",
    "true": {
      "complexity": 0.009999999776482582,
      "loss": 0.0,
      "name": "Y",
      "prediction": 1
    },
    "type": "integral"
  },
  "feature": 9,
  "model_objective": 0.06999999284744263,
  "name": "a4_2",
  "reference": 1,
  "relation": "==",
  "true": {
    "complexity": 0.009999999776482582,
    "loss": 0.0,
    "name": "Y",
    "prediction": 0
  },
  "type": "integral"
}
{
  "false": {
    "false": {
      "false": {
        "false": {
          "complexity": 0.009999999776482582,
          "loss": 0.0,
          "name": "Y",
          "prediction": 0
        },
        "feature": 13,
        "name": "a6_high",
        "reference": 1,
        "relation": "==",
        "true": {
          "complexity": 0.009999999776482582,
          "loss": 0.0,
          "name": "Y",
          "prediction": 1
        },
        "type": "integral"
      },
      "feature": 0,
      "name": "a1_high",
      "reference": 1,
      "relation": "==",
      "true": {
        "false": {
          "complexity": 0.009999999776482582,
          "loss": 0.0,
          "name": "Y",
          "prediction": 0
        },
        "feature": 4,
        "name": "a2_low",
        "reference": 1,
        "relation": "==",
        "true": {
          "complexity": 0.009999999776482582,
          "loss": 0.0,
          "name": "Y",
          "prediction": 1
        },
        "type": "integral"
      },
      "type": "integral"
    },
    "feature": 9,
    "name": "a4_2",
    "reference": 1,
    "relation": "==",
    "true": {
      "complexity": 0.009999999776482582,
      "loss": 0.0,
      "name": "Y",
      "prediction": 0
    },
    "type": "integral"
  },
  "feature": 7,
  "model_objective": 0.06999999284744263,
  "name": "a3_3",
  "reference": 1,
  "relation": "==",
  "true": {
    "false": {
      "complexity": 0.009999999776482582,
      "loss": 0.0,
      "name": "Y",
      "prediction": 0
    },
    "feature": 2,
    "name": "a1_med",
    "reference": 1,
    "relation": "==",
    "true": {
      "complexity": 0.009999999776482582,
      "loss": 0.0,
      "name": "Y",
      "prediction": 1
    },
    "type": "integral"
  },
  "type": "integral"
}
{
  "false": {
    "false": {
      "false": {
        "false": {
          "false": {
            "complexity": 0.009999999776482582,
            "loss": 0.0,
            "name": "Y",
            "prediction": 0
          },
          "feature": 13,
          "name": "a6_high",
          "reference": 1,
          "relation": "==",
          "true": {
            "complexity": 0.009999999776482582,
            "loss": 0.0,
            "name": "Y",
            "prediction": 1
          },
          "type": "integral"
        },
        "feature": 0,
        "name": "a1_high",
        "reference": 1,
        "relation": "==",
        "true": {
          "complexity": 0.009999999776482582,
          "loss": 0.0,
          "name": "Y",
          "prediction": 0
        },
        "type": "integral"
      },
      "feature": 11,
      "name": "a5_big",
      "reference": 1,
      "relation": "==",
      "true": {
        "false": {
          "complexity": 0.009999999776482582,
          "loss": 0.0,
          "name": "Y",
          "prediction": 0
        },
        "feature": 2,
        "name": "a1_med",
        "reference": 1,
        "relation": "==",
        "true": {
          "complexity": 0.009999999776482582,
          "loss": 0.0,
          "name": "Y",
          "prediction": 1
        },
        "type": "integral"
      },
      "type": "integral"
    },
    "feature": 4,
    "name": "a2_low",
    "reference": 1,
    "relation": "==",
    "true": {
      "complexity": 0.009999999776482582,
      "loss": 0.0,
      "name": "Y",
      "prediction": 1
    },
    "type": "integral"
  },
  "feature": 9,
  "model_objective": 0.06999999284744263,
  "name": "a4_2",
  "reference": 1,
  "relation": "==",
  "true": {
    "complexity": 0.009999999776482582,
    "loss": 0.0,
    "name": "Y",
    "prediction": 0
  },
  "type": "integral"
}
{
  "false": {
    "false": {
      "false": {
        "false": {
          "complexity": 0.009999999776482582,
          "loss": 0.0,
          "name": "Y",
          "prediction": 0
        },
        "feature": 13,
        "name": "a6_high",
        "reference": 1,
        "relation": "==",
        "true": {
          "complexity": 0.009999999776482582,
          "loss": 0.0,
          "name": "Y",
          "prediction": 1
        },
        "type": "integral"
      },
      "feature": 11,
      "name": "a5_big",
      "reference": 1,
      "relation": "==",
      "true": {
        "false": {
          "complexity": 0.009999999776482582,
          "loss": 0.0,
          "name": "Y",
          "prediction": 0
        },
        "feature": 2,
        "name": "a1_med",
        "reference": 1,
        "relation": "==",
        "true": {
          "complexity": 0.009999999776482582,
          "loss": 0.0,
          "name": "Y",
          "prediction": 1
        },
        "type": "integral"
      },
      "type": "integral"
    },
    "feature": 0,
    "name": "a1_high",
    "reference": 1,
    "relation": "==",
    "true": {
      "complexity": 0.009999999776482582,
      "loss": 0.0,
      "name": "Y",
      "prediction": 0
    },
    "type": "integral"
  },
  "feature": 4,
  "model_objective": 0.06999999284744263,
  "name": "a2_low",
  "reference": 1,
  "relation": "==",
  "true": {
    "false": {
      "complexity": 0.009999999776482582,
      "loss": 0.0,
      "name": "Y",
      "prediction": 1
    },
    "feature": 9,
    "name": "a4_2",
    "reference": 1,
    "relation": "==",
    "true": {
      "complexity": 0.009999999776482582,
      "loss": 0.0,
      "name": "Y",
      "prediction": 0
    },
    "type": "integral"
  },
  "type": "integral"
}
{
  "false": {
    "false": {
      "false": {
        "false": {
          "complexity": 0.009999999776482582,
          "loss": 0.0,
          "name": "Y",
          "prediction": 0
        },
        "feature": 13,
        "name": "a6_high",
        "reference": 1,
        "relation": "==",
        "true": {
          "complexity": 0.009999999776482582,
          "loss": 0.0,
          "name": "Y",
          "prediction": 1
        },
        "type": "integral"
      },
      "feature": 0,
      "name": "a1_high",
      "reference": 1,
      "relation": "==",
      "true": {
        "complexity": 0.009999999776482582,
        "loss": 0.0,
        "name": "Y",
        "prediction": 0
      },
      "type": "integral"
    },
    "feature": 11,
    "name": "a5_big",
    "reference": 1,
    "relation": "==",
    "true": {
      "false": {
        "complexity": 0.009999999776482582,
        "loss": 0.0,
        "name": "Y",
        "prediction": 0
      },
      "feature": 2,
      "name": "a1_med",
      "reference": 1,
      "relation": "==",
      "true": {
        "complexity": 0.009999999776482582,
        "loss": 0.0,
        "name": "Y",
        "prediction": 1
      },
      "type": "integral"
    },
    "type": "integral"
  },
  "feature": 4,
  "model_objective": 0.06999999284744263,
  "name": "a2_low",
  "reference": 1,
  "relation": "==",
  "true": {
    "false": {
      "complexity": 0.009999999776482582,
      "loss": 0.0,
      "name": "Y",
      "prediction": 1
    },
    "feature": 9,
    "name": "a4_2",
    "reference": 1,
    "relation": "==",
    "true": {
      "complexity": 0.009999999776482582,
      "loss": 0.0,
      "name": "Y",
      "prediction": 0
    },
    "type": "integral"
  },
  "type": "integral"
}
{
  "false": {
    "false": {
      "false": {
        "false": {
          "complexity": 0.009999999776482582,
          "loss": 0.0,
          "name": "Y",
          "prediction": 0
        },
        "feature": 13,
        "name": "a6_high",
        "reference": 1,
        "relation": "==",
        "true": {
          "complexity": 0.009999999776482582,
          "loss": 0.0,
          "name": "Y",
          "prediction": 1
        },
        "type": "integral"
      },
      "feature": 0,
      "name": "a1_high",
      "reference": 1,
      "relation": "==",
      "true": {
        "complexity": 0.009999999776482582,
        "loss": 0.0,
        "name": "Y",
        "prediction": 0
      },
      "type": "integral"
    },
    "feature": 11,
    "name": "a5_big",
    "reference": 1,
    "relation": "==",
    "true": {
      "false": {
        "complexity": 0.009999999776482582,
        "loss": 0.0,
        "name": "Y",
        "prediction": 0
      },
      "feature": 2,
      "name": "a1_med",
      "reference": 1,
      "relation": "==",
      "true": {
        "complexity": 0.009999999776482582,
        "loss": 0.0,
        "name": "Y",
        "prediction": 1
      },
      "type": "integral"
    },
    "type": "integral"
  },
  "feature": 4,
  "model_objective": 0.06999999284744263,
  "name": "a2_low",
  "reference": 1,
  "relation": "==",
  "true": {
    "false": {
      "complexity": 0.009999999776482582,
      "loss": 0.0,
      "name": "Y",
      "prediction": 1
    },
    "feature": 14,
    "name": "a6_low",
    "reference": 1,
    "relation": "==",
    "true": {
      "complexity": 0.009999999776482582,
      "loss": 0.0,
      "name": "Y",
      "prediction": 0
    },
    "type": "integral"
  },
  "type": "integral"
}
{
  "false": {
    "false": {
      "false": {
        "false": {
          "false": {
            "complexity": 0.009999999776482582,
            "loss": 0.0,
            "name": "Y",
            "prediction": 0
          },
          "feature": 4,
          "name": "a2_low",
          "reference": 1,
          "relation": "==",
          "true": {
            "complexity": 0.009999999776482582,
            "loss": 0.0,
            "name": "Y",
            "prediction": 1
          },
          "type": "integral"
        },
        "feature": 2,
        "name": "a1_med",
        "reference": 1,
        "relation": "==",
        "true": {
          "complexity": 0.009999999776482582,
          "loss": 0.0,
          "name": "Y",
          "prediction": 1
        },
        "type": "integral"
      },
      "feature": 1,
      "name": "a1_low",
      "reference": 1,
      "relation": "==",
      "true": {
        "false": {
          "complexity": 0.009999999776482582,
          "loss": 0.0,
          "name": "Y",
          "prediction": 0
        },
        "feature": 13,
        "name": "a6_high",
        "reference": 1,
        "relation": "==",
        "true": {
          "complexity": 0.009999999776482582,
          "loss": 0.0,
          "name": "Y",
          "prediction": 1
        },
        "type": "integral"
      },
      "type": "integral"
    },
    "feature": 9,
    "name": "a4_2",
    "reference": 1,
    "relation": "==",
    "true": {
      "complexity": 0.009999999776482582,
      "loss": 0.0,
      "name": "Y",
      "prediction": 0
    },
    "type": "integral"
  },
  "feature": 14,
  "model_objective": 0.06999999284744263,
  "name": "a6_low",
  "reference": 1,
  "relation": "==",
  "true": {
    "complexity": 0.009999999776482582,
    "loss": 0.0,
    "name": "Y",
    "prediction": 0
  },
  "type": "integral"
}
{
  "false": {
    "false": {
      "false": {
        "complexity": 0.009999999776482582,
        "loss": 0.0,
        "name": "Y",
        "prediction": 0
      },
      "feature": 13,
      "name": "a6_high",
      "reference": 1,
      "relation": "==",
      "true": {
        "complexity": 0.009999999776482582,
        "loss": 0.0,
        "name": "Y",
        "prediction": 1
      },
      "type": "integral"
    },
    "feature": 11,
    "name": "a5_big",
    "reference": 1,
    "relation": "==",
    "true": {
      "false": {
        "complexity": 0.009999999776482582,
        "loss": 0.0,
        "name": "Y",
        "prediction": 0
      },
      "feature": 2,
      "name": "a1_med",
      "reference": 1,
      "relation": "==",
      "true": {
        "complexity": 0.009999999776482582,
        "loss": 0.0,
        "name": "Y",
        "prediction": 1
      },
      "type": "integral"
    },
    "type": "integral"
  },
  "feature": 0,
  "model_objective": 0.07000000029802322,
  "name": "a1_high",
  "reference": 1,
  "relation": "==",
  "true": {
    "false": {
      "false": {
        "complexity": 0.009999999776482582,
        "loss": 0.0,
        "name": "Y",
        "prediction": 0
      },
      "feature": 4,
      "name": "a2_low",
      "reference": 1,
      "relation": "==",
      "true": {
        "complexity": 0.009999999776482582,
        "loss": 0.0,
        "name": "Y",
        "prediction": 1
      },
      "type": "integral"
    },
    "feature": 14,
    "name": "a6_low",
    "reference": 1,
    "relation": "==",
    "true": {
      "complexity": 0.009999999776482582,
      "loss": 0.0,
      "name": "Y",
      "prediction": 0
    },
    "type": "integral"
  },
  "type": "integral"
}
{
  "false": {
    "false": {
      "false": {
        "complexity": 0.009999999776482582,
        "loss": 0.0,
        "name": "Y",
        "prediction": 0
      },
      "feature": 13,
      "name": "a6_high",
      "reference": 1,
      "relation": "==",
      "true": {
        "complexity": 0.009999999776482582,
        "loss": 0.0,
        "name": "Y",
        "prediction": 1
      },
      "type": "integral"
    },
    "feature": 11,
    "name": "a5_big",
    "reference": 1,
    "relation": "==",
    "true": {
      "false": {
        "complexity": 0.009999999776482582,
        "loss": 0.0,
        "name": "Y",
        "prediction": 0
      },
      "feature": 2,
      "name": "a1_med",
      "reference": 1,
      "relation": "==",
      "true": {
        "complexity": 0.009999999776482582,
        "loss": 0.0,
        "name": "Y",
        "prediction": 1
      },
      "type": "integral"
    },
    "type": "integral"
  },
  "feature": 0,
  "model_objective": 0.07000000029802322,
  "name": "a1_high",
  "reference": 1,
  "relation": "==",
  "true": {
    "false": {
      "false": {
        "complexity": 0.009999999776482582,
        "loss": 0.0,
        "name": "Y",
        "prediction": 0
      },
      "feature": 4,
      "name": "a2_low",
      "reference": 1,
      "relation": "==",
      "true": {
        "complexity": 0.009999999776482582,
        "loss": 0.0,
        "name": "Y",
        "prediction": 1
      },
      "type": "integral"
    },
    "feature": 9,
    "name": "a4_2",
    "reference": 1,
    "relation": "==",
    "true": {
      "complexity": 0.009999999776482582,
      "loss": 0.0,
      "name": "Y",
      "prediction": 0
    },
    "type": "integral"
  },
  "type": "integral"
}
{
  "false": {
    "false": {
      "false": {
        "false": {
          "complexity": 0.009999999776482582,
          "loss": 0.0,
          "name": "Y",
          "prediction": 0
        },
        "feature": 13,
        "name": "a6_high",
        "reference": 1,
        "relation": "==",
        "true": {
          "complexity": 0.009999999776482582,
          "loss": 0.0,
          "name": "Y",
          "prediction": 1
        },
        "type": "integral"
      },
      "feature": 11,
      "name": "a5_big",
      "reference": 1,
      "relation": "==",
      "true": {
        "false": {
          "complexity": 0.009999999776482582,
          "loss": 0.0,
          "name": "Y",
          "prediction": 0
        },
        "feature": 2,
        "name": "a1_med",
        "reference": 1,
        "relation": "==",
        "true": {
          "complexity": 0.009999999776482582,
          "loss": 0.0,
          "name": "Y",
          "prediction": 1
        },
        "type": "integral"
      },
      "type": "integral"
    },
    "feature": 0,
    "name": "a1_high",
    "reference": 1,
    "relation": "==",
    "true": {
      "complexity": 0.009999999776482582,
      "loss": 0.0,
      "name": "Y",
      "prediction": 0
    },
    "type": "integral"
  },
  "feature": 4,
  "model_objective": 0.06999999284744263,
  "name": "a2_low",
  "reference": 1,
  "relation": "==",
  "true": {
    "false": {
      "complexity": 0.009999999776482582,
      "loss": 0.0,
      "name": "Y",
      "prediction": 1
    },
    "feature": 14,
    "name": "a6_low",
    "reference": 1,
    "relation": "==",
    "true": {
      "complexity": 0.009999999776482582,
      "loss": 0.0,
      "name": "Y",
      "prediction": 0
    },
    "type": "integral"
  },
  "type": "integral"
}
{
  "false": {
    "false": {
      "false": {
        "complexity": 0.009999999776482582,
        "loss": 0.0,
        "name": "Y",
        "prediction": 0
      },
      "feature": 13,
      "name": "a6_high",
      "reference": 1,
      "relation": "==",
      "true": {
        "complexity": 0.009999999776482582,
        "loss": 0.0,
        "name": "Y",
        "prediction": 1
      },
      "type": "integral"
    },
    "feature": 11,
    "name": "a5_big",
    "reference": 1,
    "relation": "==",
    "true": {
      "false": {
        "complexity": 0.009999999776482582,
        "loss": 0.0,
        "name": "Y",
        "prediction": 0
      },
      "feature": 2,
      "name": "a1_med",
      "reference": 1,
      "relation": "==",
      "true": {
        "complexity": 0.009999999776482582,
        "loss": 0.0,
        "name": "Y",
        "prediction": 1
      },
      "type": "integral"
    },
    "type": "integral"
  },
  "feature": 0,
  "model_objective": 0.07000000029802322,
  "name": "a1_high",
  "reference": 1,
  "relation": "==",
  "true": {
    "false": {
      "complexity": 0.009999999776482582,
      "loss": 0.0,
      "name": "Y",
      "prediction": 0
    },
    "feature": 4,
    "name": "a2_low",
    "reference": 1,
    "relation": "==",
    "true": {
      "false": {
        "complexity": 0.009999999776482582,
        "loss": 0.0,
        "name": "Y",
        "prediction": 1
      },
      "feature": 14,
      "name": "a6_low",
      "reference": 1,
      "relation": "==",
      "true": {
        "complexity": 0.009999999776482582,
        "loss": 0.0,
        "name": "Y",
        "prediction": 0
      },
      "type": "integral"
    },
    "type": "integral"
  },
  "type": "integral"
}
{
  "false": {
    "false": {
      "false": {
        "false": {
          "false": {
            "complexity": 0.009999999776482582,
            "loss": 0.0,
            "name": "Y",
            "prediction": 0
          },
          "feature": 13,
          "name": "a6_high",
          "reference": 1,
          "relation": "==",
          "true": {
            "complexity": 0.009999999776482582,
            "loss": 0.0,
            "name": "Y",
            "prediction": 1
          },
          "type": "integral"
        },
        "feature": 7,
        "name": "a3_3",
        "reference": 1,
        "relation": "==",
        "true": {
          "false": {
            "complexity": 0.009999999776482582,
            "loss": 0.0,
            "name": "Y",
            "prediction": 0
          },
          "feature": 2,
          "name": "a1_med",
          "reference": 1,
          "relation": "==",
          "true": {
            "complexity": 0.009999999776482582,
            "loss": 0.0,
            "name": "Y",
            "prediction": 1
          },
          "type": "integral"
        },
        "type": "integral"
      },
      "feature": 0,
      "name": "a1_high",
      "reference": 1,
      "relation": "==",
      "true": {
        "complexity": 0.009999999776482582,
        "loss": 0.0,
        "name": "Y",
        "prediction": 0
      },
      "type": "integral"
    },
    "feature": 4,
    "name": "a2_low",
    "reference": 1,
    "relation": "==",
    "true": {
      "complexity": 0.009999999776482582,
      "loss": 0.0,
      "name": "Y",
      "prediction": 1
    },
    "type": "integral"
  },
  "feature": 9,
  "model_objective": 0.06999999284744263,
  "name": "a4_2",
  "reference": 1,
  "relation": "==",
  "true": {
    "complexity": 0.009999999776482582,
    "loss": 0.0,
    "name": "Y",
    "prediction": 0
  },
  "type": "integral"
}
{
  "false": {
    "false": {
      "false": {
        "complexity": 0.009999999776482582,
        "loss": 0.0,
        "name": "Y",
        "prediction": 0
      },
      "feature": 13,
      "name": "a6_high",
      "reference": 1,
      "relation": "==",
      "true": {
        "false": {
          "complexity": 0.009999999776482582,
          "loss": 0.0,
          "name": "Y",
          "prediction": 1
        },
        "feature": 0,
        "name": "a1_high",
        "reference": 1,
        "relation": "==",
        "true": {
          "complexity": 0.009999999776482582,
          "loss": 0.0,
          "name": "Y",
          "prediction": 0
        },
        "type": "integral"
      },
      "type": "integral"
    },
    "feature": 11,
    "name": "a5_big",
    "reference": 1,
    "relation": "==",
    "true": {
      "false": {
        "complexity": 0.009999999776482582,
        "loss": 0.0,
        "name": "Y",
        "prediction": 0
      },
      "feature": 2,
      "name": "a1_med",
      "reference": 1,
      "relation": "==",
      "true": {
        "complexity": 0.009999999776482582,
        "loss": 0.0,
        "name": "Y",
        "prediction": 1
      },
      "type": "integral"
    },
    "type": "integral"
  },
  "feature": 4,
  "model_objective": 0.06999999284744263,
  "name": "a2_low",
  "reference": 1,
  "relation": "==",
  "true": {
    "false": {
      "complexity": 0.009999999776482582,
      "loss": 0.0,
      "name": "Y",
      "prediction": 1
    },
    "feature": 9,
    "name": "a4_2",
    "reference": 1,
    "relation": "==",
    "true": {
      "complexity": 0.009999999776482582,
      "loss": 0.0,
      "name": "Y",
      "prediction": 0
    },
    "type": "integral"
  },
  "type": "integral"
}
{
  "false": {
    "false": {
      "false": {
        "false": {
          "complexity": 0.009999999776482582,
          "loss": 0.0,
          "name": "Y",
          "prediction": 0
        },
        "feature": 1,
        "name": "a1_low",
        "reference": 1,
        "relation": "==",
        "true": {
          "false": {
            "complexity": 0.009999999776482582,
            "loss": 0.0,
            "name": "Y",
            "prediction": 0
          },
          "feature": 13,
          "name": "a6_high",
          "reference": 1,
          "relation": "==",
          "true": {
            "complexity": 0.009999999776482582,
            "loss": 0.0,
            "name": "Y",
            "prediction": 1
          },
          "type": "integral"
        },
        "type": "integral"
      },
      "feature": 2,
      "name": "a1_med",
      "reference": 1,
      "relation": "==",
      "true": {
        "false": {
          "complexity": 0.009999999776482582,
          "loss": 0.0,
          "name": "Y",
          "prediction": 1
        },
        "feature": 14,
        "name": "a6_low",
        "reference": 1,
        "relation": "==",
        "true": {
          "complexity": 0.009999999776482582,
          "loss": 0.0,
          "name": "Y",
          "prediction": 0
        },
        "type": "integral"
      },
      "type": "integral"
    },
    "feature": 4,
    "name": "a2_low",
    "reference": 1,
    "relation": "==",
    "true": {
      "complexity": 0.009999999776482582,
      "loss": 0.0,
      "name": "Y",
      "prediction": 1
    },
    "type": "integral"
  },
  "feature": 9,
  "model_objective": 0.06999999284744263,
  "name": "a4_2",
  "reference": 1,
  "relation": "==",
  "true": {
    "complexity": 0.009999999776482582,
    "loss": 0.0,
    "name": "Y",
    "prediction": 0
  },
  "type": "integral"
}
{
  "false": {
    "false": {
      "false": {
        "false": {
          "false": {
            "complexity": 0.009999999776482582,
            "loss": 0.0,
            "name": "Y",
            "prediction": 0
          },
          "feature": 4,
          "name": "a2_low",
          "reference": 1,
          "relation": "==",
          "true": {
            "complexity": 0.009999999776482582,
            "loss": 0.0,
            "name": "Y",
            "prediction": 1
          },
          "type": "integral"
        },
        "feature": 2,
        "name": "a1_med",
        "reference": 1,
        "relation": "==",
        "true": {
          "complexity": 0.009999999776482582,
          "loss": 0.0,
          "name": "Y",
          "prediction": 1
        },
        "type": "integral"
      },
      "feature": 14,
      "name": "a6_low",
      "reference": 1,
      "relation": "==",
      "true": {
        "complexity": 0.009999999776482582,
        "loss": 0.0,
        "name": "Y",
        "prediction": 0
      },
      "type": "integral"
    },
    "feature": 1,
    "name": "a1_low",
    "reference": 1,
    "relation": "==",
    "true": {
      "false": {
        "complexity": 0.009999999776482582,
        "loss": 0.0,
        "name": "Y",
        "prediction": 0
      },
      "feature": 13,
      "name": "a6_high",
      "reference": 1,
      "relation": "==",
      "true": {
        "complexity": 0.009999999776482582,
        "loss": 0.0,
        "name": "Y",
        "prediction": 1
      },
      "type": "integral"
    },
    "type": "integral"
  },
  "feature": 9,
  "model_objective": 0.07000000029802322,
  "name": "a4_2",
  "reference": 1,
  "relation": "==",
  "true": {
    "complexity": 0.009999999776482582,
    "loss": 0.0,
    "name": "Y",
    "prediction": 0
  },
  "type": "integral"
}
{
  "false": {
    "false": {
      "false": {
        "complexity": 0.009999999776482582,
        "loss": 0.0,
        "name": "Y",
        "prediction": 0
      },
      "feature": 13,
      "name": "a6_high",
      "reference": 1,
      "relation": "==",
      "true": {
        "complexity": 0.009999999776482582,
        "loss": 0.0,
        "name": "Y",
        "prediction": 1
      },
      "type": "integral"
    },
    "feature": 11,
    "name": "a5_big",
    "reference": 1,
    "relation": "==",
    "true": {
      "false": {
        "complexity": 0.009999999776482582,
        "loss": 0.0,
        "name": "Y",
        "prediction": 0
      },
      "feature": 2,
      "name": "a1_med",
      "reference": 1,
      "relation": "==",
      "true": {
        "complexity": 0.009999999776482582,
        "loss": 0.0,
        "name": "Y",
        "prediction": 1
      },
      "type": "integral"
    },
    "type": "integral"
  },
  "feature": 0,
  "model_objective": 0.07000000029802322,
  "name": "a1_high",
  "reference": 1,
  "relation": "==",
  "true": {
    "false": {
      "complexity": 0.009999999776482582,
      "loss": 0.0,
      "name": "Y",
      "prediction": 0
    },
    "feature": 4,
    "name": "a2_low",
    "reference": 1,
    "relation": "==",
    "true": {
      "false": {
        "complexity": 0.009999999776482582,
        "loss": 0.0,
        "name": "Y",
        "prediction": 1
      },
      "feature": 9,
      "name": "a4_2",
      "reference": 1,
      "relation": "==",
      "true": {
        "complexity": 0.009999999776482582,
        "loss": 0.0,
        "name": "Y",
        "prediction": 0
      },
      "type": "integral"
    },
    "type": "integral"
  },
  "type": "integral"
}
{
  "false": {
    "false": {
      "false": {
        "false": {
          "false": {
            "complexity": 0.009999999776482582,
            "loss": 0.0,
            "name": "Y",
            "prediction": 0
          },
          "feature": 2,
          "name": "a1_med",
          "reference": 1,
          "relation": "==",
          "true": {
            "complexity": 0.009999999776482582,
            "loss": 0.0,
            "name": "Y",
            "prediction": 1
          },
          "type": "integral"
        },
        "feature": 14,
        "name": "a6_low",
        "reference": 1,
        "relation": "==",
        "true": {
          "complexity": 0.009999999776482582,
          "loss": 0.0,
          "name": "Y",
          "prediction": 0
        },
        "type": "integral"
      },
      "feature": 1,
      "name": "a1_low",
      "reference": 1,
      "relation": "==",
      "true": {
        "false": {
          "complexity": 0.009999999776482582,
          "loss": 0.0,
          "name": "Y",
          "prediction": 0
        },
        "feature": 13,
        "name": "a6_high",
        "reference": 1,
        "relation": "==",
        "true": {
          "complexity": 0.009999999776482582,
          "loss": 0.0,
          "name": "Y",
          "prediction": 1
        },
        "type": "integral"
      },
      "type": "integral"
    },
    "feature": 4,
    "name": "a2_low",
    "reference": 1,
    "relation": "==",
    "true": {
      "complexity": 0.009999999776482582,
      "loss": 0.0,
      "name": "Y",
      "prediction": 1
    },
    "type": "integral"
  },
  "feature": 9,
  "model_objective": 0.06999999284744263,
  "name": "a4_2",
  "reference": 1,
  "relation": "==",
  "true": {
    "complexity": 0.009999999776482582,
    "loss": 0.0,
    "name": "Y",
    "prediction": 0
  },
  "type": "integral"
}
{
  "false": {
    "false": {
      "false": {
        "false": {
          "complexity": 0.009999999776482582,
          "loss": 0.0,
          "name": "Y",
          "prediction": 0
        },
        "feature": 13,
        "name": "a6_high",
        "reference": 1,
        "relation": "==",
        "true": {
          "false": {
            "complexity": 0.009999999776482582,
            "loss": 0.0,
            "name": "Y",
            "prediction": 0
          },
          "feature": 1,
          "name": "a1_low",
          "reference": 1,
          "relation": "==",
          "true": {
            "complexity": 0.009999999776482582,
            "loss": 0.0,
            "name": "Y",
            "prediction": 1
          },
          "type": "integral"
        },
        "type": "integral"
      },
      "feature": 2,
      "name": "a1_med",
      "reference": 1,
      "relation": "==",
      "true": {
        "false": {
          "complexity": 0.009999999776482582,
          "loss": 0.0,
          "name": "Y",
          "prediction": 1
        },
        "feature": 14,
        "name": "a6_low",
        "reference": 1,
        "relation": "==",
        "true": {
          "complexity": 0.009999999776482582,
          "loss": 0.0,
          "name": "Y",
          "prediction": 0
        },
        "type": "integral"
      },
      "type": "integral"
    },
    "feature": 4,
    "name": "a2_low",
    "reference": 1,
    "relation": "==",
    "true": {
      "complexity": 0.009999999776482582,
      "loss": 0.0,
      "name": "Y",
      "prediction": 1
    },
    "type": "integral"
  },
  "feature": 9,
  "model_objective": 0.06999999284744263,
  "name": "a4_2",
  "reference": 1,
  "relation": "==",
  "true": {
    "complexity": 0.009999999776482582,
    "loss": 0.0,
    "name": "Y",
    "prediction": 0
  },
  "type": "integral"
}
{
  "false": {
    "false": {
      "false": {
        "false": {
          "complexity": 0.009999999776482582,
          "loss": 0.0,
          "name": "Y",
          "prediction": 0
        },
        "feature": 13,
        "name": "a6_high",
        "reference": 1,
        "relation": "==",
        "true": {
          "complexity": 0.009999999776482582,
          "loss": 0.0,
          "name": "Y",
          "prediction": 1
        },
        "type": "integral"
      },
      "feature": 11,
      "name": "a5_big",
      "reference": 1,
      "relation": "==",
      "true": {
        "false": {
          "complexity": 0.009999999776482582,
          "loss": 0.0,
          "name": "Y",
          "prediction": 0
        },
        "feature": 2,
        "name": "a1_med",
        "reference": 1,
        "relation": "==",
        "true": {
          "complexity": 0.009999999776482582,
          "loss": 0.0,
          "name": "Y",
          "prediction": 1
        },
        "type": "integral"
      },
      "type": "integral"
    },
    "feature": 0,
    "name": "a1_high",
    "reference": 1,
    "relation": "==",
    "true": {
      "false": {
        "complexity": 0.009999999776482582,
        "loss": 0.0,
        "name": "Y",
        "prediction": 0
      },
      "feature": 4,
      "name": "a2_low",
      "reference": 1,
      "relation": "==",
      "true": {
        "complexity": 0.009999999776482582,
        "loss": 0.0,
        "name": "Y",
        "prediction": 1
      },
      "type": "integral"
    },
    "type": "integral"
  },
  "feature": 9,
  "model_objective": 0.07000000029802322,
  "name": "a4_2",
  "reference": 1,
  "relation": "==",
  "true": {
    "complexity": 0.009999999776482582,
    "loss": 0.0,
    "name": "Y",
    "prediction": 0
  },
  "type": "integral"
}
{
  "false": {
    "false": {
      "false": {
        "false": {
          "complexity": 0.009999999776482582,
          "loss": 0.0,
          "name": "Y",
          "prediction": 0
        },
        "feature": 2,
        "name": "a1_med",
        "reference": 1,
        "relation": "==",
        "true": {
          "false": {
            "complexity": 0.009999999776482582,
            "loss": 0.0,
            "name": "Y",
            "prediction": 1
          },
          "feature": 14,
          "name": "a6_low",
          "reference": 1,
          "relation": "==",
          "true": {
            "complexity": 0.009999999776482582,
            "loss": 0.0,
            "name": "Y",
            "prediction": 0
          },
          "type": "integral"
        },
        "type": "integral"
      },
      "feature": 1,
      "name": "a1_low",
      "reference": 1,
      "relation": "==",
      "true": {
        "false": {
          "complexity": 0.009999999776482582,
          "loss": 0.0,
          "name": "Y",
          "prediction": 0
        },
        "feature": 13,
        "name": "a6_high",
        "reference": 1,
        "relation": "==",
        "true": {
          "complexity": 0.009999999776482582,
          "loss": 0.0,
          "name": "Y",
          "prediction": 1
        },
        "type": "integral"
      },
      "type": "integral"
    },
    "feature": 4,
    "name": "a2_low",
    "reference": 1,
    "relation": "==",
    "true": {
      "complexity": 0.009999999776482582,
      "loss": 0.0,
      "name": "Y",
      "prediction": 1
    },
    "type": "integral"
  },
  "feature": 9,
  "model_objective": 0.06999999284744263,
  "name": "a4_2",
  "reference": 1,
  "relation": "==",
  "true": {
    "complexity": 0.009999999776482582,
    "loss": 0.0,
    "name": "Y",
    "prediction": 0
  },
  "type": "integral"
}
{
  "false": {
    "false": {
      "false": {
        "complexity": 0.009999999776482582,
        "loss": 0.0,
        "name": "Y",
        "prediction": 0
      },
      "feature": 13,
      "name": "a6_high",
      "reference": 1,
      "relation": "==",
      "true": {
        "false": {
          "complexity": 0.009999999776482582,
          "loss": 0.0,
          "name": "Y",
          "prediction": 1
        },
        "feature": 0,
        "name": "a1_high",
        "reference": 1,
        "relation": "==",
        "true": {
          "complexity": 0.009999999776482582,
          "loss": 0.0,
          "name": "Y",
          "prediction": 0
        },
        "type": "integral"
      },
      "type": "integral"
    },
    "feature": 11,
    "name": "a5_big",
    "reference": 1,
    "relation": "==",
    "true": {
      "false": {
        "complexity": 0.009999999776482582,
        "loss": 0.0,
        "name": "Y",
        "prediction": 0
      },
      "feature": 2,
      "name": "a1_med",
      "reference": 1,
      "relation": "==",
      "true": {
        "complexity": 0.009999999776482582,
        "loss": 0.0,
        "name": "Y",
        "prediction": 1
      },
      "type": "integral"
    },
    "type": "integral"
  },
  "feature": 4,
  "model_objective": 0.06999999284744263,
  "name": "a2_low",
  "reference": 1,
  "relation": "==",
  "true": {
    "false": {
      "complexity": 0.009999999776482582,
      "loss": 0.0,
      "name": "Y",
      "prediction": 1
    },
    "feature": 14,
    "name": "a6_low",
    "reference": 1,
    "relation": "==",
    "true": {
      "complexity": 0.009999999776482582,
      "loss": 0.0,
      "name": "Y",
      "prediction": 0
    },
    "type": "integral"
  },
  "type": "integral"
}
{
  "false": {
    "false": {
      "false": {
        "false": {
          "complexity": 0.009999999776482582,
          "loss": 0.0,
          "name": "Y",
          "prediction": 0
        },
        "feature": 13,
        "name": "a6_high",
        "reference": 1,
        "relation": "==",
        "true": {
          "complexity": 0.009999999776482582,
          "loss": 0.0,
          "name": "Y",
          "prediction": 1
        },
        "type": "integral"
      },
      "feature": 0,
      "name": "a1_high",
      "reference": 1,
      "relation": "==",
      "true": {
        "false": {
          "complexity": 0.009999999776482582,
          "loss": 0.0,
          "name": "Y",
          "prediction": 0
        },
        "feature": 4,
        "name": "a2_low",
        "reference": 1,
        "relation": "==",
        "true": {
          "complexity": 0.009999999776482582,
          "loss": 0.0,
          "name": "Y",
          "prediction": 1
        },
        "type": "integral"
      },
      "type": "integral"
    },
    "feature": 7,
    "name": "a3_3",
    "reference": 1,
    "relation": "==",
    "true": {
      "false": {
        "complexity": 0.009999999776482582,
        "loss": 0.0,
        "name": "Y",
        "prediction": 0
      },
      "feature": 2,
      "name": "a1_med",
      "reference": 1,
      "relation": "==",
      "true": {
        "complexity": 0.009999999776482582,
        "loss": 0.0,
        "name": "Y",
        "prediction": 1
      },
      "type": "integral"
    },
    "type": "integral"
  },
  "feature": 9,
  "model_objective": 0.07000000029802322,
  "name": "a4_2",
  "reference": 1,
  "relation": "==",
  "true": {
    "complexity": 0.009999999776482582,
    "loss": 0.0,
    "name": "Y",
    "prediction": 0
  },
  "type": "integral"
}
{
  "false": {
    "false": {
      "false": {
        "false": {
          "false": {
            "complexity": 0.009999999776482582,
            "loss": 0.0,
            "name": "Y",
            "prediction": 0
          },
          "feature": 2,
          "name": "a1_med",
          "reference": 1,
          "relation": "==",
          "true": {
            "complexity": 0.009999999776482582,
            "loss": 0.0,
            "name": "Y",
            "prediction": 1
          },
          "type": "integral"
        },
        "feature": 4,
        "name": "a2_low",
        "reference": 1,
        "relation": "==",
        "true": {
          "complexity": 0.009999999776482582,
          "loss": 0.0,
          "name": "Y",
          "prediction": 1
        },
        "type": "integral"
      },
      "feature": 14,
      "name": "a6_low",
      "reference": 1,
      "relation": "==",
      "true": {
        "complexity": 0.009999999776482582,
        "loss": 0.0,
        "name": "Y",
        "prediction": 0
      },
      "type": "integral"
    },
    "feature": 1,
    "name": "a1_low",
    "reference": 1,
    "relation": "==",
    "true": {
      "false": {
        "complexity": 0.009999999776482582,
        "loss": 0.0,
        "name": "Y",
        "prediction": 0
      },
      "feature": 13,
      "name": "a6_high",
      "reference": 1,
      "relation": "==",
      "true": {
        "complexity": 0.009999999776482582,
        "loss": 0.0,
        "name": "Y",
        "prediction": 1
      },
      "type": "integral"
    },
    "type": "integral"
  },
  "feature": 9,
  "model_objective": 0.07000000029802322,
  "name": "a4_2",
  "reference": 1,
  "relation": "==",
  "true": {
    "complexity": 0.009999999776482582,
    "loss": 0.0,
    "name": "Y",
    "prediction": 0
  },
  "type": "integral"
}
{
  "false": {
    "false": {
      "false": {
        "false": {
          "complexity": 0.009999999776482582,
          "loss": 0.0,
          "name": "Y",
          "prediction": 0
        },
        "feature": 13,
        "name": "a6_high",
        "reference": 1,
        "relation": "==",
        "true": {
          "complexity": 0.009999999776482582,
          "loss": 0.0,
          "name": "Y",
          "prediction": 1
        },
        "type": "integral"
      },
      "feature": 7,
      "name": "a3_3",
      "reference": 1,
      "relation": "==",
      "true": {
        "false": {
          "complexity": 0.009999999776482582,
          "loss": 0.0,
          "name": "Y",
          "prediction": 0
        },
        "feature": 2,
        "name": "a1_med",
        "reference": 1,
        "relation": "==",
        "true": {
          "complexity": 0.009999999776482582,
          "loss": 0.0,
          "name": "Y",
          "prediction": 1
        },
        "type": "integral"
      },
      "type": "integral"
    },
    "feature": 0,
    "name": "a1_high",
    "reference": 1,
    "relation": "==",
    "true": {
      "false": {
        "complexity": 0.009999999776482582,
        "loss": 0.0,
        "name": "Y",
        "prediction": 0
      },
      "feature": 4,
      "name": "a2_low",
      "reference": 1,
      "relation": "==",
      "true": {
        "complexity": 0.009999999776482582,
        "loss": 0.0,
        "name": "Y",
        "prediction": 1
      },
      "type": "integral"
    },
    "type": "integral"
  },
  "feature": 9,
  "model_objective": 0.07000000029802322,
  "name": "a4_2",
  "reference": 1,
  "relation": "==",
  "true": {
    "complexity": 0.009999999776482582,
    "loss": 0.0,
    "name": "Y",
    "prediction": 0
  },
  "type": "integral"
}
{
  "false": {
    "false": {
      "false": {
        "false": {
          "false": {
            "complexity": 0.009999999776482582,
            "loss": 0.0,
            "name": "Y",
            "prediction": 0
          },
          "feature": 4,
          "name": "a2_low",
          "reference": 1,
          "relation": "==",
          "true": {
            "complexity": 0.009999999776482582,
            "loss": 0.0,
            "name": "Y",
            "prediction": 1
          },
          "type": "integral"
        },
        "feature": 2,
        "name": "a1_med",
        "reference": 1,
        "relation": "==",
        "true": {
          "complexity": 0.009999999776482582,
          "loss": 0.0,
          "name": "Y",
          "prediction": 1
        },
        "type": "integral"
      },
      "feature": 1,
      "name": "a1_low",
      "reference": 1,
      "relation": "==",
      "true": {
        "false": {
          "complexity": 0.009999999776482582,
          "loss": 0.0,
          "name": "Y",
          "prediction": 0
        },
        "feature": 13,
        "name": "a6_high",
        "reference": 1,
        "relation": "==",
        "true": {
          "complexity": 0.009999999776482582,
          "loss": 0.0,
          "name": "Y",
          "prediction": 1
        },
        "type": "integral"
      },
      "type": "integral"
    },
    "feature": 14,
    "name": "a6_low",
    "reference": 1,
    "relation": "==",
    "true": {
      "complexity": 0.009999999776482582,
      "loss": 0.0,
      "name": "Y",
      "prediction": 0
    },
    "type": "integral"
  },
  "feature": 9,
  "model_objective": 0.06999999284744263,
  "name": "a4_2",
  "reference": 1,
  "relation": "==",
  "true": {
    "complexity": 0.009999999776482582,
    "loss": 0.0,
    "name": "Y",
    "prediction": 0
  },
  "type": "integral"
}
{
  "false": {
    "false": {
      "false": {
        "false": {
          "false": {
            "complexity": 0.009999999776482582,
            "loss": 0.0,
            "name": "Y",
            "prediction": 0
          },
          "feature": 4,
          "name": "a2_low",
          "reference": 1,
          "relation": "==",
          "true": {
            "complexity": 0.009999999776482582,
            "loss": 0.0,
            "name": "Y",
            "prediction": 1
          },
          "type": "integral"
        },
        "feature": 1,
        "name": "a1_low",
        "reference": 1,
        "relation": "==",
        "true": {
          "false": {
            "complexity": 0.009999999776482582,
            "loss": 0.0,
            "name": "Y",
            "prediction": 0
          },
          "feature": 13,
          "name": "a6_high",
          "reference": 1,
          "relation": "==",
          "true": {
            "complexity": 0.009999999776482582,
            "loss": 0.0,
            "name": "Y",
            "prediction": 1
          },
          "type": "integral"
        },
        "type": "integral"
      },
      "feature": 2,
      "name": "a1_med",
      "reference": 1,
      "relation": "==",
      "true": {
        "complexity": 0.009999999776482582,
        "loss": 0.0,
        "name": "Y",
        "prediction": 1
      },
      "type": "integral"
    },
    "feature": 14,
    "name": "a6_low",
    "reference": 1,
    "relation": "==",
    "true": {
      "complexity": 0.009999999776482582,
      "loss": 0.0,
      "name": "Y",
      "prediction": 0
    },
    "type": "integral"
  },
  "feature": 9,
  "model_objective": 0.06999999284744263,
  "name": "a4_2",
  "reference": 1,
  "relation": "==",
  "true": {
    "complexity": 0.009999999776482582,
    "loss": 0.0,
    "name": "Y",
    "prediction": 0
  },
  "type": "integral"
}
{
  "false": {
    "false": {
      "false": {
        "false": {
          "complexity": 0.009999999776482582,
          "loss": 0.0,
          "name": "Y",
          "prediction": 0
        },
        "feature": 4,
        "name": "a2_low",
        "reference": 1,
        "relation": "==",
        "true": {
          "complexity": 0.009999999776482582,
          "loss": 0.0,
          "name": "Y",
          "prediction": 1
        },
        "type": "integral"
      },
      "feature": 2,
      "name": "a1_med",
      "reference": 1,
      "relation": "==",
      "true": {
        "false": {
          "complexity": 0.009999999776482582,
          "loss": 0.0,
          "name": "Y",
          "prediction": 1
        },
        "feature": 14,
        "name": "a6_low",
        "reference": 1,
        "relation": "==",
        "true": {
          "complexity": 0.009999999776482582,
          "loss": 0.0,
          "name": "Y",
          "prediction": 0
        },
        "type": "integral"
      },
      "type": "integral"
    },
    "feature": 1,
    "name": "a1_low",
    "reference": 1,
    "relation": "==",
    "true": {
      "false": {
        "complexity": 0.009999999776482582,
        "loss": 0.0,
        "name": "Y",
        "prediction": 0
      },
      "feature": 13,
      "name": "a6_high",
      "reference": 1,
      "relation": "==",
      "true": {
        "complexity": 0.009999999776482582,
        "loss": 0.0,
        "name": "Y",
        "prediction": 1
      },
      "type": "integral"
    },
    "type": "integral"
  },
  "feature": 9,
  "model_objective": 0.07000000029802322,
  "name": "a4_2",
  "reference": 1,
  "relation": "==",
  "true": {
    "complexity": 0.009999999776482582,
    "loss": 0.0,
    "name": "Y",
    "prediction": 0
  },
  "type": "integral"
}
{
  "false": {
    "false": {
      "false": {
        "false": {
          "false": {
            "complexity": 0.009999999776482582,
            "loss": 0.0,
            "name": "Y",
            "prediction": 0
          },
          "feature": 2,
          "name": "a1_med",
          "reference": 1,
          "relation": "==",
          "true": {
            "complexity": 0.009999999776482582,
            "loss": 0.0,
            "name": "Y",
            "prediction": 1
          },
          "type": "integral"
        },
        "feature": 4,
        "name": "a2_low",
        "reference": 1,
        "relation": "==",
        "true": {
          "complexity": 0.009999999776482582,
          "loss": 0.0,
          "name": "Y",
          "prediction": 1
        },
        "type": "integral"
      },
      "feature": 1,
      "name": "a1_low",
      "reference": 1,
      "relation": "==",
      "true": {
        "false": {
          "complexity": 0.009999999776482582,
          "loss": 0.0,
          "name": "Y",
          "prediction": 0
        },
        "feature": 13,
        "name": "a6_high",
        "reference": 1,
        "relation": "==",
        "true": {
          "complexity": 0.009999999776482582,
          "loss": 0.0,
          "name": "Y",
          "prediction": 1
        },
        "type": "integral"
      },
      "type": "integral"
    },
    "feature": 14,
    "name": "a6_low",
    "reference": 1,
    "relation": "==",
    "true": {
      "complexity": 0.009999999776482582,
      "loss": 0.0,
      "name": "Y",
      "prediction": 0
    },
    "type": "integral"
  },
  "feature": 9,
  "model_objective": 0.06999999284744263,
  "name": "a4_2",
  "reference": 1,
  "relation": "==",
  "true": {
    "complexity": 0.009999999776482582,
    "loss": 0.0,
    "name": "Y",
    "prediction": 0
  },
  "type": "integral"
}
{
  "false": {
    "false": {
      "false": {
        "false": {
          "false": {
            "complexity": 0.009999999776482582,
            "loss": 0.0,
            "name": "Y",
            "prediction": 0
          },
          "feature": 2,
          "name": "a1_med",
          "reference": 1,
          "relation": "==",
          "true": {
            "complexity": 0.009999999776482582,
            "loss": 0.0,
            "name": "Y",
            "prediction": 1
          },
          "type": "integral"
        },
        "feature": 1,
        "name": "a1_low",
        "reference": 1,
        "relation": "==",
        "true": {
          "false": {
            "complexity": 0.009999999776482582,
            "loss": 0.0,
            "name": "Y",
            "prediction": 0
          },
          "feature": 13,
          "name": "a6_high",
          "reference": 1,
          "relation": "==",
          "true": {
            "complexity": 0.009999999776482582,
            "loss": 0.0,
            "name": "Y",
            "prediction": 1
          },
          "type": "integral"
        },
        "type": "integral"
      },
      "feature": 4,
      "name": "a2_low",
      "reference": 1,
      "relation": "==",
      "true": {
        "complexity": 0.009999999776482582,
        "loss": 0.0,
        "name": "Y",
        "prediction": 1
      },
      "type": "integral"
    },
    "feature": 14,
    "name": "a6_low",
    "reference": 1,
    "relation": "==",
    "true": {
      "complexity": 0.009999999776482582,
      "loss": 0.0,
      "name": "Y",
      "prediction": 0
    },
    "type": "integral"
  },
  "feature": 9,
  "model_objective": 0.06999999284744263,
  "name": "a4_2",
  "reference": 1,
  "relation": "==",
  "true": {
    "complexity": 0.009999999776482582,
    "loss": 0.0,
    "name": "Y",
    "prediction": 0
  },
  "type": "integral"
}
{
  "false": {
    "false": {
      "false": {
        "false": {
          "complexity": 0.009999999776482582,
          "loss": 0.0,
          "name": "Y",
          "prediction": 0
        },
        "feature": 4,
        "name": "a2_low",
        "reference": 1,
        "relation": "==",
        "true": {
          "complexity": 0.009999999776482582,
          "loss": 0.0,
          "name": "Y",
          "prediction": 1
        },
        "type": "integral"
      },
      "feature": 1,
      "name": "a1_low",
      "reference": 1,
      "relation": "==",
      "true": {
        "false": {
          "complexity": 0.009999999776482582,
          "loss": 0.0,
          "name": "Y",
          "prediction": 0
        },
        "feature": 13,
        "name": "a6_high",
        "reference": 1,
        "relation": "==",
        "true": {
          "complexity": 0.009999999776482582,
          "loss": 0.0,
          "name": "Y",
          "prediction": 1
        },
        "type": "integral"
      },
      "type": "integral"
    },
    "feature": 2,
    "name": "a1_med",
    "reference": 1,
    "relation": "==",
    "true": {
      "false": {
        "complexity": 0.009999999776482582,
        "loss": 0.0,
        "name": "Y",
        "prediction": 1
      },
      "feature": 14,
      "name": "a6_low",
      "reference": 1,
      "relation": "==",
      "true": {
        "complexity": 0.009999999776482582,
        "loss": 0.0,
        "name": "Y",
        "prediction": 0
      },
      "type": "integral"
    },
    "type": "integral"
  },
  "feature": 9,
  "model_objective": 0.07000000029802322,
  "name": "a4_2",
  "reference": 1,
  "relation": "==",
  "true": {
    "complexity": 0.009999999776482582,
    "loss": 0.0,
    "name": "Y",
    "prediction": 0
  },
  "type": "integral"
}
{
  "false": {
    "false": {
      "false": {
        "false": {
          "complexity": 0.009999999776482582,
          "loss": 0.0,
          "name": "Y",
          "prediction": 0
        },
        "feature": 13,
        "name": "a6_high",
        "reference": 1,
        "relation": "==",
        "true": {
          "false": {
            "complexity": 0.009999999776482582,
            "loss": 0.0,
            "name": "Y",
            "prediction": 1
          },
          "feature": 0,
          "name": "a1_high",
          "reference": 1,
          "relation": "==",
          "true": {
            "complexity": 0.009999999776482582,
            "loss": 0.0,
            "name": "Y",
            "prediction": 0
          },
          "type": "integral"
        },
        "type": "integral"
      },
      "feature": 7,
      "name": "a3_3",
      "reference": 1,
      "relation": "==",
      "true": {
        "false": {
          "complexity": 0.009999999776482582,
          "loss": 0.0,
          "name": "Y",
          "prediction": 0
        },
        "feature": 2,
        "name": "a1_med",
        "reference": 1,
        "relation": "==",
        "true": {
          "complexity": 0.009999999776482582,
          "loss": 0.0,
          "name": "Y",
          "prediction": 1
        },
        "type": "integral"
      },
      "type": "integral"
    },
    "feature": 4,
    "name": "a2_low",
    "reference": 1,
    "relation": "==",
    "true": {
      "complexity": 0.009999999776482582,
      "loss": 0.0,
      "name": "Y",
      "prediction": 1
    },
    "type": "integral"
  },
  "feature": 9,
  "model_objective": 0.06999999284744263,
  "name": "a4_2",
  "reference": 1,
  "relation": "==",
  "true": {
    "complexity": 0.009999999776482582,
    "loss": 0.0,
    "name": "Y",
    "prediction": 0
  },
  "type": "integral"
}
{
  "false": {
    "false": {
      "false": {
        "false": {
          "false": {
            "complexity": 0.009999999776482582,
            "loss": 0.0,
            "name": "Y",
            "prediction": 0
          },
          "feature": 2,
          "name": "a1_med",
          "reference": 1,
          "relation": "==",
          "true": {
            "complexity": 0.009999999776482582,
            "loss": 0.0,
            "name": "Y",
            "prediction": 1
          },
          "type": "integral"
        },
        "feature": 1,
        "name": "a1_low",
        "reference": 1,
        "relation": "==",
        "true": {
          "false": {
            "complexity": 0.009999999776482582,
            "loss": 0.0,
            "name": "Y",
            "prediction": 0
          },
          "feature": 13,
          "name": "a6_high",
          "reference": 1,
          "relation": "==",
          "true": {
            "complexity": 0.009999999776482582,
            "loss": 0.0,
            "name": "Y",
            "prediction": 1
          },
          "type": "integral"
        },
        "type": "integral"
      },
      "feature": 14,
      "name": "a6_low",
      "reference": 1,
      "relation": "==",
      "true": {
        "complexity": 0.009999999776482582,
        "loss": 0.0,
        "name": "Y",
        "prediction": 0
      },
      "type": "integral"
    },
    "feature": 4,
    "name": "a2_low",
    "reference": 1,
    "relation": "==",
    "true": {
      "complexity": 0.009999999776482582,
      "loss": 0.0,
      "name": "Y",
      "prediction": 1
    },
    "type": "integral"
  },
  "feature": 9,
  "model_objective": 0.06999999284744263,
  "name": "a4_2",
  "reference": 1,
  "relation": "==",
  "true": {
    "complexity": 0.009999999776482582,
    "loss": 0.0,
    "name": "Y",
    "prediction": 0
  },
  "type": "integral"
}
