null
Finding Optimal Objective...
{
  "false": {
    "complexity": 0.009999999776482582,
    "loss": 0.0,
    "name": "Y",
    "prediction": 1
  },
  "feature": 7,
  "model_objective": 0.17374998331069946,
  "name": "juvenile-crimes:=0",
  "reference": 1,
  "relation": "==",
  "true": {
    "false": {
      "false": {
        "false": {
          "complexity": 0.009999999776482582,
          "loss": 0.03125,
          "name": "Y",
          "prediction": 0
        },
        "feature": 4,
        "name": "age:<46",
        "reference": 1,
        "relation": "==",
        "true": {
          "false": {
            "complexity": 0.009999999776482582,
            "loss": 0.03125,
            "name": "Y",
            "prediction": 1
          },
          "feature": 8,
          "name": "priors:=0",
          "reference": 1,
          "relation": "==",
          "true": {
            "complexity": 0.009999999776482582,
            "loss": 0.0,
            "name": "Y",
            "prediction": 0
          },
          "type": "integral"
        },
        "type": "integral"
      },
      "feature": 9,
      "name": "priors:=1",
      "reference": 1,
      "relation": "==",
      "true": {
        "false": {
          "complexity": 0.009999999776482582,
          "loss": 0.0,
          "name": "Y",
          "prediction": 1
        },
        "feature": 3,
        "name": "age:<26",
        "reference": 1,
        "relation": "==",
        "true": {
          "complexity": 0.009999999776482582,
          "loss": 0.0,
          "name": "Y",
          "prediction": 0
        },
        "type": "integral"
      },
      "type": "integral"
    },
    "feature": 0,
    "name": "sex:Female",
    "reference": 1,
    "relation": "==",
    "true": {
      "false": {
        "complexity": 0.009999999776482582,
        "loss": 0.03125,
        "name": "Y",
        "prediction": 0
      },
      "feature": 3,
      "name": "age:<26",
      "reference": 1,
      "relation": "==",
      "true": {
        "complexity": 0.009999999776482582,
        "loss": 0.0,
        "name": "Y",
        "prediction": 1
      },
      "type": "integral"
    },
    "type": "integral"
  },
  "type": "integral"
}
{
  "false": {
    "complexity": 0.009999999776482582,
    "loss": 0.0,
    "name": "Y",
    "prediction": 1
  },
  "feature": 7,
  "model_objective": 0.17374998331069946,
  "name": "juvenile-crimes:=0",
  "reference": 1,
  "relation": "==",
  "true": {
    "false": {
      "false": {
        "false": {
          "false": {
            "complexity": 0.009999999776482582,
            "loss": 0.03125,
            "name": "Y",
            "prediction": 0
          },
          "feature": 4,
          "name": "age:<46",
          "reference": 1,
          "relation": "==",
          "true": {
            "complexity": 0.009999999776482582,
            "loss": 0.03125,
            "name": "Y",
            "prediction": 1
          },
          "type": "integral"
        },
        "feature": 8,
        "name": "priors:=0",
        "reference": 1,
        "relation": "==",
        "true": {
          "complexity": 0.009999999776482582,
          "loss": 0.0,
          "name": "Y",
          "prediction": 0
        },
        "type": "integral"
      },
      "feature": 9,
      "name": "priors:=1",
      "reference": 1,
      "relation": "==",
      "true": {
        "false": {
          "complexity": 0.009999999776482582,
          "loss": 0.0,
          "name": "Y",
          "prediction": 1
        },
        "feature": 3,
        "name": "age:<26",
        "reference": 1,
        "relation": "==",
        "true": {
          "complexity": 0.009999999776482582,
          "loss": 0.0,
          "name": "Y",
          "prediction": 0
        },
        "type": "integral"
      },
      "type": "integral"
    },
    "feature": 0,
    "name": "sex:Female",
    "reference": 1,
    "relation": "==",
    "true": {
      "false": {
        "complexity": 0.009999999776482582,
        "loss": 0.03125,
        "name": "Y",
        "prediction": 0
      },
      "feature": 3,
      "name": "age:<26",
      "reference": 1,
      "relation": "==",
      "true": {
        "complexity": 0.009999999776482582,
        "loss": 0.0,
        "name": "Y",
        "prediction": 1
      },
      "type": "integral"
    },
    "type": "integral"
  },
  "type": "integral"
}
{
  "false": {
    "complexity": 0.009999999776482582,
    "loss": 0.0,
    "name": "Y",
    "prediction": 1
  },
  "feature": 7,
  "model_objective": 0.17374998331069946,
  "name": "juvenile-crimes:=0",
  "reference": 1,
  "relation": "==",
  "true": {
    "false": {
      "false": {
        "false": {
          "false": {
            "complexity": 0.009999999776482582,
            "loss": 0.03125,
            "name": "Y",
            "prediction": 0
          },
          "feature": 4,
          "name": "age:<46",
          "reference": 1,
          "relation": "==",
          "true": {
            "complexity": 0.009999999776482582,
            "loss": 0.03125,
            "name": "Y",
            "prediction": 1
          },
          "type": "integral"
        },
        "feature": 9,
        "name": "priors:=1",
        "reference": 1,
        "relation": "==",
        "true": {
          "false": {
            "complexity": 0.009999999776482582,
            "loss": 0.0,
            "name": "Y",
            "prediction": 1
          },
          "feature": 3,
          "name": "age:<26",
          "reference": 1,
          "relation": "==",
          "true": {
            "complexity": 0.009999999776482582,
            "loss": 0.0,
            "name": "Y",
            "prediction": 0
          },
          "type": "integral"
        },
        "type": "integral"
      },
      "feature": 8,
      "name": "priors:=0",
      "reference": 1,
      "relation": "==",
      "true": {
        "complexity": 0.009999999776482582,
        "loss": 0.0,
        "name": "Y",
        "prediction": 0
      },
      "type": "integral"
    },
    "feature": 0,
    "name": "sex:Female",
    "reference": 1,
    "relation": "==",
    "true": {
      "false": {
        "complexity": 0.009999999776482582,
        "loss": 0.03125,
        "name": "Y",
        "prediction": 0
      },
      "feature": 3,
      "name": "age:<26",
      "reference": 1,
      "relation": "==",
      "true": {
        "complexity": 0.009999999776482582,
        "loss": 0.0,
        "name": "Y",
        "prediction": 1
      },
      "type": "integral"
    },
    "type": "integral"
  },
  "type": "integral"
}
null
Finding Optimal Objective...
{
  "false": {
    "complexity": 0.009999999776482582,
    "loss": 0.0,
    "name": "Y",
    "prediction": 1
  },
  "feature": 7,
  "model_objective": 0.1709090769290924,
  "name": "juvenile-crimes:=0",
  "reference": 1,
  "relation": "==",
  "true": {
    "false": {
      "false": {
        "false": {
          "complexity": 0.009999999776482582,
          "loss": 0.03030303120613098,
          "name": "Y",
          "prediction": 0
        },
        "feature": 4,
        "name": "age:<46",
        "reference": 1,
        "relation": "==",
        "true": {
          "false": {
            "complexity": 0.009999999776482582,
            "loss": 0.03030303120613098,
            "name": "Y",
            "prediction": 1
          },
          "feature": 8,
          "name": "priors:=0",
          "reference": 1,
          "relation": "==",
          "true": {
            "complexity": 0.009999999776482582,
            "loss": 0.0,
            "name": "Y",
            "prediction": 0
          },
          "type": "integral"
        },
        "type": "integral"
      },
      "feature": 9,
      "name": "priors:=1",
      "reference": 1,
      "relation": "==",
      "true": {
        "false": {
          "complexity": 0.009999999776482582,
          "loss": 0.0,
          "name": "Y",
          "prediction": 1
        },
        "feature": 3,
        "name": "age:<26",
        "reference": 1,
        "relation": "==",
        "true": {
          "complexity": 0.009999999776482582,
          "loss": 0.0,
          "name": "Y",
          "prediction": 0
        },
        "type": "integral"
      },
      "type": "integral"
    },
    "feature": 0,
    "name": "sex:Female",
    "reference": 1,
    "relation": "==",
    "true": {
      "false": {
        "complexity": 0.009999999776482582,
        "loss": 0.03030303120613098,
        "name": "Y",
        "prediction": 0
      },
      "feature": 3,
      "name": "age:<26",
      "reference": 1,
      "relation": "==",
      "true": {
        "complexity": 0.009999999776482582,
        "loss": 0.0,
        "name": "Y",
        "prediction": 1
      },
      "type": "integral"
    },
    "type": "integral"
  },
  "type": "integral"
}
{
  "false": {
    "complexity": 0.009999999776482582,
    "loss": 0.0,
    "name": "Y",
    "prediction": 1
  },
  "feature": 7,
  "model_objective": 0.1709090769290924,
  "name": "juvenile-crimes:=0",
  "reference": 1,
  "relation": "==",
  "true": {
    "false": {
      "false": {
        "false": {
          "false": {
            "complexity": 0.009999999776482582,
            "loss": 0.03030303120613098,
            "name": "Y",
            "prediction": 0
          },
          "feature": 4,
          "name": "age:<46",
          "reference": 1,
          "relation": "==",
          "true": {
            "complexity": 0.009999999776482582,
            "loss": 0.03030303120613098,
            "name": "Y",
            "prediction": 1
          },
          "type": "integral"
        },
        "feature": 8,
        "name": "priors:=0",
        "reference": 1,
        "relation": "==",
        "true": {
          "complexity": 0.009999999776482582,
          "loss": 0.0,
          "name": "Y",
          "prediction": 0
        },
        "type": "integral"
      },
      "feature": 9,
      "name": "priors:=1",
      "reference": 1,
      "relation": "==",
      "true": {
        "false": {
          "complexity": 0.009999999776482582,
          "loss": 0.0,
          "name": "Y",
          "prediction": 1
        },
        "feature": 3,
        "name": "age:<26",
        "reference": 1,
        "relation": "==",
        "true": {
          "complexity": 0.009999999776482582,
          "loss": 0.0,
          "name": "Y",
          "prediction": 0
        },
        "type": "integral"
      },
      "type": "integral"
    },
    "feature": 0,
    "name": "sex:Female",
    "reference": 1,
    "relation": "==",
    "true": {
      "false": {
        "complexity": 0.009999999776482582,
        "loss": 0.03030303120613098,
        "name": "Y",
        "prediction": 0
      },
      "feature": 3,
      "name": "age:<26",
      "reference": 1,
      "relation": "==",
      "true": {
        "complexity": 0.009999999776482582,
        "loss": 0.0,
        "name": "Y",
        "prediction": 1
      },
      "type": "integral"
    },
    "type": "integral"
  },
  "type": "integral"
}
{
  "false": {
    "complexity": 0.009999999776482582,
    "loss": 0.0,
    "name": "Y",
    "prediction": 1
  },
  "feature": 7,
  "model_objective": 0.1709090769290924,
  "name": "juvenile-crimes:=0",
  "reference": 1,
  "relation": "==",
  "true": {
    "false": {
      "false": {
        "false": {
          "false": {
            "complexity": 0.009999999776482582,
            "loss": 0.03030303120613098,
            "name": "Y",
            "prediction": 0
          },
          "feature": 4,
          "name": "age:<46",
          "reference": 1,
          "relation": "==",
          "true": {
            "complexity": 0.009999999776482582,
            "loss": 0.03030303120613098,
            "name": "Y",
            "prediction": 1
          },
          "type": "integral"
        },
        "feature": 9,
        "name": "priors:=1",
        "reference": 1,
        "relation": "==",
        "true": {
          "false": {
            "complexity": 0.009999999776482582,
            "loss": 0.0,
            "name": "Y",
            "prediction": 1
          },
          "feature": 3,
          "name": "age:<26",
          "reference": 1,
          "relation": "==",
          "true": {
            "complexity": 0.009999999776482582,
            "loss": 0.0,
            "name": "Y",
            "prediction": 0
          },
          "type": "integral"
        },
        "type": "integral"
      },
      "feature": 8,
      "name": "priors:=0",
      "reference": 1,
      "relation": "==",
      "true": {
        "complexity": 0.009999999776482582,
        "loss": 0.0,
        "name": "Y",
        "prediction": 0
      },
      "type": "integral"
    },
    "feature": 0,
    "name": "sex:Female",
    "reference": 1,
    "relation": "==",
    "true": {
      "false": {
        "complexity": 0.009999999776482582,
        "loss": 0.03030303120613098,
        "name": "Y",
        "prediction": 0
      },
      "feature": 3,
      "name": "age:<26",
      "reference": 1,
      "relation": "==",
      "true": {
        "complexity": 0.009999999776482582,
        "loss": 0.0,
        "name": "Y",
        "prediction": 1
      },
      "type": "integral"
    },
    "type": "integral"
  },
  "type": "integral"
}
null
Finding Optimal Objective...
{
  "false": {
    "complexity": 0.009999999776482582,
    "loss": 0.0,
    "name": "Y",
    "prediction": 1
  },
  "feature": 7,
  "model_objective": 0.16823528707027435,
  "name": "juvenile-crimes:=0",
  "reference": 1,
  "relation": "==",
  "true": {
    "false": {
      "false": {
        "false": {
          "complexity": 0.009999999776482582,
          "loss": 0.029411764815449715,
          "name": "Y",
          "prediction": 0
        },
        "feature": 4,
        "name": "age:<46",
        "reference": 1,
        "relation": "==",
        "true": {
          "false": {
            "complexity": 0.009999999776482582,
            "loss": 0.029411764815449715,
            "name": "Y",
            "prediction": 1
          },
          "feature": 8,
          "name": "priors:=0",
          "reference": 1,
          "relation": "==",
          "true": {
            "complexity": 0.009999999776482582,
            "loss": 0.0,
            "name": "Y",
            "prediction": 0
          },
          "type": "integral"
        },
        "type": "integral"
      },
      "feature": 9,
      "name": "priors:=1",
      "reference": 1,
      "relation": "==",
      "true": {
        "false": {
          "complexity": 0.009999999776482582,
          "loss": 0.0,
          "name": "Y",
          "prediction": 1
        },
        "feature": 3,
        "name": "age:<26",
        "reference": 1,
        "relation": "==",
        "true": {
          "complexity": 0.009999999776482582,
          "loss": 0.0,
          "name": "Y",
          "prediction": 0
        },
        "type": "integral"
      },
      "type": "integral"
    },
    "feature": 0,
    "name": "sex:Female",
    "reference": 1,
    "relation": "==",
    "true": {
      "false": {
        "complexity": 0.009999999776482582,
        "loss": 0.029411764815449715,
        "name": "Y",
        "prediction": 0
      },
      "feature": 3,
      "name": "age:<26",
      "reference": 1,
      "relation": "==",
      "true": {
        "complexity": 0.009999999776482582,
        "loss": 0.0,
        "name": "Y",
        "prediction": 1
      },
      "type": "integral"
    },
    "type": "integral"
  },
  "type": "integral"
}
{
  "false": {
    "complexity": 0.009999999776482582,
    "loss": 0.0,
    "name": "Y",
    "prediction": 1
  },
  "feature": 7,
  "model_objective": 0.16823528707027435,
  "name": "juvenile-crimes:=0",
  "reference": 1,
  "relation": "==",
  "true": {
    "false": {
      "false": {
        "false": {
          "false": {
            "complexity": 0.009999999776482582,
            "loss": 0.029411764815449715,
            "name": "Y",
            "prediction": 0
          },
          "feature": 4,
          "name": "age:<46",
          "reference": 1,
          "relation": "==",
          "true": {
            "complexity": 0.009999999776482582,
            "loss": 0.029411764815449715,
            "name": "Y",
            "prediction": 1
          },
          "type": "integral"
        },
        "feature": 8,
        "name": "priors:=0",
        "reference": 1,
        "relation": "==",
        "true": {
          "complexity": 0.009999999776482582,
          "loss": 0.0,
          "name": "Y",
          "prediction": 0
        },
        "type": "integral"
      },
      "feature": 9,
      "name": "priors:=1",
      "reference": 1,
      "relation": "==",
      "true": {
        "false": {
          "complexity": 0.009999999776482582,
          "loss": 0.0,
          "name": "Y",
          "prediction": 1
        },
        "feature": 3,
        "name": "age:<26",
        "reference": 1,
        "relation": "==",
        "true": {
          "complexity": 0.009999999776482582,
          "loss": 0.0,
          "name": "Y",
          "prediction": 0
        },
        "type": "integral"
      },
      "type": "integral"
    },
    "feature": 0,
    "name": "sex:Female",
    "reference": 1,
    "relation": "==",
    "true": {
      "false": {
        "complexity": 0.009999999776482582,
        "loss": 0.029411764815449715,
        "name": "Y",
        "prediction": 0
      },
      "feature": 3,
      "name": "age:<26",
      "reference": 1,
      "relation": "==",
      "true": {
        "complexity": 0.009999999776482582,
        "loss": 0.0,
        "name": "Y",
        "prediction": 1
      },
      "type": "integral"
    },
    "type": "integral"
  },
  "type": "integral"
}
{
  "false": {
    "complexity": 0.009999999776482582,
    "loss": 0.0,
    "name": "Y",
    "prediction": 1
  },
  "feature": 7,
  "model_objective": 0.16823528707027435,
  "name": "juvenile-crimes:=0",
  "reference": 1,
  "relation": "==",
  "true": {
    "false": {
      "false": {
        "false": {
          "false": {
            "complexity": 0.009999999776482582,
            "loss": 0.029411764815449715,
            "name": "Y",
            "prediction": 0
          },
          "feature": 4,
          "name": "age:<46",
          "reference": 1,
          "relation": "==",
          "true": {
            "complexity": 0.009999999776482582,
            "loss": 0.029411764815449715,
            "name": "Y",
            "prediction": 1
          },
          "type": "integral"
        },
        "feature": 9,
        "name": "priors:=1",
        "reference": 1,
        "relation": "==",
        "true": {
          "false": {
            "complexity": 0.009999999776482582,
            "loss": 0.0,
            "name": "Y",
            "prediction": 1
          },
          "feature": 3,
          "name": "age:<26",
          "reference": 1,
          "relation": "==",
          "true": {
            "complexity": 0.009999999776482582,
            "loss": 0.0,
            "name": "Y",
            "prediction": 0
          },
          "type": "integral"
        },
        "type": "integral"
      },
      "feature": 8,
      "name": "priors:=0",
      "reference": 1,
      "relation": "==",
      "true": {
        "complexity": 0.009999999776482582,
        "loss": 0.0,
        "name": "Y",
        "prediction": 0
      },
      "type": "integral"
    },
    "feature": 0,
    "name": "sex:Female",
    "reference": 1,
    "relation": "==",
    "true": {
      "false": {
        "complexity": 0.009999999776482582,
        "loss": 0.029411764815449715,
        "name": "Y",
        "prediction": 0
      },
      "feature": 3,
      "name": "age:<26",
      "reference": 1,
      "relation": "==",
      "true": {
        "complexity": 0.009999999776482582,
        "loss": 0.0,
        "name": "Y",
        "prediction": 1
      },
      "type": "integral"
    },
    "type": "integral"
  },
  "type": "integral"
}
null
Finding Optimal Objective...
{
  "false": {
    "complexity": 0.009999999776482582,
    "loss": 0.0,
    "name": "Y",
    "prediction": 1
  },
  "feature": 7,
  "model_objective": 0.16571427881717682,
  "name": "juvenile-crimes:=0",
  "reference": 1,
  "relation": "==",
  "true": {
    "false": {
      "false": {
        "false": {
          "false": {
            "complexity": 0.009999999776482582,
            "loss": 0.02857142873108387,
            "name": "Y",
            "prediction": 0
          },
          "feature": 4,
          "name": "age:<46",
          "reference": 1,
          "relation": "==",
          "true": {
            "complexity": 0.009999999776482582,
            "loss": 0.02857142873108387,
            "name": "Y",
            "prediction": 1
          },
          "type": "integral"
        },
        "feature": 9,
        "name": "priors:=1",
        "reference": 1,
        "relation": "==",
        "true": {
          "false": {
            "complexity": 0.009999999776482582,
            "loss": 0.0,
            "name": "Y",
            "prediction": 1
          },
          "feature": 3,
          "name": "age:<26",
          "reference": 1,
          "relation": "==",
          "true": {
            "complexity": 0.009999999776482582,
            "loss": 0.0,
            "name": "Y",
            "prediction": 0
          },
          "type": "integral"
        },
        "type": "integral"
      },
      "feature": 8,
      "name": "priors:=0",
      "reference": 1,
      "relation": "==",
      "true": {
        "complexity": 0.009999999776482582,
        "loss": 0.0,
        "name": "Y",
        "prediction": 0
      },
      "type": "integral"
    },
    "feature": 0,
    "name": "sex:Female",
    "reference": 1,
    "relation": "==",
    "true": {
      "false": {
        "complexity": 0.009999999776482582,
        "loss": 0.02857142873108387,
        "name": "Y",
        "prediction": 0
      },
      "feature": 3,
      "name": "age:<26",
      "reference": 1,
      "relation": "==",
      "true": {
        "complexity": 0.009999999776482582,
        "loss": 0.0,
        "name": "Y",
        "prediction": 1
      },
      "type": "integral"
    },
    "type": "integral"
  },
  "type": "integral"
}
null
Finding Optimal Objective...
{
  "false": {
    "complexity": 0.009999999776482582,
    "loss": 0.0,
    "name": "Y",
    "prediction": 1
  },
  "feature": 7,
  "model_objective": 0.16333332657814026,
  "name": "juvenile-crimes:=0",
  "reference": 1,
  "relation": "==",
  "true": {
    "false": {
      "false": {
        "false": {
          "false": {
            "complexity": 0.009999999776482582,
            "loss": 0.02777777798473835,
            "name": "Y",
            "prediction": 0
          },
          "feature": 4,
          "name": "age:<46",
          "reference": 1,
          "relation": "==",
          "true": {
            "complexity": 0.009999999776482582,
            "loss": 0.02777777798473835,
            "name": "Y",
            "prediction": 1
          },
          "type": "integral"
        },
        "feature": 9,
        "name": "priors:=1",
        "reference": 1,
        "relation": "==",
        "true": {
          "false": {
            "complexity": 0.009999999776482582,
            "loss": 0.0,
            "name": "Y",
            "prediction": 1
          },
          "feature": 3,
          "name": "age:<26",
          "reference": 1,
          "relation": "==",
          "true": {
            "complexity": 0.009999999776482582,
            "loss": 0.0,
            "name": "Y",
            "prediction": 0
          },
          "type": "integral"
        },
        "type": "integral"
      },
      "feature": 8,
      "name": "priors:=0",
      "reference": 1,
      "relation": "==",
      "true": {
        "complexity": 0.009999999776482582,
        "loss": 0.0,
        "name": "Y",
        "prediction": 0
      },
      "type": "integral"
    },
    "feature": 0,
    "name": "sex:Female",
    "reference": 1,
    "relation": "==",
    "true": {
      "false": {
        "complexity": 0.009999999776482582,
        "loss": 0.02777777798473835,
        "name": "Y",
        "prediction": 0
      },
      "feature": 3,
      "name": "age:<26",
      "reference": 1,
      "relation": "==",
      "true": {
        "complexity": 0.009999999776482582,
        "loss": 0.0,
        "name": "Y",
        "prediction": 1
      },
      "type": "integral"
    },
    "type": "integral"
  },
  "type": "integral"
}
null
Finding Optimal Objective...
{
  "false": {
    "complexity": 0.009999999776482582,
    "loss": 0.0,
    "name": "Y",
    "prediction": 1
  },
  "feature": 7,
  "model_objective": 0.171081081032753,
  "name": "juvenile-crimes:=0",
  "reference": 1,
  "relation": "==",
  "true": {
    "false": {
      "false": {
        "false": {
          "false": {
            "complexity": 0.009999999776482582,
            "loss": 0.027027027681469917,
            "name": "Y",
            "prediction": 0
          },
          "feature": 4,
          "name": "age:<46",
          "reference": 1,
          "relation": "==",
          "true": {
            "complexity": 0.009999999776482582,
            "loss": 0.027027027681469917,
            "name": "Y",
            "prediction": 1
          },
          "type": "integral"
        },
        "feature": 9,
        "name": "priors:=1",
        "reference": 1,
        "relation": "==",
        "true": {
          "false": {
            "complexity": 0.009999999776482582,
            "loss": 0.0,
            "name": "Y",
            "prediction": 1
          },
          "feature": 3,
          "name": "age:<26",
          "reference": 1,
          "relation": "==",
          "true": {
            "complexity": 0.009999999776482582,
            "loss": 0.0,
            "name": "Y",
            "prediction": 0
          },
          "type": "integral"
        },
        "type": "integral"
      },
      "feature": 8,
      "name": "priors:=0",
      "reference": 1,
      "relation": "==",
      "true": {
        "complexity": 0.009999999776482582,
        "loss": 0.0,
        "name": "Y",
        "prediction": 0
      },
      "type": "integral"
    },
    "feature": 0,
    "name": "sex:Female",
    "reference": 1,
    "relation": "==",
    "true": {
      "false": {
        "false": {
          "complexity": 0.009999999776482582,
          "loss": 0.027027027681469917,
          "name": "Y",
          "prediction": 0
        },
        "feature": 3,
        "name": "age:<26",
        "reference": 1,
        "relation": "==",
        "true": {
          "complexity": 0.009999999776482582,
          "loss": 0.0,
          "name": "Y",
          "prediction": 1
        },
        "type": "integral"
      },
      "feature": 9,
      "name": "priors:=1",
      "reference": 1,
      "relation": "==",
      "true": {
        "complexity": 0.009999999776482582,
        "loss": 0.0,
        "name": "Y",
        "prediction": 0
      },
      "type": "integral"
    },
    "type": "integral"
  },
  "type": "integral"
}
{
  "false": {
    "complexity": 0.009999999776482582,
    "loss": 0.0,
    "name": "Y",
    "prediction": 1
  },
  "feature": 7,
  "model_objective": 0.171081081032753,
  "name": "juvenile-crimes:=0",
  "reference": 1,
  "relation": "==",
  "true": {
    "false": {
      "false": {
        "false": {
          "false": {
            "complexity": 0.009999999776482582,
            "loss": 0.027027027681469917,
            "name": "Y",
            "prediction": 0
          },
          "feature": 4,
          "name": "age:<46",
          "reference": 1,
          "relation": "==",
          "true": {
            "complexity": 0.009999999776482582,
            "loss": 0.027027027681469917,
            "name": "Y",
            "prediction": 1
          },
          "type": "integral"
        },
        "feature": 9,
        "name": "priors:=1",
        "reference": 1,
        "relation": "==",
        "true": {
          "false": {
            "complexity": 0.009999999776482582,
            "loss": 0.0,
            "name": "Y",
            "prediction": 1
          },
          "feature": 3,
          "name": "age:<26",
          "reference": 1,
          "relation": "==",
          "true": {
            "complexity": 0.009999999776482582,
            "loss": 0.0,
            "name": "Y",
            "prediction": 0
          },
          "type": "integral"
        },
        "type": "integral"
      },
      "feature": 8,
      "name": "priors:=0",
      "reference": 1,
      "relation": "==",
      "true": {
        "complexity": 0.009999999776482582,
        "loss": 0.0,
        "name": "Y",
        "prediction": 0
      },
      "type": "integral"
    },
    "feature": 0,
    "name": "sex:Female",
    "reference": 1,
    "relation": "==",
    "true": {
      "false": {
        "complexity": 0.009999999776482582,
        "loss": 0.027027027681469917,
        "name": "Y",
        "prediction": 0
      },
      "feature": 3,
      "name": "age:<26",
      "reference": 1,
      "relation": "==",
      "true": {
        "false": {
          "complexity": 0.009999999776482582,
          "loss": 0.0,
          "name": "Y",
          "prediction": 1
        },
        "feature": 9,
        "name": "priors:=1",
        "reference": 1,
        "relation": "==",
        "true": {
          "complexity": 0.009999999776482582,
          "loss": 0.0,
          "name": "Y",
          "prediction": 0
        },
        "type": "integral"
      },
      "type": "integral"
    },
    "type": "integral"
  },
  "type": "integral"
}
{
  "false": {
    "complexity": 0.009999999776482582,
    "loss": 0.0,
    "name": "Y",
    "prediction": 1
  },
  "feature": 7,
  "model_objective": 0.171081081032753,
  "name": "juvenile-crimes:=0",
  "reference": 1,
  "relation": "==",
  "true": {
    "false": {
      "false": {
        "complexity": 0.009999999776482582,
        "loss": 0.027027027681469917,
        "name": "Y",
        "prediction": 0
      },
      "feature": 4,
      "name": "age:<46",
      "reference": 1,
      "relation": "==",
      "true": {
        "false": {
          "false": {
            "complexity": 0.009999999776482582,
            "loss": 0.027027027681469917,
            "name": "Y",
            "prediction": 1
          },
          "feature": 8,
          "name": "priors:=0",
          "reference": 1,
          "relation": "==",
          "true": {
            "complexity": 0.009999999776482582,
            "loss": 0.0,
            "name": "Y",
            "prediction": 0
          },
          "type": "integral"
        },
        "feature": 0,
        "name": "sex:Female",
        "reference": 1,
        "relation": "==",
        "true": {
          "false": {
            "complexity": 0.009999999776482582,
            "loss": 0.027027027681469917,
            "name": "Y",
            "prediction": 0
          },
          "feature": 3,
          "name": "age:<26",
          "reference": 1,
          "relation": "==",
          "true": {
            "complexity": 0.009999999776482582,
            "loss": 0.0,
            "name": "Y",
            "prediction": 1
          },
          "type": "integral"
        },
        "type": "integral"
      },
      "type": "integral"
    },
    "feature": 9,
    "name": "priors:=1",
    "reference": 1,
    "relation": "==",
    "true": {
      "false": {
        "false": {
          "complexity": 0.009999999776482582,
          "loss": 0.0,
          "name": "Y",
          "prediction": 1
        },
        "feature": 0,
        "name": "sex:Female",
        "reference": 1,
        "relation": "==",
        "true": {
          "complexity": 0.009999999776482582,
          "loss": 0.0,
          "name": "Y",
          "prediction": 0
        },
        "type": "integral"
      },
      "feature": 3,
      "name": "age:<26",
      "reference": 1,
      "relation": "==",
      "true": {
        "complexity": 0.009999999776482582,
        "loss": 0.0,
        "name": "Y",
        "prediction": 0
      },
      "type": "integral"
    },
    "type": "integral"
  },
  "type": "integral"
}
{
  "false": {
    "complexity": 0.009999999776482582,
    "loss": 0.0,
    "name": "Y",
    "prediction": 1
  },
  "feature": 7,
  "model_objective": 0.171081081032753,
  "name": "juvenile-crimes:=0",
  "reference": 1,
  "relation": "==",
  "true": {
    "false": {
      "false": {
        "complexity": 0.009999999776482582,
        "loss": 0.027027027681469917,
        "name": "Y",
        "prediction": 0
      },
      "feature": 4,
      "name": "age:<46",
      "reference": 1,
      "relation": "==",
      "true": {
        "false": {
          "false": {
            "complexity": 0.009999999776482582,
            "loss": 0.027027027681469917,
            "name": "Y",
            "prediction": 1
          },
          "feature": 8,
          "name": "priors:=0",
          "reference": 1,
          "relation": "==",
          "true": {
            "complexity": 0.009999999776482582,
            "loss": 0.0,
            "name": "Y",
            "prediction": 0
          },
          "type": "integral"
        },
        "feature": 0,
        "name": "sex:Female",
        "reference": 1,
        "relation": "==",
        "true": {
          "false": {
            "complexity": 0.009999999776482582,
            "loss": 0.027027027681469917,
            "name": "Y",
            "prediction": 0
          },
          "feature": 3,
          "name": "age:<26",
          "reference": 1,
          "relation": "==",
          "true": {
            "complexity": 0.009999999776482582,
            "loss": 0.0,
            "name": "Y",
            "prediction": 1
          },
          "type": "integral"
        },
        "type": "integral"
      },
      "type": "integral"
    },
    "feature": 9,
    "name": "priors:=1",
    "reference": 1,
    "relation": "==",
    "true": {
      "false": {
        "false": {
          "complexity": 0.009999999776482582,
          "loss": 0.0,
          "name": "Y",
          "prediction": 1
        },
        "feature": 3,
        "name": "age:<26",
        "reference": 1,
        "relation": "==",
        "true": {
          "complexity": 0.009999999776482582,
          "loss": 0.0,
          "name": "Y",
          "prediction": 0
        },
        "type": "integral"
      },
      "feature": 0,
      "name": "sex:Female",
      "reference": 1,
      "relation": "==",
      "true": {
        "complexity": 0.009999999776482582,
        "loss": 0.0,
        "name": "Y",
        "prediction": 0
      },
      "type": "integral"
    },
    "type": "integral"
  },
  "type": "integral"
}
null
Finding Optimal Objective...
{
  "false": {
    "complexity": 0.009999999776482582,
    "loss": 0.0,
    "name": "Y",
    "prediction": 1
  },
  "feature": 7,
  "model_objective": 0.16894736886024475,
  "name": "juvenile-crimes:=0",
  "reference": 1,
  "relation": "==",
  "true": {
    "false": {
      "false": {
        "false": {
          "complexity": 0.009999999776482582,
          "loss": 0.02631578966975212,
          "name": "Y",
          "prediction": 0
        },
        "feature": 4,
        "name": "age:<46",
        "reference": 1,
        "relation": "==",
        "true": {
          "false": {
            "complexity": 0.009999999776482582,
            "loss": 0.02631578966975212,
            "name": "Y",
            "prediction": 1
          },
          "feature": 8,
          "name": "priors:=0",
          "reference": 1,
          "relation": "==",
          "true": {
            "complexity": 0.009999999776482582,
            "loss": 0.0,
            "name": "Y",
            "prediction": 0
          },
          "type": "integral"
        },
        "type": "integral"
      },
      "feature": 9,
      "name": "priors:=1",
      "reference": 1,
      "relation": "==",
      "true": {
        "false": {
          "complexity": 0.009999999776482582,
          "loss": 0.0,
          "name": "Y",
          "prediction": 1
        },
        "feature": 3,
        "name": "age:<26",
        "reference": 1,
        "relation": "==",
        "true": {
          "complexity": 0.009999999776482582,
          "loss": 0.0,
          "name": "Y",
          "prediction": 0
        },
        "type": "integral"
      },
      "type": "integral"
    },
    "feature": 0,
    "name": "sex:Female",
    "reference": 1,
    "relation": "==",
    "true": {
      "false": {
        "false": {
          "complexity": 0.009999999776482582,
          "loss": 0.02631578966975212,
          "name": "Y",
          "prediction": 0
        },
        "feature": 3,
        "name": "age:<26",
        "reference": 1,
        "relation": "==",
        "true": {
          "complexity": 0.009999999776482582,
          "loss": 0.0,
          "name": "Y",
          "prediction": 1
        },
        "type": "integral"
      },
      "feature": 9,
      "name": "priors:=1",
      "reference": 1,
      "relation": "==",
      "true": {
        "complexity": 0.009999999776482582,
        "loss": 0.0,
        "name": "Y",
        "prediction": 0
      },
      "type": "integral"
    },
    "type": "integral"
  },
  "type": "integral"
}
{
  "false": {
    "complexity": 0.009999999776482582,
    "loss": 0.0,
    "name": "Y",
    "prediction": 1
  },
  "feature": 7,
  "model_objective": 0.16894736886024475,
  "name": "juvenile-crimes:=0",
  "reference": 1,
  "relation": "==",
  "true": {
    "false": {
      "false": {
        "false": {
          "false": {
            "complexity": 0.009999999776482582,
            "loss": 0.02631578966975212,
            "name": "Y",
            "prediction": 0
          },
          "feature": 4,
          "name": "age:<46",
          "reference": 1,
          "relation": "==",
          "true": {
            "complexity": 0.009999999776482582,
            "loss": 0.02631578966975212,
            "name": "Y",
            "prediction": 1
          },
          "type": "integral"
        },
        "feature": 8,
        "name": "priors:=0",
        "reference": 1,
        "relation": "==",
        "true": {
          "complexity": 0.009999999776482582,
          "loss": 0.0,
          "name": "Y",
          "prediction": 0
        },
        "type": "integral"
      },
      "feature": 9,
      "name": "priors:=1",
      "reference": 1,
      "relation": "==",
      "true": {
        "false": {
          "complexity": 0.009999999776482582,
          "loss": 0.0,
          "name": "Y",
          "prediction": 1
        },
        "feature": 3,
        "name": "age:<26",
        "reference": 1,
        "relation": "==",
        "true": {
          "complexity": 0.009999999776482582,
          "loss": 0.0,
          "name": "Y",
          "prediction": 0
        },
        "type": "integral"
      },
      "type": "integral"
    },
    "feature": 0,
    "name": "sex:Female",
    "reference": 1,
    "relation": "==",
    "true": {
      "false": {
        "false": {
          "complexity": 0.009999999776482582,
          "loss": 0.02631578966975212,
          "name": "Y",
          "prediction": 0
        },
        "feature": 3,
        "name": "age:<26",
        "reference": 1,
        "relation": "==",
        "true": {
          "complexity": 0.009999999776482582,
          "loss": 0.0,
          "name": "Y",
          "prediction": 1
        },
        "type": "integral"
      },
      "feature": 9,
      "name": "priors:=1",
      "reference": 1,
      "relation": "==",
      "true": {
        "complexity": 0.009999999776482582,
        "loss": 0.0,
        "name": "Y",
        "prediction": 0
      },
      "type": "integral"
    },
    "type": "integral"
  },
  "type": "integral"
}
{
  "false": {
    "complexity": 0.009999999776482582,
    "loss": 0.0,
    "name": "Y",
    "prediction": 1
  },
  "feature": 7,
  "model_objective": 0.16894736886024475,
  "name": "juvenile-crimes:=0",
  "reference": 1,
  "relation": "==",
  "true": {
    "false": {
      "false": {
        "false": {
          "complexity": 0.009999999776482582,
          "loss": 0.02631578966975212,
          "name": "Y",
          "prediction": 0
        },
        "feature": 4,
        "name": "age:<46",
        "reference": 1,
        "relation": "==",
        "true": {
          "false": {
            "complexity": 0.009999999776482582,
            "loss": 0.02631578966975212,
            "name": "Y",
            "prediction": 1
          },
          "feature": 8,
          "name": "priors:=0",
          "reference": 1,
          "relation": "==",
          "true": {
            "complexity": 0.009999999776482582,
            "loss": 0.0,
            "name": "Y",
            "prediction": 0
          },
          "type": "integral"
        },
        "type": "integral"
      },
      "feature": 9,
      "name": "priors:=1",
      "reference": 1,
      "relation": "==",
      "true": {
        "false": {
          "complexity": 0.009999999776482582,
          "loss": 0.0,
          "name": "Y",
          "prediction": 1
        },
        "feature": 3,
        "name": "age:<26",
        "reference": 1,
        "relation": "==",
        "true": {
          "complexity": 0.009999999776482582,
          "loss": 0.0,
          "name": "Y",
          "prediction": 0
        },
        "type": "integral"
      },
      "type": "integral"
    },
    "feature": 0,
    "name": "sex:Female",
    "reference": 1,
    "relation": "==",
    "true": {
      "false": {
        "complexity": 0.009999999776482582,
        "loss": 0.02631578966975212,
        "name": "Y",
        "prediction": 0
      },
      "feature": 3,
      "name": "age:<26",
      "reference": 1,
      "relation": "==",
      "true": {
        "false": {
          "complexity": 0.009999999776482582,
          "loss": 0.0,
          "name": "Y",
          "prediction": 1
        },
        "feature": 9,
        "name": "priors:=1",
        "reference": 1,
        "relation": "==",
        "true": {
          "complexity": 0.009999999776482582,
          "loss": 0.0,
          "name": "Y",
          "prediction": 0
        },
        "type": "integral"
      },
      "type": "integral"
    },
    "type": "integral"
  },
  "type": "integral"
}
{
  "false": {
    "complexity": 0.009999999776482582,
    "loss": 0.0,
    "name": "Y",
    "prediction": 1
  },
  "feature": 7,
  "model_objective": 0.16894736886024475,
  "name": "juvenile-crimes:=0",
  "reference": 1,
  "relation": "==",
  "true": {
    "false": {
      "false": {
        "false": {
          "false": {
            "complexity": 0.009999999776482582,
            "loss": 0.02631578966975212,
            "name": "Y",
            "prediction": 0
          },
          "feature": 4,
          "name": "age:<46",
          "reference": 1,
          "relation": "==",
          "true": {
            "complexity": 0.009999999776482582,
            "loss": 0.02631578966975212,
            "name": "Y",
            "prediction": 1
          },
          "type": "integral"
        },
        "feature": 8,
        "name": "priors:=0",
        "reference": 1,
        "relation": "==",
        "true": {
          "complexity": 0.009999999776482582,
          "loss": 0.0,
          "name": "Y",
          "prediction": 0
        },
        "type": "integral"
      },
      "feature": 9,
      "name": "priors:=1",
      "reference": 1,
      "relation": "==",
      "true": {
        "false": {
          "complexity": 0.009999999776482582,
          "loss": 0.0,
          "name": "Y",
          "prediction": 1
        },
        "feature": 3,
        "name": "age:<26",
        "reference": 1,
        "relation": "==",
        "true": {
          "complexity": 0.009999999776482582,
          "loss": 0.0,
          "name": "Y",
          "prediction": 0
        },
        "type": "integral"
      },
      "type": "integral"
    },
    "feature": 0,
    "name": "sex:Female",
    "reference": 1,
    "relation": "==",
    "true": {
      "false": {
        "complexity": 0.009999999776482582,
        "loss": 0.02631578966975212,
        "name": "Y",
        "prediction": 0
      },
      "feature": 3,
      "name": "age:<26",
      "reference": 1,
      "relation": "==",
      "true": {
        "false": {
          "complexity": 0.009999999776482582,
          "loss": 0.0,
          "name": "Y",
          "prediction": 1
        },
        "feature": 9,
        "name": "priors:=1",
        "reference": 1,
        "relation": "==",
        "true": {
          "complexity": 0.009999999776482582,
          "loss": 0.0,
          "name": "Y",
          "prediction": 0
        },
        "type": "integral"
      },
      "type": "integral"
    },
    "type": "integral"
  },
  "type": "integral"
}
{
  "false": {
    "complexity": 0.009999999776482582,
    "loss": 0.0,
    "name": "Y",
    "prediction": 1
  },
  "feature": 7,
  "model_objective": 0.16894736886024475,
  "name": "juvenile-crimes:=0",
  "reference": 1,
  "relation": "==",
  "true": {
    "false": {
      "false": {
        "complexity": 0.009999999776482582,
        "loss": 0.02631578966975212,
        "name": "Y",
        "prediction": 0
      },
      "feature": 4,
      "name": "age:<46",
      "reference": 1,
      "relation": "==",
      "true": {
        "false": {
          "false": {
            "complexity": 0.009999999776482582,
            "loss": 0.02631578966975212,
            "name": "Y",
            "prediction": 1
          },
          "feature": 8,
          "name": "priors:=0",
          "reference": 1,
          "relation": "==",
          "true": {
            "complexity": 0.009999999776482582,
            "loss": 0.0,
            "name": "Y",
            "prediction": 0
          },
          "type": "integral"
        },
        "feature": 0,
        "name": "sex:Female",
        "reference": 1,
        "relation": "==",
        "true": {
          "false": {
            "complexity": 0.009999999776482582,
            "loss": 0.02631578966975212,
            "name": "Y",
            "prediction": 0
          },
          "feature": 3,
          "name": "age:<26",
          "reference": 1,
          "relation": "==",
          "true": {
            "complexity": 0.009999999776482582,
            "loss": 0.0,
            "name": "Y",
            "prediction": 1
          },
          "type": "integral"
        },
        "type": "integral"
      },
      "type": "integral"
    },
    "feature": 9,
    "name": "priors:=1",
    "reference": 1,
    "relation": "==",
    "true": {
      "false": {
        "false": {
          "complexity": 0.009999999776482582,
          "loss": 0.0,
          "name": "Y",
          "prediction": 1
        },
        "feature": 0,
        "name": "sex:Female",
        "reference": 1,
        "relation": "==",
        "true": {
          "complexity": 0.009999999776482582,
          "loss": 0.0,
          "name": "Y",
          "prediction": 0
        },
        "type": "integral"
      },
      "feature": 3,
      "name": "age:<26",
      "reference": 1,
      "relation": "==",
      "true": {
        "complexity": 0.009999999776482582,
        "loss": 0.0,
        "name": "Y",
        "prediction": 0
      },
      "type": "integral"
    },
    "type": "integral"
  },
  "type": "integral"
}
{
  "false": {
    "complexity": 0.009999999776482582,
    "loss": 0.0,
    "name": "Y",
    "prediction": 1
  },
  "feature": 7,
  "model_objective": 0.16894736886024475,
  "name": "juvenile-crimes:=0",
  "reference": 1,
  "relation": "==",
  "true": {
    "false": {
      "false": {
        "false": {
          "false": {
            "complexity": 0.009999999776482582,
            "loss": 0.02631578966975212,
            "name": "Y",
            "prediction": 0
          },
          "feature": 4,
          "name": "age:<46",
          "reference": 1,
          "relation": "==",
          "true": {
            "complexity": 0.009999999776482582,
            "loss": 0.02631578966975212,
            "name": "Y",
            "prediction": 1
          },
          "type": "integral"
        },
        "feature": 9,
        "name": "priors:=1",
        "reference": 1,
        "relation": "==",
        "true": {
          "false": {
            "complexity": 0.009999999776482582,
            "loss": 0.0,
            "name": "Y",
            "prediction": 1
          },
          "feature": 3,
          "name": "age:<26",
          "reference": 1,
          "relation": "==",
          "true": {
            "complexity": 0.009999999776482582,
            "loss": 0.0,
            "name": "Y",
            "prediction": 0
          },
          "type": "integral"
        },
        "type": "integral"
      },
      "feature": 8,
      "name": "priors:=0",
      "reference": 1,
      "relation": "==",
      "true": {
        "complexity": 0.009999999776482582,
        "loss": 0.0,
        "name": "Y",
        "prediction": 0
      },
      "type": "integral"
    },
    "feature": 0,
    "name": "sex:Female",
    "reference": 1,
    "relation": "==",
    "true": {
      "false": {
        "false": {
          "complexity": 0.009999999776482582,
          "loss": 0.02631578966975212,
          "name": "Y",
          "prediction": 0
        },
        "feature": 3,
        "name": "age:<26",
        "reference": 1,
        "relation": "==",
        "true": {
          "complexity": 0.009999999776482582,
          "loss": 0.0,
          "name": "Y",
          "prediction": 1
        },
        "type": "integral"
      },
      "feature": 9,
      "name": "priors:=1",
      "reference": 1,
      "relation": "==",
      "true": {
        "complexity": 0.009999999776482582,
        "loss": 0.0,
        "name": "Y",
        "prediction": 0
      },
      "type": "integral"
    },
    "type": "integral"
  },
  "type": "integral"
}
{
  "false": {
    "complexity": 0.009999999776482582,
    "loss": 0.0,
    "name": "Y",
    "prediction": 1
  },
  "feature": 7,
  "model_objective": 0.16894736886024475,
  "name": "juvenile-crimes:=0",
  "reference": 1,
  "relation": "==",
  "true": {
    "false": {
      "false": {
        "false": {
          "false": {
            "complexity": 0.009999999776482582,
            "loss": 0.02631578966975212,
            "name": "Y",
            "prediction": 0
          },
          "feature": 4,
          "name": "age:<46",
          "reference": 1,
          "relation": "==",
          "true": {
            "complexity": 0.009999999776482582,
            "loss": 0.02631578966975212,
            "name": "Y",
            "prediction": 1
          },
          "type": "integral"
        },
        "feature": 9,
        "name": "priors:=1",
        "reference": 1,
        "relation": "==",
        "true": {
          "false": {
            "complexity": 0.009999999776482582,
            "loss": 0.0,
            "name": "Y",
            "prediction": 1
          },
          "feature": 3,
          "name": "age:<26",
          "reference": 1,
          "relation": "==",
          "true": {
            "complexity": 0.009999999776482582,
            "loss": 0.0,
            "name": "Y",
            "prediction": 0
          },
          "type": "integral"
        },
        "type": "integral"
      },
      "feature": 8,
      "name": "priors:=0",
      "reference": 1,
      "relation": "==",
      "true": {
        "complexity": 0.009999999776482582,
        "loss": 0.0,
        "name": "Y",
        "prediction": 0
      },
      "type": "integral"
    },
    "feature": 0,
    "name": "sex:Female",
    "reference": 1,
    "relation": "==",
    "true": {
      "false": {
        "complexity": 0.009999999776482582,
        "loss": 0.02631578966975212,
        "name": "Y",
        "prediction": 0
      },
      "feature": 3,
      "name": "age:<26",
      "reference": 1,
      "relation": "==",
      "true": {
        "false": {
          "complexity": 0.009999999776482582,
          "loss": 0.0,
          "name": "Y",
          "prediction": 1
        },
        "feature": 9,
        "name": "priors:=1",
        "reference": 1,
        "relation": "==",
        "true": {
          "complexity": 0.009999999776482582,
          "loss": 0.0,
          "name": "Y",
          "prediction": 0
        },
        "type": "integral"
      },
      "type": "integral"
    },
    "type": "integral"
  },
  "type": "integral"
}
{
  "false": {
    "complexity": 0.009999999776482582,
    "loss": 0.0,
    "name": "Y",
    "prediction": 1
  },
  "feature": 7,
  "model_objective": 0.16894736886024475,
  "name": "juvenile-crimes:=0",
  "reference": 1,
  "relation": "==",
  "true": {
    "false": {
      "false": {
        "complexity": 0.009999999776482582,
        "loss": 0.02631578966975212,
        "name": "Y",
        "prediction": 0
      },
      "feature": 4,
      "name": "age:<46",
      "reference": 1,
      "relation": "==",
      "true": {
        "false": {
          "false": {
            "complexity": 0.009999999776482582,
            "loss": 0.02631578966975212,
            "name": "Y",
            "prediction": 1
          },
          "feature": 8,
          "name": "priors:=0",
          "reference": 1,
          "relation": "==",
          "true": {
            "complexity": 0.009999999776482582,
            "loss": 0.0,
            "name": "Y",
            "prediction": 0
          },
          "type": "integral"
        },
        "feature": 0,
        "name": "sex:Female",
        "reference": 1,
        "relation": "==",
        "true": {
          "false": {
            "complexity": 0.009999999776482582,
            "loss": 0.02631578966975212,
            "name": "Y",
            "prediction": 0
          },
          "feature": 3,
          "name": "age:<26",
          "reference": 1,
          "relation": "==",
          "true": {
            "complexity": 0.009999999776482582,
            "loss": 0.0,
            "name": "Y",
            "prediction": 1
          },
          "type": "integral"
        },
        "type": "integral"
      },
      "type": "integral"
    },
    "feature": 9,
    "name": "priors:=1",
    "reference": 1,
    "relation": "==",
    "true": {
      "false": {
        "false": {
          "complexity": 0.009999999776482582,
          "loss": 0.0,
          "name": "Y",
          "prediction": 1
        },
        "feature": 3,
        "name": "age:<26",
        "reference": 1,
        "relation": "==",
        "true": {
          "complexity": 0.009999999776482582,
          "loss": 0.0,
          "name": "Y",
          "prediction": 0
        },
        "type": "integral"
      },
      "feature": 0,
      "name": "sex:Female",
      "reference": 1,
      "relation": "==",
      "true": {
        "complexity": 0.009999999776482582,
        "loss": 0.0,
        "name": "Y",
        "prediction": 0
      },
      "type": "integral"
    },
    "type": "integral"
  },
  "type": "integral"
}
{
  "false": {
    "complexity": 0.009999999776482582,
    "loss": 0.0,
    "name": "Y",
    "prediction": 1
  },
  "feature": 7,
  "model_objective": 0.16894736886024475,
  "name": "juvenile-crimes:=0",
  "reference": 1,
  "relation": "==",
  "true": {
    "false": {
      "false": {
        "false": {
          "complexity": 0.009999999776482582,
          "loss": 0.02631578966975212,
          "name": "Y",
          "prediction": 0
        },
        "feature": 4,
        "name": "age:<46",
        "reference": 1,
        "relation": "==",
        "true": {
          "false": {
            "complexity": 0.009999999776482582,
            "loss": 0.02631578966975212,
            "name": "Y",
            "prediction": 1
          },
          "feature": 8,
          "name": "priors:=0",
          "reference": 1,
          "relation": "==",
          "true": {
            "complexity": 0.009999999776482582,
            "loss": 0.0,
            "name": "Y",
            "prediction": 0
          },
          "type": "integral"
        },
        "type": "integral"
      },
      "feature": 0,
      "name": "sex:Female",
      "reference": 1,
      "relation": "==",
      "true": {
        "false": {
          "complexity": 0.009999999776482582,
          "loss": 0.02631578966975212,
          "name": "Y",
          "prediction": 0
        },
        "feature": 3,
        "name": "age:<26",
        "reference": 1,
        "relation": "==",
        "true": {
          "complexity": 0.009999999776482582,
          "loss": 0.0,
          "name": "Y",
          "prediction": 1
        },
        "type": "integral"
      },
      "type": "integral"
    },
    "feature": 9,
    "name": "priors:=1",
    "reference": 1,
    "relation": "==",
    "true": {
      "false": {
        "false": {
          "complexity": 0.009999999776482582,
          "loss": 0.0,
          "name": "Y",
          "prediction": 1
        },
        "feature": 0,
        "name": "sex:Female",
        "reference": 1,
        "relation": "==",
        "true": {
          "complexity": 0.009999999776482582,
          "loss": 0.0,
          "name": "Y",
          "prediction": 0
        },
        "type": "integral"
      },
      "feature": 3,
      "name": "age:<26",
      "reference": 1,
      "relation": "==",
      "true": {
        "complexity": 0.009999999776482582,
        "loss": 0.0,
        "name": "Y",
        "prediction": 0
      },
      "type": "integral"
    },
    "type": "integral"
  },
  "type": "integral"
}
{
  "false": {
    "complexity": 0.009999999776482582,
    "loss": 0.0,
    "name": "Y",
    "prediction": 1
  },
  "feature": 7,
  "model_objective": 0.16894736886024475,
  "name": "juvenile-crimes:=0",
  "reference": 1,
  "relation": "==",
  "true": {
    "false": {
      "false": {
        "false": {
          "complexity": 0.009999999776482582,
          "loss": 0.02631578966975212,
          "name": "Y",
          "prediction": 0
        },
        "feature": 4,
        "name": "age:<46",
        "reference": 1,
        "relation": "==",
        "true": {
          "false": {
            "complexity": 0.009999999776482582,
            "loss": 0.02631578966975212,
            "name": "Y",
            "prediction": 1
          },
          "feature": 8,
          "name": "priors:=0",
          "reference": 1,
          "relation": "==",
          "true": {
            "complexity": 0.009999999776482582,
            "loss": 0.0,
            "name": "Y",
            "prediction": 0
          },
          "type": "integral"
        },
        "type": "integral"
      },
      "feature": 0,
      "name": "sex:Female",
      "reference": 1,
      "relation": "==",
      "true": {
        "false": {
          "complexity": 0.009999999776482582,
          "loss": 0.02631578966975212,
          "name": "Y",
          "prediction": 0
        },
        "feature": 3,
        "name": "age:<26",
        "reference": 1,
        "relation": "==",
        "true": {
          "complexity": 0.009999999776482582,
          "loss": 0.0,
          "name": "Y",
          "prediction": 1
        },
        "type": "integral"
      },
      "type": "integral"
    },
    "feature": 9,
    "name": "priors:=1",
    "reference": 1,
    "relation": "==",
    "true": {
      "false": {
        "false": {
          "complexity": 0.009999999776482582,
          "loss": 0.0,
          "name": "Y",
          "prediction": 1
        },
        "feature": 3,
        "name": "age:<26",
        "reference": 1,
        "relation": "==",
        "true": {
          "complexity": 0.009999999776482582,
          "loss": 0.0,
          "name": "Y",
          "prediction": 0
        },
        "type": "integral"
      },
      "feature": 0,
      "name": "sex:Female",
      "reference": 1,
      "relation": "==",
      "true": {
        "complexity": 0.009999999776482582,
        "loss": 0.0,
        "name": "Y",
        "prediction": 0
      },
      "type": "integral"
    },
    "type": "integral"
  },
  "type": "integral"
}
{
  "false": {
    "complexity": 0.009999999776482582,
    "loss": 0.0,
    "name": "Y",
    "prediction": 1
  },
  "feature": 7,
  "model_objective": 0.16894736886024475,
  "name": "juvenile-crimes:=0",
  "reference": 1,
  "relation": "==",
  "true": {
    "false": {
      "false": {
        "false": {
          "false": {
            "complexity": 0.009999999776482582,
            "loss": 0.02631578966975212,
            "name": "Y",
            "prediction": 0
          },
          "feature": 4,
          "name": "age:<46",
          "reference": 1,
          "relation": "==",
          "true": {
            "complexity": 0.009999999776482582,
            "loss": 0.02631578966975212,
            "name": "Y",
            "prediction": 1
          },
          "type": "integral"
        },
        "feature": 8,
        "name": "priors:=0",
        "reference": 1,
        "relation": "==",
        "true": {
          "complexity": 0.009999999776482582,
          "loss": 0.0,
          "name": "Y",
          "prediction": 0
        },
        "type": "integral"
      },
      "feature": 0,
      "name": "sex:Female",
      "reference": 1,
      "relation": "==",
      "true": {
        "false": {
          "complexity": 0.009999999776482582,
          "loss": 0.02631578966975212,
          "name": "Y",
          "prediction": 0
        },
        "feature": 3,
        "name": "age:<26",
        "reference": 1,
        "relation": "==",
        "true": {
          "complexity": 0.009999999776482582,
          "loss": 0.0,
          "name": "Y",
          "prediction": 1
        },
        "type": "integral"
      },
      "type": "integral"
    },
    "feature": 9,
    "name": "priors:=1",
    "reference": 1,
    "relation": "==",
    "true": {
      "false": {
        "false": {
          "complexity": 0.009999999776482582,
          "loss": 0.0,
          "name": "Y",
          "prediction": 1
        },
        "feature": 0,
        "name": "sex:Female",
        "reference": 1,
        "relation": "==",
        "true": {
          "complexity": 0.009999999776482582,
          "loss": 0.0,
          "name": "Y",
          "prediction": 0
        },
        "type": "integral"
      },
      "feature": 3,
      "name": "age:<26",
      "reference": 1,
      "relation": "==",
      "true": {
        "complexity": 0.009999999776482582,
        "loss": 0.0,
        "name": "Y",
        "prediction": 0
      },
      "type": "integral"
    },
    "type": "integral"
  },
  "type": "integral"
}
{
  "false": {
    "complexity": 0.009999999776482582,
    "loss": 0.0,
    "name": "Y",
    "prediction": 1
  },
  "feature": 7,
  "model_objective": 0.16894736886024475,
  "name": "juvenile-crimes:=0",
  "reference": 1,
  "relation": "==",
  "true": {
    "false": {
      "false": {
        "false": {
          "false": {
            "complexity": 0.009999999776482582,
            "loss": 0.02631578966975212,
            "name": "Y",
            "prediction": 0
          },
          "feature": 4,
          "name": "age:<46",
          "reference": 1,
          "relation": "==",
          "true": {
            "complexity": 0.009999999776482582,
            "loss": 0.02631578966975212,
            "name": "Y",
            "prediction": 1
          },
          "type": "integral"
        },
        "feature": 8,
        "name": "priors:=0",
        "reference": 1,
        "relation": "==",
        "true": {
          "complexity": 0.009999999776482582,
          "loss": 0.0,
          "name": "Y",
          "prediction": 0
        },
        "type": "integral"
      },
      "feature": 0,
      "name": "sex:Female",
      "reference": 1,
      "relation": "==",
      "true": {
        "false": {
          "complexity": 0.009999999776482582,
          "loss": 0.02631578966975212,
          "name": "Y",
          "prediction": 0
        },
        "feature": 3,
        "name": "age:<26",
        "reference": 1,
        "relation": "==",
        "true": {
          "complexity": 0.009999999776482582,
          "loss": 0.0,
          "name": "Y",
          "prediction": 1
        },
        "type": "integral"
      },
      "type": "integral"
    },
    "feature": 9,
    "name": "priors:=1",
    "reference": 1,
    "relation": "==",
    "true": {
      "false": {
        "false": {
          "complexity": 0.009999999776482582,
          "loss": 0.0,
          "name": "Y",
          "prediction": 1
        },
        "feature": 3,
        "name": "age:<26",
        "reference": 1,
        "relation": "==",
        "true": {
          "complexity": 0.009999999776482582,
          "loss": 0.0,
          "name": "Y",
          "prediction": 0
        },
        "type": "integral"
      },
      "feature": 0,
      "name": "sex:Female",
      "reference": 1,
      "relation": "==",
      "true": {
        "complexity": 0.009999999776482582,
        "loss": 0.0,
        "name": "Y",
        "prediction": 0
      },
      "type": "integral"
    },
    "type": "integral"
  },
  "type": "integral"
}
