null
Finding Optimal Objective...
{
  "false": {
    "false": {
      "complexity": 0.009999999776482582,
      "loss": 0.0,
      "name": "Y",
      "prediction": 2
    },
    "feature": 6,
    "name": "PetalLength_1",
    "reference": 1.0,
    "relation": "==",
    "true": {
      "complexity": 0.009999999776482582,
      "loss": 0.0,
      "name": "Y",
      "prediction": 0
    },
    "type": "rational"
  },
  "feature": 10,
  "model_objective": 0.03999999910593033,
  "name": "PetalWidth_2",
  "reference": 1.0,
  "relation": "==",
  "true": {
    "false": {
      "complexity": 0.009999999776482582,
      "loss": 0.0,
      "name": "Y",
      "prediction": 1
    },
    "feature": 8,
    "name": "PetalLength_3",
    "reference": 1.0,
    "relation": "==",
    "true": {
      "complexity": 0.009999999776482582,
      "loss": 0.0,
      "name": "Y",
      "prediction": 2
    },
    "type": "rational"
  },
  "type": "rational"
}
{
  "false": {
    "false": {
      "complexity": 0.009999999776482582,
      "loss": 0.0,
      "name": "Y",
      "prediction": 2
    },
    "feature": 9,
    "name": "PetalWidth_1",
    "reference": 1.0,
    "relation": "==",
    "true": {
      "complexity": 0.009999999776482582,
      "loss": 0.0,
      "name": "Y",
      "prediction": 0
    },
    "type": "rational"
  },
  "feature": 10,
  "model_objective": 0.03999999910593033,
  "name": "PetalWidth_2",
  "reference": 1.0,
  "relation": "==",
  "true": {
    "false": {
      "complexity": 0.009999999776482582,
      "loss": 0.0,
      "name": "Y",
      "prediction": 1
    },
    "feature": 8,
    "name": "PetalLength_3",
    "reference": 1.0,
    "relation": "==",
    "true": {
      "complexity": 0.009999999776482582,
      "loss": 0.0,
      "name": "Y",
      "prediction": 2
    },
    "type": "rational"
  },
  "type": "rational"
}
{
  "false": {
    "false": {
      "complexity": 0.009999999776482582,
      "loss": 0.0,
      "name": "Y",
      "prediction": 0
    },
    "feature": 11,
    "name": "PetalWidth_3",
    "reference": 1.0,
    "relation": "==",
    "true": {
      "complexity": 0.009999999776482582,
      "loss": 0.0,
      "name": "Y",
      "prediction": 2
    },
    "type": "rational"
  },
  "feature": 10,
  "model_objective": 0.03999999910593033,
  "name": "PetalWidth_2",
  "reference": 1.0,
  "relation": "==",
  "true": {
    "false": {
      "complexity": 0.009999999776482582,
      "loss": 0.0,
      "name": "Y",
      "prediction": 1
    },
    "feature": 8,
    "name": "PetalLength_3",
    "reference": 1.0,
    "relation": "==",
    "true": {
      "complexity": 0.009999999776482582,
      "loss": 0.0,
      "name": "Y",
      "prediction": 2
    },
    "type": "rational"
  },
  "type": "rational"
}
{
  "false": {
    "false": {
      "complexity": 0.009999999776482582,
      "loss": 0.0,
      "name": "Y",
      "prediction": 2
    },
    "feature": 9,
    "name": "PetalWidth_1",
    "reference": 1.0,
    "relation": "==",
    "true": {
      "complexity": 0.009999999776482582,
      "loss": 0.0,
      "name": "Y",
      "prediction": 0
    },
    "type": "rational"
  },
  "feature": 10,
  "model_objective": 0.03999999910593033,
  "name": "PetalWidth_2",
  "reference": 1.0,
  "relation": "==",
  "true": {
    "false": {
      "complexity": 0.009999999776482582,
      "loss": 0.0,
      "name": "Y",
      "prediction": 2
    },
    "feature": 7,
    "name": "PetalLength_2",
    "reference": 1.0,
    "relation": "==",
    "true": {
      "complexity": 0.009999999776482582,
      "loss": 0.0,
      "name": "Y",
      "prediction": 1
    },
    "type": "rational"
  },
  "type": "rational"
}
{
  "false": {
    "false": {
      "complexity": 0.009999999776482582,
      "loss": 0.0,
      "name": "Y",
      "prediction": 2
    },
    "feature": 0,
    "name": "SepalLength_1",
    "reference": 1.0,
    "relation": "==",
    "true": {
      "complexity": 0.009999999776482582,
      "loss": 0.0,
      "name": "Y",
      "prediction": 0
    },
    "type": "rational"
  },
  "feature": 7,
  "model_objective": 0.03999999910593033,
  "name": "PetalLength_2",
  "reference": 1.0,
  "relation": "==",
  "true": {
    "false": {
      "complexity": 0.009999999776482582,
      "loss": 0.0,
      "name": "Y",
      "prediction": 2
    },
    "feature": 10,
    "name": "PetalWidth_2",
    "reference": 1.0,
    "relation": "==",
    "true": {
      "complexity": 0.009999999776482582,
      "loss": 0.0,
      "name": "Y",
      "prediction": 1
    },
    "type": "rational"
  },
  "type": "rational"
}
{
  "false": {
    "false": {
      "complexity": 0.009999999776482582,
      "loss": 0.0,
      "name": "Y",
      "prediction": 2
    },
    "feature": 0,
    "name": "SepalLength_1",
    "reference": 1.0,
    "relation": "==",
    "true": {
      "complexity": 0.009999999776482582,
      "loss": 0.0,
      "name": "Y",
      "prediction": 0
    },
    "type": "rational"
  },
  "feature": 7,
  "model_objective": 0.03999999910593033,
  "name": "PetalLength_2",
  "reference": 1.0,
  "relation": "==",
  "true": {
    "false": {
      "complexity": 0.009999999776482582,
      "loss": 0.0,
      "name": "Y",
      "prediction": 1
    },
    "feature": 11,
    "name": "PetalWidth_3",
    "reference": 1.0,
    "relation": "==",
    "true": {
      "complexity": 0.009999999776482582,
      "loss": 0.0,
      "name": "Y",
      "prediction": 2
    },
    "type": "rational"
  },
  "type": "rational"
}
{
  "false": {
    "false": {
      "complexity": 0.009999999776482582,
      "loss": 0.0,
      "name": "Y",
      "prediction": 2
    },
    "feature": 6,
    "name": "PetalLength_1",
    "reference": 1.0,
    "relation": "==",
    "true": {
      "complexity": 0.009999999776482582,
      "loss": 0.0,
      "name": "Y",
      "prediction": 0
    },
    "type": "rational"
  },
  "feature": 10,
  "model_objective": 0.03999999910593033,
  "name": "PetalWidth_2",
  "reference": 1.0,
  "relation": "==",
  "true": {
    "false": {
      "complexity": 0.009999999776482582,
      "loss": 0.0,
      "name": "Y",
      "prediction": 2
    },
    "feature": 7,
    "name": "PetalLength_2",
    "reference": 1.0,
    "relation": "==",
    "true": {
      "complexity": 0.009999999776482582,
      "loss": 0.0,
      "name": "Y",
      "prediction": 1
    },
    "type": "rational"
  },
  "type": "rational"
}
{
  "false": {
    "false": {
      "complexity": 0.009999999776482582,
      "loss": 0.0,
      "name": "Y",
      "prediction": 0
    },
    "feature": 11,
    "name": "PetalWidth_3",
    "reference": 1.0,
    "relation": "==",
    "true": {
      "complexity": 0.009999999776482582,
      "loss": 0.0,
      "name": "Y",
      "prediction": 2
    },
    "type": "rational"
  },
  "feature": 10,
  "model_objective": 0.03999999910593033,
  "name": "PetalWidth_2",
  "reference": 1.0,
  "relation": "==",
  "true": {
    "false": {
      "complexity": 0.009999999776482582,
      "loss": 0.0,
      "name": "Y",
      "prediction": 2
    },
    "feature": 7,
    "name": "PetalLength_2",
    "reference": 1.0,
    "relation": "==",
    "true": {
      "complexity": 0.009999999776482582,
      "loss": 0.0,
      "name": "Y",
      "prediction": 1
    },
    "type": "rational"
  },
  "type": "rational"
}
{
  "false": {
    "false": {
      "complexity": 0.009999999776482582,
      "loss": 0.0,
      "name": "Y",
      "prediction": 2
    },
    "feature": 6,
    "name": "PetalLength_1",
    "reference": 1.0,
    "relation": "==",
    "true": {
      "complexity": 0.009999999776482582,
      "loss": 0.0,
      "name": "Y",
      "prediction": 0
    },
    "type": "rational"
  },
  "feature": 7,
  "model_objective": 0.03999999910593033,
  "name": "PetalLength_2",
  "reference": 1.0,
  "relation": "==",
  "true": {
    "false": {
      "complexity": 0.009999999776482582,
      "loss": 0.0,
      "name": "Y",
      "prediction": 1
    },
    "feature": 0,
    "name": "SepalLength_1",
    "reference": 1.0,
    "relation": "==",
    "true": {
      "complexity": 0.009999999776482582,
      "loss": 0.0,
      "name": "Y",
      "prediction": 2
    },
    "type": "rational"
  },
  "type": "rational"
}
{
  "false": {
    "false": {
      "complexity": 0.009999999776482582,
      "loss": 0.0,
      "name": "Y",
      "prediction": 2
    },
    "feature": 0,
    "name": "SepalLength_1",
    "reference": 1.0,
    "relation": "==",
    "true": {
      "complexity": 0.009999999776482582,
      "loss": 0.0,
      "name": "Y",
      "prediction": 0
    },
    "type": "rational"
  },
  "feature": 7,
  "model_objective": 0.03999999910593033,
  "name": "PetalLength_2",
  "reference": 1.0,
  "relation": "==",
  "true": {
    "false": {
      "complexity": 0.009999999776482582,
      "loss": 0.0,
      "name": "Y",
      "prediction": 1
    },
    "feature": 0,
    "name": "SepalLength_1",
    "reference": 1.0,
    "relation": "==",
    "true": {
      "complexity": 0.009999999776482582,
      "loss": 0.0,
      "name": "Y",
      "prediction": 2
    },
    "type": "rational"
  },
  "type": "rational"
}
{
  "false": {
    "false": {
      "complexity": 0.009999999776482582,
      "loss": 0.0,
      "name": "Y",
      "prediction": 2
    },
    "feature": 6,
    "name": "PetalLength_1",
    "reference": 1.0,
    "relation": "==",
    "true": {
      "complexity": 0.009999999776482582,
      "loss": 0.0,
      "name": "Y",
      "prediction": 0
    },
    "type": "rational"
  },
  "feature": 7,
  "model_objective": 0.03999999910593033,
  "name": "PetalLength_2",
  "reference": 1.0,
  "relation": "==",
  "true": {
    "false": {
      "complexity": 0.009999999776482582,
      "loss": 0.0,
      "name": "Y",
      "prediction": 2
    },
    "feature": 10,
    "name": "PetalWidth_2",
    "reference": 1.0,
    "relation": "==",
    "true": {
      "complexity": 0.009999999776482582,
      "loss": 0.0,
      "name": "Y",
      "prediction": 1
    },
    "type": "rational"
  },
  "type": "rational"
}
{
  "false": {
    "false": {
      "complexity": 0.009999999776482582,
      "loss": 0.0,
      "name": "Y",
      "prediction": 2
    },
    "feature": 6,
    "name": "PetalLength_1",
    "reference": 1.0,
    "relation": "==",
    "true": {
      "complexity": 0.009999999776482582,
      "loss": 0.0,
      "name": "Y",
      "prediction": 0
    },
    "type": "rational"
  },
  "feature": 7,
  "model_objective": 0.03999999910593033,
  "name": "PetalLength_2",
  "reference": 1.0,
  "relation": "==",
  "true": {
    "false": {
      "complexity": 0.009999999776482582,
      "loss": 0.0,
      "name": "Y",
      "prediction": 1
    },
    "feature": 11,
    "name": "PetalWidth_3",
    "reference": 1.0,
    "relation": "==",
    "true": {
      "complexity": 0.009999999776482582,
      "loss": 0.0,
      "name": "Y",
      "prediction": 2
    },
    "type": "rational"
  },
  "type": "rational"
}
{
  "false": {
    "false": {
      "complexity": 0.009999999776482582,
      "loss": 0.0,
      "name": "Y",
      "prediction": 0
    },
    "feature": 8,
    "name": "PetalLength_3",
    "reference": 1.0,
    "relation": "==",
    "true": {
      "complexity": 0.009999999776482582,
      "loss": 0.0,
      "name": "Y",
      "prediction": 2
    },
    "type": "rational"
  },
  "feature": 7,
  "model_objective": 0.03999999910593033,
  "name": "PetalLength_2",
  "reference": 1.0,
  "relation": "==",
  "true": {
    "false": {
      "complexity": 0.009999999776482582,
      "loss": 0.0,
      "name": "Y",
      "prediction": 1
    },
    "feature": 0,
    "name": "SepalLength_1",
    "reference": 1.0,
    "relation": "==",
    "true": {
      "complexity": 0.009999999776482582,
      "loss": 0.0,
      "name": "Y",
      "prediction": 2
    },
    "type": "rational"
  },
  "type": "rational"
}
{
  "false": {
    "false": {
      "complexity": 0.009999999776482582,
      "loss": 0.0,
      "name": "Y",
      "prediction": 0
    },
    "feature": 8,
    "name": "PetalLength_3",
    "reference": 1.0,
    "relation": "==",
    "true": {
      "complexity": 0.009999999776482582,
      "loss": 0.0,
      "name": "Y",
      "prediction": 2
    },
    "type": "rational"
  },
  "feature": 7,
  "model_objective": 0.03999999910593033,
  "name": "PetalLength_2",
  "reference": 1.0,
  "relation": "==",
  "true": {
    "false": {
      "complexity": 0.009999999776482582,
      "loss": 0.0,
      "name": "Y",
      "prediction": 1
    },
    "feature": 11,
    "name": "PetalWidth_3",
    "reference": 1.0,
    "relation": "==",
    "true": {
      "complexity": 0.009999999776482582,
      "loss": 0.0,
      "name": "Y",
      "prediction": 2
    },
    "type": "rational"
  },
  "type": "rational"
}
{
  "false": {
    "false": {
      "complexity": 0.009999999776482582,
      "loss": 0.0,
      "name": "Y",
      "prediction": 2
    },
    "feature": 9,
    "name": "PetalWidth_1",
    "reference": 1.0,
    "relation": "==",
    "true": {
      "complexity": 0.009999999776482582,
      "loss": 0.0,
      "name": "Y",
      "prediction": 0
    },
    "type": "rational"
  },
  "feature": 7,
  "model_objective": 0.03999999910593033,
  "name": "PetalLength_2",
  "reference": 1.0,
  "relation": "==",
  "true": {
    "false": {
      "complexity": 0.009999999776482582,
      "loss": 0.0,
      "name": "Y",
      "prediction": 2
    },
    "feature": 10,
    "name": "PetalWidth_2",
    "reference": 1.0,
    "relation": "==",
    "true": {
      "complexity": 0.009999999776482582,
      "loss": 0.0,
      "name": "Y",
      "prediction": 1
    },
    "type": "rational"
  },
  "type": "rational"
}
{
  "false": {
    "false": {
      "complexity": 0.009999999776482582,
      "loss": 0.0,
      "name": "Y",
      "prediction": 1
    },
    "feature": 8,
    "name": "PetalLength_3",
    "reference": 1.0,
    "relation": "==",
    "true": {
      "complexity": 0.009999999776482582,
      "loss": 0.0,
      "name": "Y",
      "prediction": 2
    },
    "type": "rational"
  },
  "feature": 0,
  "model_objective": 0.03999999910593033,
  "name": "SepalLength_1",
  "reference": 1.0,
  "relation": "==",
  "true": {
    "false": {
      "complexity": 0.009999999776482582,
      "loss": 0.0,
      "name": "Y",
      "prediction": 0
    },
    "feature": 11,
    "name": "PetalWidth_3",
    "reference": 1.0,
    "relation": "==",
    "true": {
      "complexity": 0.009999999776482582,
      "loss": 0.0,
      "name": "Y",
      "prediction": 2
    },
    "type": "rational"
  },
  "type": "rational"
}
{
  "false": {
    "false": {
      "complexity": 0.009999999776482582,
      "loss": 0.0,
      "name": "Y",
      "prediction": 0
    },
    "feature": 8,
    "name": "PetalLength_3",
    "reference": 1.0,
    "relation": "==",
    "true": {
      "complexity": 0.009999999776482582,
      "loss": 0.0,
      "name": "Y",
      "prediction": 2
    },
    "type": "rational"
  },
  "feature": 7,
  "model_objective": 0.03999999910593033,
  "name": "PetalLength_2",
  "reference": 1.0,
  "relation": "==",
  "true": {
    "false": {
      "complexity": 0.009999999776482582,
      "loss": 0.0,
      "name": "Y",
      "prediction": 2
    },
    "feature": 10,
    "name": "PetalWidth_2",
    "reference": 1.0,
    "relation": "==",
    "true": {
      "complexity": 0.009999999776482582,
      "loss": 0.0,
      "name": "Y",
      "prediction": 1
    },
    "type": "rational"
  },
  "type": "rational"
}
{
  "false": {
    "false": {
      "complexity": 0.009999999776482582,
      "loss": 0.0,
      "name": "Y",
      "prediction": 2
    },
    "feature": 7,
    "name": "PetalLength_2",
    "reference": 1.0,
    "relation": "==",
    "true": {
      "complexity": 0.009999999776482582,
      "loss": 0.0,
      "name": "Y",
      "prediction": 1
    },
    "type": "rational"
  },
  "feature": 0,
  "model_objective": 0.03999999910593033,
  "name": "SepalLength_1",
  "reference": 1.0,
  "relation": "==",
  "true": {
    "false": {
      "complexity": 0.009999999776482582,
      "loss": 0.0,
      "name": "Y",
      "prediction": 0
    },
    "feature": 11,
    "name": "PetalWidth_3",
    "reference": 1.0,
    "relation": "==",
    "true": {
      "complexity": 0.009999999776482582,
      "loss": 0.0,
      "name": "Y",
      "prediction": 2
    },
    "type": "rational"
  },
  "type": "rational"
}
{
  "false": {
    "false": {
      "complexity": 0.009999999776482582,
      "loss": 0.0,
      "name": "Y",
      "prediction": 1
    },
    "feature": 8,
    "name": "PetalLength_3",
    "reference": 1.0,
    "relation": "==",
    "true": {
      "complexity": 0.009999999776482582,
      "loss": 0.0,
      "name": "Y",
      "prediction": 2
    },
    "type": "rational"
  },
  "feature": 0,
  "model_objective": 0.03999999910593033,
  "name": "SepalLength_1",
  "reference": 1.0,
  "relation": "==",
  "true": {
    "false": {
      "complexity": 0.009999999776482582,
      "loss": 0.0,
      "name": "Y",
      "prediction": 2
    },
    "feature": 9,
    "name": "PetalWidth_1",
    "reference": 1.0,
    "relation": "==",
    "true": {
      "complexity": 0.009999999776482582,
      "loss": 0.0,
      "name": "Y",
      "prediction": 0
    },
    "type": "rational"
  },
  "type": "rational"
}
{
  "false": {
    "false": {
      "complexity": 0.009999999776482582,
      "loss": 0.0,
      "name": "Y",
      "prediction": 1
    },
    "feature": 8,
    "name": "PetalLength_3",
    "reference": 1.0,
    "relation": "==",
    "true": {
      "complexity": 0.009999999776482582,
      "loss": 0.0,
      "name": "Y",
      "prediction": 2
    },
    "type": "rational"
  },
  "feature": 0,
  "model_objective": 0.03999999910593033,
  "name": "SepalLength_1",
  "reference": 1.0,
  "relation": "==",
  "true": {
    "false": {
      "complexity": 0.009999999776482582,
      "loss": 0.0,
      "name": "Y",
      "prediction": 0
    },
    "feature": 7,
    "name": "PetalLength_2",
    "reference": 1.0,
    "relation": "==",
    "true": {
      "complexity": 0.009999999776482582,
      "loss": 0.0,
      "name": "Y",
      "prediction": 2
    },
    "type": "rational"
  },
  "type": "rational"
}
{
  "false": {
    "false": {
      "complexity": 0.009999999776482582,
      "loss": 0.0,
      "name": "Y",
      "prediction": 2
    },
    "feature": 7,
    "name": "PetalLength_2",
    "reference": 1.0,
    "relation": "==",
    "true": {
      "complexity": 0.009999999776482582,
      "loss": 0.0,
      "name": "Y",
      "prediction": 1
    },
    "type": "rational"
  },
  "feature": 0,
  "model_objective": 0.03999999910593033,
  "name": "SepalLength_1",
  "reference": 1.0,
  "relation": "==",
  "true": {
    "false": {
      "complexity": 0.009999999776482582,
      "loss": 0.0,
      "name": "Y",
      "prediction": 2
    },
    "feature": 9,
    "name": "PetalWidth_1",
    "reference": 1.0,
    "relation": "==",
    "true": {
      "complexity": 0.009999999776482582,
      "loss": 0.0,
      "name": "Y",
      "prediction": 0
    },
    "type": "rational"
  },
  "type": "rational"
}
{
  "false": {
    "false": {
      "complexity": 0.009999999776482582,
      "loss": 0.0,
      "name": "Y",
      "prediction": 1
    },
    "feature": 8,
    "name": "PetalLength_3",
    "reference": 1.0,
    "relation": "==",
    "true": {
      "complexity": 0.009999999776482582,
      "loss": 0.0,
      "name": "Y",
      "prediction": 2
    },
    "type": "rational"
  },
  "feature": 0,
  "model_objective": 0.03999999910593033,
  "name": "SepalLength_1",
  "reference": 1.0,
  "relation": "==",
  "true": {
    "false": {
      "complexity": 0.009999999776482582,
      "loss": 0.0,
      "name": "Y",
      "prediction": 2
    },
    "feature": 6,
    "name": "PetalLength_1",
    "reference": 1.0,
    "relation": "==",
    "true": {
      "complexity": 0.009999999776482582,
      "loss": 0.0,
      "name": "Y",
      "prediction": 0
    },
    "type": "rational"
  },
  "type": "rational"
}
{
  "false": {
    "false": {
      "complexity": 0.009999999776482582,
      "loss": 0.0,
      "name": "Y",
      "prediction": 2
    },
    "feature": 7,
    "name": "PetalLength_2",
    "reference": 1.0,
    "relation": "==",
    "true": {
      "complexity": 0.009999999776482582,
      "loss": 0.0,
      "name": "Y",
      "prediction": 1
    },
    "type": "rational"
  },
  "feature": 0,
  "model_objective": 0.03999999910593033,
  "name": "SepalLength_1",
  "reference": 1.0,
  "relation": "==",
  "true": {
    "false": {
      "complexity": 0.009999999776482582,
      "loss": 0.0,
      "name": "Y",
      "prediction": 2
    },
    "feature": 6,
    "name": "PetalLength_1",
    "reference": 1.0,
    "relation": "==",
    "true": {
      "complexity": 0.009999999776482582,
      "loss": 0.0,
      "name": "Y",
      "prediction": 0
    },
    "type": "rational"
  },
  "type": "rational"
}
{
  "false": {
    "false": {
      "complexity": 0.009999999776482582,
      "loss": 0.0,
      "name": "Y",
      "prediction": 2
    },
    "feature": 9,
    "name": "PetalWidth_1",
    "reference": 1.0,
    "relation": "==",
    "true": {
      "complexity": 0.009999999776482582,
      "loss": 0.0,
      "name": "Y",
      "prediction": 0
    },
    "type": "rational"
  },
  "feature": 7,
  "model_objective": 0.03999999910593033,
  "name": "PetalLength_2",
  "reference": 1.0,
  "relation": "==",
  "true": {
    "false": {
      "complexity": 0.009999999776482582,
      "loss": 0.0,
      "name": "Y",
      "prediction": 1
    },
    "feature": 11,
    "name": "PetalWidth_3",
    "reference": 1.0,
    "relation": "==",
    "true": {
      "complexity": 0.009999999776482582,
      "loss": 0.0,
      "name": "Y",
      "prediction": 2
    },
    "type": "rational"
  },
  "type": "rational"
}
{
  "false": {
    "false": {
      "complexity": 0.009999999776482582,
      "loss": 0.0,
      "name": "Y",
      "prediction": 2
    },
    "feature": 7,
    "name": "PetalLength_2",
    "reference": 1.0,
    "relation": "==",
    "true": {
      "complexity": 0.009999999776482582,
      "loss": 0.0,
      "name": "Y",
      "prediction": 1
    },
    "type": "rational"
  },
  "feature": 0,
  "model_objective": 0.03999999910593033,
  "name": "SepalLength_1",
  "reference": 1.0,
  "relation": "==",
  "true": {
    "false": {
      "complexity": 0.009999999776482582,
      "loss": 0.0,
      "name": "Y",
      "prediction": 0
    },
    "feature": 7,
    "name": "PetalLength_2",
    "reference": 1.0,
    "relation": "==",
    "true": {
      "complexity": 0.009999999776482582,
      "loss": 0.0,
      "name": "Y",
      "prediction": 2
    },
    "type": "rational"
  },
  "type": "rational"
}
{
  "false": {
    "false": {
      "complexity": 0.009999999776482582,
      "loss": 0.0,
      "name": "Y",
      "prediction": 2
    },
    "feature": 9,
    "name": "PetalWidth_1",
    "reference": 1.0,
    "relation": "==",
    "true": {
      "complexity": 0.009999999776482582,
      "loss": 0.0,
      "name": "Y",
      "prediction": 0
    },
    "type": "rational"
  },
  "feature": 7,
  "model_objective": 0.03999999910593033,
  "name": "PetalLength_2",
  "reference": 1.0,
  "relation": "==",
  "true": {
    "false": {
      "complexity": 0.009999999776482582,
      "loss": 0.0,
      "name": "Y",
      "prediction": 1
    },
    "feature": 0,
    "name": "SepalLength_1",
    "reference": 1.0,
    "relation": "==",
    "true": {
      "complexity": 0.009999999776482582,
      "loss": 0.0,
      "name": "Y",
      "prediction": 2
    },
    "type": "rational"
  },
  "type": "rational"
}
