null
Finding Optimal Objective...
{
  "false": {
    "complexity": 0.009999999776482582,
    "loss": 0.0625,
    "name": "Y",
    "prediction": 1
  },
  "feature": 3,
  "model_objective": 0.08249999582767487,
  "name": "CellShape_1",
  "reference": 1,
  "relation": "==",
  "true": {
    "complexity": 0.009999999776482582,
    "loss": 0.0,
    "name": "Y",
    "prediction": 0
  },
  "type": "integral"
}
treefarms reported successful execution
training completed. Number of trees in the Rashomon set: 277564
