   DataType  ...                                       JobName
0         S  ...       ExtractResults_DataS_MTLinearRegression
1         S  ...        ExtractResults_DataS_MTRidgeRegression
2         S  ...  ExtractResults_DataS_MTRandomForestRegressor
3         i  ...       ExtractResults_Datai_MTLinearRegression
4         i  ...        ExtractResults_Datai_MTRidgeRegression
5         i  ...  ExtractResults_Datai_MTRandomForestRegressor
6         m  ...       ExtractResults_Datam_MTLinearRegression
7         m  ...        ExtractResults_Datam_MTRidgeRegression
8         m  ...  ExtractResults_Datam_MTRandomForestRegressor
9         u  ...       ExtractResults_Datau_MTLinearRegression
10        u  ...        ExtractResults_Datau_MTRidgeRegression
11        u  ...  ExtractResults_Datau_MTRandomForestRegressor
12        l  ...       ExtractResults_Datal_MTLinearRegression
13        l  ...        ExtractResults_Datal_MTRidgeRegression
14        l  ...  ExtractResults_Datal_MTRandomForestRegressor
15        a  ...       ExtractResults_Dataa_MTLinearRegression
16        a  ...        ExtractResults_Dataa_MTRidgeRegression
17        a  ...  ExtractResults_Dataa_MTRandomForestRegressor
18        t  ...       ExtractResults_Datat_MTLinearRegression
19        t  ...        ExtractResults_Datat_MTRidgeRegression
20        t  ...  ExtractResults_Datat_MTRandomForestRegressor
21        e  ...       ExtractResults_Datae_MTLinearRegression
22        e  ...        ExtractResults_Datae_MTRidgeRegression
23        e  ...  ExtractResults_Datae_MTRandomForestRegressor

[24 rows x 4 columns]
Extract Sbatch files for extraction generated successfully.
