null
Finding Optimal Objective...
{
  "false": {
    "false": {
      "complexity": 0.009999999776482582,
      "loss": 0.03125,
      "name": "Y",
      "prediction": 1
    },
    "feature": 1,
    "name": "CellSize_1",
    "reference": 1,
    "relation": "==",
    "true": {
      "complexity": 0.009999999776482582,
      "loss": 0.0,
      "name": "Y",
      "prediction": 0
    },
    "type": "integral"
  },
  "feature": 6,
  "model_objective": 0.061250001192092896,
  "name": "BareNuclei_1",
  "reference": 1,
  "relation": "==",
  "true": {
    "complexity": 0.009999999776482582,
    "loss": 0.0,
    "name": "Y",
    "prediction": 0
  },
  "type": "integral"
}
{
  "false": {
    "false": {
      "complexity": 0.009999999776482582,
      "loss": 0.03125,
      "name": "Y",
      "prediction": 1
    },
    "feature": 3,
    "name": "CellShape_1",
    "reference": 1,
    "relation": "==",
    "true": {
      "complexity": 0.009999999776482582,
      "loss": 0.0,
      "name": "Y",
      "prediction": 0
    },
    "type": "integral"
  },
  "feature": 6,
  "model_objective": 0.061250001192092896,
  "name": "BareNuclei_1",
  "reference": 1,
  "relation": "==",
  "true": {
    "complexity": 0.009999999776482582,
    "loss": 0.0,
    "name": "Y",
    "prediction": 0
  },
  "type": "integral"
}
{
  "false": {
    "false": {
      "complexity": 0.009999999776482582,
      "loss": 0.0,
      "name": "Y",
      "prediction": 1
    },
    "feature": 5,
    "name": "SingleEpithelialCellSize_2",
    "reference": 1,
    "relation": "==",
    "true": {
      "complexity": 0.009999999776482582,
      "loss": 0.03125,
      "name": "Y",
      "prediction": 0
    },
    "type": "integral"
  },
  "feature": 6,
  "model_objective": 0.061250001192092896,
  "name": "BareNuclei_1",
  "reference": 1,
  "relation": "==",
  "true": {
    "complexity": 0.009999999776482582,
    "loss": 0.0,
    "name": "Y",
    "prediction": 0
  },
  "type": "integral"
}
{
  "false": {
    "false": {
      "complexity": 0.009999999776482582,
      "loss": 0.0,
      "name": "Y",
      "prediction": 1
    },
    "feature": 6,
    "name": "BareNuclei_1",
    "reference": 1,
    "relation": "==",
    "true": {
      "complexity": 0.009999999776482582,
      "loss": 0.0,
      "name": "Y",
      "prediction": 0
    },
    "type": "integral"
  },
  "feature": 5,
  "model_objective": 0.061250001192092896,
  "name": "SingleEpithelialCellSize_2",
  "reference": 1,
  "relation": "==",
  "true": {
    "complexity": 0.009999999776482582,
    "loss": 0.03125,
    "name": "Y",
    "prediction": 0
  },
  "type": "integral"
}
{
  "false": {
    "false": {
      "complexity": 0.009999999776482582,
      "loss": 0.0,
      "name": "Y",
      "prediction": 1
    },
    "feature": 6,
    "name": "BareNuclei_1",
    "reference": 1,
    "relation": "==",
    "true": {
      "complexity": 0.009999999776482582,
      "loss": 0.0,
      "name": "Y",
      "prediction": 0
    },
    "type": "integral"
  },
  "feature": 4,
  "model_objective": 0.061250001192092896,
  "name": "Adhesion_1",
  "reference": 1,
  "relation": "==",
  "true": {
    "complexity": 0.009999999776482582,
    "loss": 0.03125,
    "name": "Y",
    "prediction": 0
  },
  "type": "integral"
}
{
  "false": {
    "false": {
      "complexity": 0.009999999776482582,
      "loss": 0.03125,
      "name": "Y",
      "prediction": 1
    },
    "feature": 6,
    "name": "BareNuclei_1",
    "reference": 1,
    "relation": "==",
    "true": {
      "complexity": 0.009999999776482582,
      "loss": 0.0,
      "name": "Y",
      "prediction": 0
    },
    "type": "integral"
  },
  "feature": 3,
  "model_objective": 0.061250001192092896,
  "name": "CellShape_1",
  "reference": 1,
  "relation": "==",
  "true": {
    "complexity": 0.009999999776482582,
    "loss": 0.0,
    "name": "Y",
    "prediction": 0
  },
  "type": "integral"
}
{
  "false": {
    "false": {
      "complexity": 0.009999999776482582,
      "loss": 0.0,
      "name": "Y",
      "prediction": 1
    },
    "feature": 4,
    "name": "Adhesion_1",
    "reference": 1,
    "relation": "==",
    "true": {
      "complexity": 0.009999999776482582,
      "loss": 0.03125,
      "name": "Y",
      "prediction": 0
    },
    "type": "integral"
  },
  "feature": 6,
  "model_objective": 0.061250001192092896,
  "name": "BareNuclei_1",
  "reference": 1,
  "relation": "==",
  "true": {
    "complexity": 0.009999999776482582,
    "loss": 0.0,
    "name": "Y",
    "prediction": 0
  },
  "type": "integral"
}
{
  "false": {
    "false": {
      "complexity": 0.009999999776482582,
      "loss": 0.03125,
      "name": "Y",
      "prediction": 1
    },
    "feature": 6,
    "name": "BareNuclei_1",
    "reference": 1,
    "relation": "==",
    "true": {
      "complexity": 0.009999999776482582,
      "loss": 0.0,
      "name": "Y",
      "prediction": 0
    },
    "type": "integral"
  },
  "feature": 1,
  "model_objective": 0.061250001192092896,
  "name": "CellSize_1",
  "reference": 1,
  "relation": "==",
  "true": {
    "complexity": 0.009999999776482582,
    "loss": 0.0,
    "name": "Y",
    "prediction": 0
  },
  "type": "integral"
}
null
Finding Optimal Objective...
{
  "false": {
    "false": {
      "complexity": 0.009999999776482582,
      "loss": 0.03030303120613098,
      "name": "Y",
      "prediction": 1
    },
    "feature": 1,
    "name": "CellSize_1",
    "reference": 1,
    "relation": "==",
    "true": {
      "complexity": 0.009999999776482582,
      "loss": 0.0,
      "name": "Y",
      "prediction": 0
    },
    "type": "integral"
  },
  "feature": 6,
  "model_objective": 0.06030303239822388,
  "name": "BareNuclei_1",
  "reference": 1,
  "relation": "==",
  "true": {
    "complexity": 0.009999999776482582,
    "loss": 0.0,
    "name": "Y",
    "prediction": 0
  },
  "type": "integral"
}
{
  "false": {
    "false": {
      "complexity": 0.009999999776482582,
      "loss": 0.03030303120613098,
      "name": "Y",
      "prediction": 1
    },
    "feature": 3,
    "name": "CellShape_1",
    "reference": 1,
    "relation": "==",
    "true": {
      "complexity": 0.009999999776482582,
      "loss": 0.0,
      "name": "Y",
      "prediction": 0
    },
    "type": "integral"
  },
  "feature": 6,
  "model_objective": 0.06030303239822388,
  "name": "BareNuclei_1",
  "reference": 1,
  "relation": "==",
  "true": {
    "complexity": 0.009999999776482582,
    "loss": 0.0,
    "name": "Y",
    "prediction": 0
  },
  "type": "integral"
}
{
  "false": {
    "false": {
      "complexity": 0.009999999776482582,
      "loss": 0.0,
      "name": "Y",
      "prediction": 1
    },
    "feature": 5,
    "name": "SingleEpithelialCellSize_2",
    "reference": 1,
    "relation": "==",
    "true": {
      "complexity": 0.009999999776482582,
      "loss": 0.03030303120613098,
      "name": "Y",
      "prediction": 0
    },
    "type": "integral"
  },
  "feature": 6,
  "model_objective": 0.06030303239822388,
  "name": "BareNuclei_1",
  "reference": 1,
  "relation": "==",
  "true": {
    "complexity": 0.009999999776482582,
    "loss": 0.0,
    "name": "Y",
    "prediction": 0
  },
  "type": "integral"
}
{
  "false": {
    "false": {
      "complexity": 0.009999999776482582,
      "loss": 0.0,
      "name": "Y",
      "prediction": 1
    },
    "feature": 6,
    "name": "BareNuclei_1",
    "reference": 1,
    "relation": "==",
    "true": {
      "complexity": 0.009999999776482582,
      "loss": 0.0,
      "name": "Y",
      "prediction": 0
    },
    "type": "integral"
  },
  "feature": 5,
  "model_objective": 0.06030303239822388,
  "name": "SingleEpithelialCellSize_2",
  "reference": 1,
  "relation": "==",
  "true": {
    "complexity": 0.009999999776482582,
    "loss": 0.03030303120613098,
    "name": "Y",
    "prediction": 0
  },
  "type": "integral"
}
{
  "false": {
    "false": {
      "complexity": 0.009999999776482582,
      "loss": 0.03030303120613098,
      "name": "Y",
      "prediction": 1
    },
    "feature": 6,
    "name": "BareNuclei_1",
    "reference": 1,
    "relation": "==",
    "true": {
      "complexity": 0.009999999776482582,
      "loss": 0.0,
      "name": "Y",
      "prediction": 0
    },
    "type": "integral"
  },
  "feature": 3,
  "model_objective": 0.06030303239822388,
  "name": "CellShape_1",
  "reference": 1,
  "relation": "==",
  "true": {
    "complexity": 0.009999999776482582,
    "loss": 0.0,
    "name": "Y",
    "prediction": 0
  },
  "type": "integral"
}
{
  "false": {
    "false": {
      "complexity": 0.009999999776482582,
      "loss": 0.03030303120613098,
      "name": "Y",
      "prediction": 1
    },
    "feature": 6,
    "name": "BareNuclei_1",
    "reference": 1,
    "relation": "==",
    "true": {
      "complexity": 0.009999999776482582,
      "loss": 0.0,
      "name": "Y",
      "prediction": 0
    },
    "type": "integral"
  },
  "feature": 1,
  "model_objective": 0.06030303239822388,
  "name": "CellSize_1",
  "reference": 1,
  "relation": "==",
  "true": {
    "complexity": 0.009999999776482582,
    "loss": 0.0,
    "name": "Y",
    "prediction": 0
  },
  "type": "integral"
}
null
Finding Optimal Objective...
{
  "false": {
    "false": {
      "complexity": 0.009999999776482582,
      "loss": 0.029411764815449715,
      "name": "Y",
      "prediction": 1
    },
    "feature": 1,
    "name": "CellSize_1",
    "reference": 1,
    "relation": "==",
    "true": {
      "complexity": 0.009999999776482582,
      "loss": 0.0,
      "name": "Y",
      "prediction": 0
    },
    "type": "integral"
  },
  "feature": 6,
  "model_objective": 0.05941176414489746,
  "name": "BareNuclei_1",
  "reference": 1,
  "relation": "==",
  "true": {
    "complexity": 0.009999999776482582,
    "loss": 0.0,
    "name": "Y",
    "prediction": 0
  },
  "type": "integral"
}
{
  "false": {
    "false": {
      "complexity": 0.009999999776482582,
      "loss": 0.029411764815449715,
      "name": "Y",
      "prediction": 1
    },
    "feature": 3,
    "name": "CellShape_1",
    "reference": 1,
    "relation": "==",
    "true": {
      "complexity": 0.009999999776482582,
      "loss": 0.0,
      "name": "Y",
      "prediction": 0
    },
    "type": "integral"
  },
  "feature": 6,
  "model_objective": 0.05941176414489746,
  "name": "BareNuclei_1",
  "reference": 1,
  "relation": "==",
  "true": {
    "complexity": 0.009999999776482582,
    "loss": 0.0,
    "name": "Y",
    "prediction": 0
  },
  "type": "integral"
}
{
  "false": {
    "false": {
      "complexity": 0.009999999776482582,
      "loss": 0.029411764815449715,
      "name": "Y",
      "prediction": 1
    },
    "feature": 6,
    "name": "BareNuclei_1",
    "reference": 1,
    "relation": "==",
    "true": {
      "complexity": 0.009999999776482582,
      "loss": 0.0,
      "name": "Y",
      "prediction": 0
    },
    "type": "integral"
  },
  "feature": 3,
  "model_objective": 0.05941176414489746,
  "name": "CellShape_1",
  "reference": 1,
  "relation": "==",
  "true": {
    "complexity": 0.009999999776482582,
    "loss": 0.0,
    "name": "Y",
    "prediction": 0
  },
  "type": "integral"
}
{
  "false": {
    "false": {
      "complexity": 0.009999999776482582,
      "loss": 0.029411764815449715,
      "name": "Y",
      "prediction": 1
    },
    "feature": 6,
    "name": "BareNuclei_1",
    "reference": 1,
    "relation": "==",
    "true": {
      "complexity": 0.009999999776482582,
      "loss": 0.0,
      "name": "Y",
      "prediction": 0
    },
    "type": "integral"
  },
  "feature": 1,
  "model_objective": 0.05941176414489746,
  "name": "CellSize_1",
  "reference": 1,
  "relation": "==",
  "true": {
    "complexity": 0.009999999776482582,
    "loss": 0.0,
    "name": "Y",
    "prediction": 0
  },
  "type": "integral"
}
null
Finding Optimal Objective...
{
  "false": {
    "false": {
      "complexity": 0.009999999776482582,
      "loss": 0.02857142873108387,
      "name": "Y",
      "prediction": 1
    },
    "feature": 1,
    "name": "CellSize_1",
    "reference": 1,
    "relation": "==",
    "true": {
      "complexity": 0.009999999776482582,
      "loss": 0.0,
      "name": "Y",
      "prediction": 0
    },
    "type": "integral"
  },
  "feature": 6,
  "model_objective": 0.058571428060531616,
  "name": "BareNuclei_1",
  "reference": 1,
  "relation": "==",
  "true": {
    "complexity": 0.009999999776482582,
    "loss": 0.0,
    "name": "Y",
    "prediction": 0
  },
  "type": "integral"
}
{
  "false": {
    "false": {
      "complexity": 0.009999999776482582,
      "loss": 0.02857142873108387,
      "name": "Y",
      "prediction": 1
    },
    "feature": 6,
    "name": "BareNuclei_1",
    "reference": 1,
    "relation": "==",
    "true": {
      "complexity": 0.009999999776482582,
      "loss": 0.0,
      "name": "Y",
      "prediction": 0
    },
    "type": "integral"
  },
  "feature": 1,
  "model_objective": 0.058571428060531616,
  "name": "CellSize_1",
  "reference": 1,
  "relation": "==",
  "true": {
    "complexity": 0.009999999776482582,
    "loss": 0.0,
    "name": "Y",
    "prediction": 0
  },
  "type": "integral"
}
null
Finding Optimal Objective...
{
  "false": {
    "false": {
      "complexity": 0.009999999776482582,
      "loss": 0.02777777798473835,
      "name": "Y",
      "prediction": 1
    },
    "feature": 1,
    "name": "CellSize_1",
    "reference": 1,
    "relation": "==",
    "true": {
      "complexity": 0.009999999776482582,
      "loss": 0.0,
      "name": "Y",
      "prediction": 0
    },
    "type": "integral"
  },
  "feature": 6,
  "model_objective": 0.057777777314186096,
  "name": "BareNuclei_1",
  "reference": 1,
  "relation": "==",
  "true": {
    "complexity": 0.009999999776482582,
    "loss": 0.0,
    "name": "Y",
    "prediction": 0
  },
  "type": "integral"
}
{
  "false": {
    "false": {
      "complexity": 0.009999999776482582,
      "loss": 0.02777777798473835,
      "name": "Y",
      "prediction": 1
    },
    "feature": 6,
    "name": "BareNuclei_1",
    "reference": 1,
    "relation": "==",
    "true": {
      "complexity": 0.009999999776482582,
      "loss": 0.0,
      "name": "Y",
      "prediction": 0
    },
    "type": "integral"
  },
  "feature": 1,
  "model_objective": 0.057777777314186096,
  "name": "CellSize_1",
  "reference": 1,
  "relation": "==",
  "true": {
    "complexity": 0.009999999776482582,
    "loss": 0.0,
    "name": "Y",
    "prediction": 0
  },
  "type": "integral"
}
null
Finding Optimal Objective...
{
  "false": {
    "false": {
      "complexity": 0.009999999776482582,
      "loss": 0.027027027681469917,
      "name": "Y",
      "prediction": 1
    },
    "feature": 1,
    "name": "CellSize_1",
    "reference": 1,
    "relation": "==",
    "true": {
      "complexity": 0.009999999776482582,
      "loss": 0.0,
      "name": "Y",
      "prediction": 0
    },
    "type": "integral"
  },
  "feature": 6,
  "model_objective": 0.07702702283859253,
  "name": "BareNuclei_1",
  "reference": 1,
  "relation": "==",
  "true": {
    "false": {
      "false": {
        "complexity": 0.009999999776482582,
        "loss": 0.0,
        "name": "Y",
        "prediction": 1
      },
      "feature": 8,
      "name": "NormalNucleoli_1",
      "reference": 1,
      "relation": "==",
      "true": {
        "complexity": 0.009999999776482582,
        "loss": 0.0,
        "name": "Y",
        "prediction": 0
      },
      "type": "integral"
    },
    "feature": 5,
    "name": "SingleEpithelialCellSize_2",
    "reference": 1,
    "relation": "==",
    "true": {
      "complexity": 0.009999999776482582,
      "loss": 0.0,
      "name": "Y",
      "prediction": 0
    },
    "type": "integral"
  },
  "type": "integral"
}
{
  "false": {
    "false": {
      "complexity": 0.009999999776482582,
      "loss": 0.027027027681469917,
      "name": "Y",
      "prediction": 1
    },
    "feature": 1,
    "name": "CellSize_1",
    "reference": 1,
    "relation": "==",
    "true": {
      "complexity": 0.009999999776482582,
      "loss": 0.0,
      "name": "Y",
      "prediction": 0
    },
    "type": "integral"
  },
  "feature": 6,
  "model_objective": 0.07702702283859253,
  "name": "BareNuclei_1",
  "reference": 1,
  "relation": "==",
  "true": {
    "false": {
      "false": {
        "complexity": 0.009999999776482582,
        "loss": 0.0,
        "name": "Y",
        "prediction": 1
      },
      "feature": 5,
      "name": "SingleEpithelialCellSize_2",
      "reference": 1,
      "relation": "==",
      "true": {
        "complexity": 0.009999999776482582,
        "loss": 0.0,
        "name": "Y",
        "prediction": 0
      },
      "type": "integral"
    },
    "feature": 8,
    "name": "NormalNucleoli_1",
    "reference": 1,
    "relation": "==",
    "true": {
      "complexity": 0.009999999776482582,
      "loss": 0.0,
      "name": "Y",
      "prediction": 0
    },
    "type": "integral"
  },
  "type": "integral"
}
{
  "false": {
    "false": {
      "complexity": 0.009999999776482582,
      "loss": 0.027027027681469917,
      "name": "Y",
      "prediction": 1
    },
    "feature": 6,
    "name": "BareNuclei_1",
    "reference": 1,
    "relation": "==",
    "true": {
      "false": {
        "false": {
          "complexity": 0.009999999776482582,
          "loss": 0.0,
          "name": "Y",
          "prediction": 1
        },
        "feature": 5,
        "name": "SingleEpithelialCellSize_2",
        "reference": 1,
        "relation": "==",
        "true": {
          "complexity": 0.009999999776482582,
          "loss": 0.0,
          "name": "Y",
          "prediction": 0
        },
        "type": "integral"
      },
      "feature": 8,
      "name": "NormalNucleoli_1",
      "reference": 1,
      "relation": "==",
      "true": {
        "complexity": 0.009999999776482582,
        "loss": 0.0,
        "name": "Y",
        "prediction": 0
      },
      "type": "integral"
    },
    "type": "integral"
  },
  "feature": 1,
  "model_objective": 0.07702702283859253,
  "name": "CellSize_1",
  "reference": 1,
  "relation": "==",
  "true": {
    "complexity": 0.009999999776482582,
    "loss": 0.0,
    "name": "Y",
    "prediction": 0
  },
  "type": "integral"
}
{
  "false": {
    "false": {
      "complexity": 0.009999999776482582,
      "loss": 0.027027027681469917,
      "name": "Y",
      "prediction": 1
    },
    "feature": 6,
    "name": "BareNuclei_1",
    "reference": 1,
    "relation": "==",
    "true": {
      "false": {
        "false": {
          "complexity": 0.009999999776482582,
          "loss": 0.0,
          "name": "Y",
          "prediction": 1
        },
        "feature": 8,
        "name": "NormalNucleoli_1",
        "reference": 1,
        "relation": "==",
        "true": {
          "complexity": 0.009999999776482582,
          "loss": 0.0,
          "name": "Y",
          "prediction": 0
        },
        "type": "integral"
      },
      "feature": 5,
      "name": "SingleEpithelialCellSize_2",
      "reference": 1,
      "relation": "==",
      "true": {
        "complexity": 0.009999999776482582,
        "loss": 0.0,
        "name": "Y",
        "prediction": 0
      },
      "type": "integral"
    },
    "type": "integral"
  },
  "feature": 1,
  "model_objective": 0.07702702283859253,
  "name": "CellSize_1",
  "reference": 1,
  "relation": "==",
  "true": {
    "complexity": 0.009999999776482582,
    "loss": 0.0,
    "name": "Y",
    "prediction": 0
  },
  "type": "integral"
}
{
  "false": {
    "false": {
      "false": {
        "complexity": 0.009999999776482582,
        "loss": 0.0,
        "name": "Y",
        "prediction": 1
      },
      "feature": 8,
      "name": "NormalNucleoli_1",
      "reference": 1,
      "relation": "==",
      "true": {
        "complexity": 0.009999999776482582,
        "loss": 0.0,
        "name": "Y",
        "prediction": 0
      },
      "type": "integral"
    },
    "feature": 7,
    "name": "BareNuclei_10",
    "reference": 1,
    "relation": "==",
    "true": {
      "complexity": 0.009999999776482582,
      "loss": 0.0,
      "name": "Y",
      "prediction": 1
    },
    "type": "integral"
  },
  "feature": 5,
  "model_objective": 0.07702702283859253,
  "name": "SingleEpithelialCellSize_2",
  "reference": 1,
  "relation": "==",
  "true": {
    "false": {
      "complexity": 0.009999999776482582,
      "loss": 0.027027027681469917,
      "name": "Y",
      "prediction": 0
    },
    "feature": 0,
    "name": "ClumpThickness_10",
    "reference": 1,
    "relation": "==",
    "true": {
      "complexity": 0.009999999776482582,
      "loss": 0.0,
      "name": "Y",
      "prediction": 1
    },
    "type": "integral"
  },
  "type": "integral"
}
{
  "false": {
    "false": {
      "complexity": 0.009999999776482582,
      "loss": 0.0,
      "name": "Y",
      "prediction": 1
    },
    "feature": 8,
    "name": "NormalNucleoli_1",
    "reference": 1,
    "relation": "==",
    "true": {
      "false": {
        "complexity": 0.009999999776482582,
        "loss": 0.0,
        "name": "Y",
        "prediction": 0
      },
      "feature": 7,
      "name": "BareNuclei_10",
      "reference": 1,
      "relation": "==",
      "true": {
        "complexity": 0.009999999776482582,
        "loss": 0.0,
        "name": "Y",
        "prediction": 1
      },
      "type": "integral"
    },
    "type": "integral"
  },
  "feature": 5,
  "model_objective": 0.07702702283859253,
  "name": "SingleEpithelialCellSize_2",
  "reference": 1,
  "relation": "==",
  "true": {
    "false": {
      "complexity": 0.009999999776482582,
      "loss": 0.027027027681469917,
      "name": "Y",
      "prediction": 0
    },
    "feature": 0,
    "name": "ClumpThickness_10",
    "reference": 1,
    "relation": "==",
    "true": {
      "complexity": 0.009999999776482582,
      "loss": 0.0,
      "name": "Y",
      "prediction": 1
    },
    "type": "integral"
  },
  "type": "integral"
}
{
  "false": {
    "false": {
      "false": {
        "complexity": 0.009999999776482582,
        "loss": 0.0,
        "name": "Y",
        "prediction": 1
      },
      "feature": 8,
      "name": "NormalNucleoli_1",
      "reference": 1,
      "relation": "==",
      "true": {
        "false": {
          "complexity": 0.009999999776482582,
          "loss": 0.0,
          "name": "Y",
          "prediction": 0
        },
        "feature": 7,
        "name": "BareNuclei_10",
        "reference": 1,
        "relation": "==",
        "true": {
          "complexity": 0.009999999776482582,
          "loss": 0.0,
          "name": "Y",
          "prediction": 1
        },
        "type": "integral"
      },
      "type": "integral"
    },
    "feature": 5,
    "name": "SingleEpithelialCellSize_2",
    "reference": 1,
    "relation": "==",
    "true": {
      "complexity": 0.009999999776482582,
      "loss": 0.027027027681469917,
      "name": "Y",
      "prediction": 0
    },
    "type": "integral"
  },
  "feature": 0,
  "model_objective": 0.07702702283859253,
  "name": "ClumpThickness_10",
  "reference": 1,
  "relation": "==",
  "true": {
    "complexity": 0.009999999776482582,
    "loss": 0.0,
    "name": "Y",
    "prediction": 1
  },
  "type": "integral"
}
{
  "false": {
    "false": {
      "false": {
        "false": {
          "complexity": 0.009999999776482582,
          "loss": 0.0,
          "name": "Y",
          "prediction": 1
        },
        "feature": 8,
        "name": "NormalNucleoli_1",
        "reference": 1,
        "relation": "==",
        "true": {
          "complexity": 0.009999999776482582,
          "loss": 0.0,
          "name": "Y",
          "prediction": 0
        },
        "type": "integral"
      },
      "feature": 7,
      "name": "BareNuclei_10",
      "reference": 1,
      "relation": "==",
      "true": {
        "complexity": 0.009999999776482582,
        "loss": 0.0,
        "name": "Y",
        "prediction": 1
      },
      "type": "integral"
    },
    "feature": 5,
    "name": "SingleEpithelialCellSize_2",
    "reference": 1,
    "relation": "==",
    "true": {
      "complexity": 0.009999999776482582,
      "loss": 0.027027027681469917,
      "name": "Y",
      "prediction": 0
    },
    "type": "integral"
  },
  "feature": 0,
  "model_objective": 0.07702702283859253,
  "name": "ClumpThickness_10",
  "reference": 1,
  "relation": "==",
  "true": {
    "complexity": 0.009999999776482582,
    "loss": 0.0,
    "name": "Y",
    "prediction": 1
  },
  "type": "integral"
}
null
Finding Optimal Objective...
{
  "false": {
    "false": {
      "complexity": 0.009999999776482582,
      "loss": 0.02631578966975212,
      "name": "Y",
      "prediction": 1
    },
    "feature": 1,
    "name": "CellSize_1",
    "reference": 1,
    "relation": "==",
    "true": {
      "complexity": 0.009999999776482582,
      "loss": 0.0,
      "name": "Y",
      "prediction": 0
    },
    "type": "integral"
  },
  "feature": 6,
  "model_objective": 0.07631579041481018,
  "name": "BareNuclei_1",
  "reference": 1,
  "relation": "==",
  "true": {
    "false": {
      "false": {
        "complexity": 0.009999999776482582,
        "loss": 0.0,
        "name": "Y",
        "prediction": 1
      },
      "feature": 8,
      "name": "NormalNucleoli_1",
      "reference": 1,
      "relation": "==",
      "true": {
        "complexity": 0.009999999776482582,
        "loss": 0.0,
        "name": "Y",
        "prediction": 0
      },
      "type": "integral"
    },
    "feature": 5,
    "name": "SingleEpithelialCellSize_2",
    "reference": 1,
    "relation": "==",
    "true": {
      "complexity": 0.009999999776482582,
      "loss": 0.0,
      "name": "Y",
      "prediction": 0
    },
    "type": "integral"
  },
  "type": "integral"
}
{
  "false": {
    "false": {
      "complexity": 0.009999999776482582,
      "loss": 0.02631578966975212,
      "name": "Y",
      "prediction": 1
    },
    "feature": 6,
    "name": "BareNuclei_1",
    "reference": 1,
    "relation": "==",
    "true": {
      "false": {
        "false": {
          "complexity": 0.009999999776482582,
          "loss": 0.0,
          "name": "Y",
          "prediction": 1
        },
        "feature": 8,
        "name": "NormalNucleoli_1",
        "reference": 1,
        "relation": "==",
        "true": {
          "complexity": 0.009999999776482582,
          "loss": 0.0,
          "name": "Y",
          "prediction": 0
        },
        "type": "integral"
      },
      "feature": 5,
      "name": "SingleEpithelialCellSize_2",
      "reference": 1,
      "relation": "==",
      "true": {
        "complexity": 0.009999999776482582,
        "loss": 0.0,
        "name": "Y",
        "prediction": 0
      },
      "type": "integral"
    },
    "type": "integral"
  },
  "feature": 1,
  "model_objective": 0.07631579041481018,
  "name": "CellSize_1",
  "reference": 1,
  "relation": "==",
  "true": {
    "complexity": 0.009999999776482582,
    "loss": 0.0,
    "name": "Y",
    "prediction": 0
  },
  "type": "integral"
}
{
  "false": {
    "false": {
      "complexity": 0.009999999776482582,
      "loss": 0.02631578966975212,
      "name": "Y",
      "prediction": 1
    },
    "feature": 1,
    "name": "CellSize_1",
    "reference": 1,
    "relation": "==",
    "true": {
      "complexity": 0.009999999776482582,
      "loss": 0.0,
      "name": "Y",
      "prediction": 0
    },
    "type": "integral"
  },
  "feature": 6,
  "model_objective": 0.07631579041481018,
  "name": "BareNuclei_1",
  "reference": 1,
  "relation": "==",
  "true": {
    "false": {
      "false": {
        "complexity": 0.009999999776482582,
        "loss": 0.0,
        "name": "Y",
        "prediction": 1
      },
      "feature": 5,
      "name": "SingleEpithelialCellSize_2",
      "reference": 1,
      "relation": "==",
      "true": {
        "complexity": 0.009999999776482582,
        "loss": 0.0,
        "name": "Y",
        "prediction": 0
      },
      "type": "integral"
    },
    "feature": 8,
    "name": "NormalNucleoli_1",
    "reference": 1,
    "relation": "==",
    "true": {
      "complexity": 0.009999999776482582,
      "loss": 0.0,
      "name": "Y",
      "prediction": 0
    },
    "type": "integral"
  },
  "type": "integral"
}
{
  "false": {
    "false": {
      "complexity": 0.009999999776482582,
      "loss": 0.02631578966975212,
      "name": "Y",
      "prediction": 1
    },
    "feature": 6,
    "name": "BareNuclei_1",
    "reference": 1,
    "relation": "==",
    "true": {
      "false": {
        "false": {
          "complexity": 0.009999999776482582,
          "loss": 0.0,
          "name": "Y",
          "prediction": 1
        },
        "feature": 5,
        "name": "SingleEpithelialCellSize_2",
        "reference": 1,
        "relation": "==",
        "true": {
          "complexity": 0.009999999776482582,
          "loss": 0.0,
          "name": "Y",
          "prediction": 0
        },
        "type": "integral"
      },
      "feature": 8,
      "name": "NormalNucleoli_1",
      "reference": 1,
      "relation": "==",
      "true": {
        "complexity": 0.009999999776482582,
        "loss": 0.0,
        "name": "Y",
        "prediction": 0
      },
      "type": "integral"
    },
    "type": "integral"
  },
  "feature": 1,
  "model_objective": 0.07631579041481018,
  "name": "CellSize_1",
  "reference": 1,
  "relation": "==",
  "true": {
    "complexity": 0.009999999776482582,
    "loss": 0.0,
    "name": "Y",
    "prediction": 0
  },
  "type": "integral"
}
{
  "false": {
    "false": {
      "false": {
        "complexity": 0.009999999776482582,
        "loss": 0.0,
        "name": "Y",
        "prediction": 1
      },
      "feature": 8,
      "name": "NormalNucleoli_1",
      "reference": 1,
      "relation": "==",
      "true": {
        "false": {
          "complexity": 0.009999999776482582,
          "loss": 0.0,
          "name": "Y",
          "prediction": 0
        },
        "feature": 7,
        "name": "BareNuclei_10",
        "reference": 1,
        "relation": "==",
        "true": {
          "complexity": 0.009999999776482582,
          "loss": 0.0,
          "name": "Y",
          "prediction": 1
        },
        "type": "integral"
      },
      "type": "integral"
    },
    "feature": 5,
    "name": "SingleEpithelialCellSize_2",
    "reference": 1,
    "relation": "==",
    "true": {
      "complexity": 0.009999999776482582,
      "loss": 0.02631578966975212,
      "name": "Y",
      "prediction": 0
    },
    "type": "integral"
  },
  "feature": 0,
  "model_objective": 0.07631579041481018,
  "name": "ClumpThickness_10",
  "reference": 1,
  "relation": "==",
  "true": {
    "complexity": 0.009999999776482582,
    "loss": 0.0,
    "name": "Y",
    "prediction": 1
  },
  "type": "integral"
}
{
  "false": {
    "false": {
      "false": {
        "false": {
          "complexity": 0.009999999776482582,
          "loss": 0.0,
          "name": "Y",
          "prediction": 1
        },
        "feature": 8,
        "name": "NormalNucleoli_1",
        "reference": 1,
        "relation": "==",
        "true": {
          "complexity": 0.009999999776482582,
          "loss": 0.0,
          "name": "Y",
          "prediction": 0
        },
        "type": "integral"
      },
      "feature": 7,
      "name": "BareNuclei_10",
      "reference": 1,
      "relation": "==",
      "true": {
        "complexity": 0.009999999776482582,
        "loss": 0.0,
        "name": "Y",
        "prediction": 1
      },
      "type": "integral"
    },
    "feature": 5,
    "name": "SingleEpithelialCellSize_2",
    "reference": 1,
    "relation": "==",
    "true": {
      "complexity": 0.009999999776482582,
      "loss": 0.02631578966975212,
      "name": "Y",
      "prediction": 0
    },
    "type": "integral"
  },
  "feature": 0,
  "model_objective": 0.07631579041481018,
  "name": "ClumpThickness_10",
  "reference": 1,
  "relation": "==",
  "true": {
    "complexity": 0.009999999776482582,
    "loss": 0.0,
    "name": "Y",
    "prediction": 1
  },
  "type": "integral"
}
null
Finding Optimal Objective...
{
  "false": {
    "false": {
      "complexity": 0.009999999776482582,
      "loss": 0.025641025975346565,
      "name": "Y",
      "prediction": 1
    },
    "feature": 6,
    "name": "BareNuclei_1",
    "reference": 1,
    "relation": "==",
    "true": {
      "false": {
        "false": {
          "complexity": 0.009999999776482582,
          "loss": 0.0,
          "name": "Y",
          "prediction": 1
        },
        "feature": 5,
        "name": "SingleEpithelialCellSize_2",
        "reference": 1,
        "relation": "==",
        "true": {
          "complexity": 0.009999999776482582,
          "loss": 0.0,
          "name": "Y",
          "prediction": 0
        },
        "type": "integral"
      },
      "feature": 8,
      "name": "NormalNucleoli_1",
      "reference": 1,
      "relation": "==",
      "true": {
        "complexity": 0.009999999776482582,
        "loss": 0.0,
        "name": "Y",
        "prediction": 0
      },
      "type": "integral"
    },
    "type": "integral"
  },
  "feature": 1,
  "model_objective": 0.07564102113246918,
  "name": "CellSize_1",
  "reference": 1,
  "relation": "==",
  "true": {
    "complexity": 0.009999999776482582,
    "loss": 0.0,
    "name": "Y",
    "prediction": 0
  },
  "type": "integral"
}
{
  "false": {
    "false": {
      "complexity": 0.009999999776482582,
      "loss": 0.025641025975346565,
      "name": "Y",
      "prediction": 1
    },
    "feature": 6,
    "name": "BareNuclei_1",
    "reference": 1,
    "relation": "==",
    "true": {
      "false": {
        "false": {
          "complexity": 0.009999999776482582,
          "loss": 0.0,
          "name": "Y",
          "prediction": 1
        },
        "feature": 8,
        "name": "NormalNucleoli_1",
        "reference": 1,
        "relation": "==",
        "true": {
          "complexity": 0.009999999776482582,
          "loss": 0.0,
          "name": "Y",
          "prediction": 0
        },
        "type": "integral"
      },
      "feature": 5,
      "name": "SingleEpithelialCellSize_2",
      "reference": 1,
      "relation": "==",
      "true": {
        "complexity": 0.009999999776482582,
        "loss": 0.0,
        "name": "Y",
        "prediction": 0
      },
      "type": "integral"
    },
    "type": "integral"
  },
  "feature": 1,
  "model_objective": 0.07564102113246918,
  "name": "CellSize_1",
  "reference": 1,
  "relation": "==",
  "true": {
    "complexity": 0.009999999776482582,
    "loss": 0.0,
    "name": "Y",
    "prediction": 0
  },
  "type": "integral"
}
null
Finding Optimal Objective...
{
  "false": {
    "false": {
      "complexity": 0.009999999776482582,
      "loss": 0.02500000037252903,
      "name": "Y",
      "prediction": 1
    },
    "feature": 6,
    "name": "BareNuclei_1",
    "reference": 1,
    "relation": "==",
    "true": {
      "false": {
        "false": {
          "complexity": 0.009999999776482582,
          "loss": 0.0,
          "name": "Y",
          "prediction": 1
        },
        "feature": 5,
        "name": "SingleEpithelialCellSize_2",
        "reference": 1,
        "relation": "==",
        "true": {
          "complexity": 0.009999999776482582,
          "loss": 0.0,
          "name": "Y",
          "prediction": 0
        },
        "type": "integral"
      },
      "feature": 8,
      "name": "NormalNucleoli_1",
      "reference": 1,
      "relation": "==",
      "true": {
        "complexity": 0.009999999776482582,
        "loss": 0.0,
        "name": "Y",
        "prediction": 0
      },
      "type": "integral"
    },
    "type": "integral"
  },
  "feature": 1,
  "model_objective": 0.07499999552965164,
  "name": "CellSize_1",
  "reference": 1,
  "relation": "==",
  "true": {
    "complexity": 0.009999999776482582,
    "loss": 0.0,
    "name": "Y",
    "prediction": 0
  },
  "type": "integral"
}
{
  "false": {
    "false": {
      "complexity": 0.009999999776482582,
      "loss": 0.02500000037252903,
      "name": "Y",
      "prediction": 1
    },
    "feature": 6,
    "name": "BareNuclei_1",
    "reference": 1,
    "relation": "==",
    "true": {
      "false": {
        "false": {
          "complexity": 0.009999999776482582,
          "loss": 0.0,
          "name": "Y",
          "prediction": 1
        },
        "feature": 8,
        "name": "NormalNucleoli_1",
        "reference": 1,
        "relation": "==",
        "true": {
          "complexity": 0.009999999776482582,
          "loss": 0.0,
          "name": "Y",
          "prediction": 0
        },
        "type": "integral"
      },
      "feature": 5,
      "name": "SingleEpithelialCellSize_2",
      "reference": 1,
      "relation": "==",
      "true": {
        "complexity": 0.009999999776482582,
        "loss": 0.0,
        "name": "Y",
        "prediction": 0
      },
      "type": "integral"
    },
    "type": "integral"
  },
  "feature": 1,
  "model_objective": 0.07499999552965164,
  "name": "CellSize_1",
  "reference": 1,
  "relation": "==",
  "true": {
    "complexity": 0.009999999776482582,
    "loss": 0.0,
    "name": "Y",
    "prediction": 0
  },
  "type": "integral"
}
null
Finding Optimal Objective...
{
  "false": {
    "false": {
      "complexity": 0.009999999776482582,
      "loss": 0.024390242993831635,
      "name": "Y",
      "prediction": 1
    },
    "feature": 6,
    "name": "BareNuclei_1",
    "reference": 1,
    "relation": "==",
    "true": {
      "false": {
        "false": {
          "complexity": 0.009999999776482582,
          "loss": 0.0,
          "name": "Y",
          "prediction": 1
        },
        "feature": 5,
        "name": "SingleEpithelialCellSize_2",
        "reference": 1,
        "relation": "==",
        "true": {
          "complexity": 0.009999999776482582,
          "loss": 0.0,
          "name": "Y",
          "prediction": 0
        },
        "type": "integral"
      },
      "feature": 8,
      "name": "NormalNucleoli_1",
      "reference": 1,
      "relation": "==",
      "true": {
        "complexity": 0.009999999776482582,
        "loss": 0.0,
        "name": "Y",
        "prediction": 0
      },
      "type": "integral"
    },
    "type": "integral"
  },
  "feature": 1,
  "model_objective": 0.0743902400135994,
  "name": "CellSize_1",
  "reference": 1,
  "relation": "==",
  "true": {
    "complexity": 0.009999999776482582,
    "loss": 0.0,
    "name": "Y",
    "prediction": 0
  },
  "type": "integral"
}
{
  "false": {
    "false": {
      "complexity": 0.009999999776482582,
      "loss": 0.024390242993831635,
      "name": "Y",
      "prediction": 1
    },
    "feature": 6,
    "name": "BareNuclei_1",
    "reference": 1,
    "relation": "==",
    "true": {
      "false": {
        "false": {
          "complexity": 0.009999999776482582,
          "loss": 0.0,
          "name": "Y",
          "prediction": 1
        },
        "feature": 8,
        "name": "NormalNucleoli_1",
        "reference": 1,
        "relation": "==",
        "true": {
          "complexity": 0.009999999776482582,
          "loss": 0.0,
          "name": "Y",
          "prediction": 0
        },
        "type": "integral"
      },
      "feature": 5,
      "name": "SingleEpithelialCellSize_2",
      "reference": 1,
      "relation": "==",
      "true": {
        "complexity": 0.009999999776482582,
        "loss": 0.0,
        "name": "Y",
        "prediction": 0
      },
      "type": "integral"
    },
    "type": "integral"
  },
  "feature": 1,
  "model_objective": 0.0743902400135994,
  "name": "CellSize_1",
  "reference": 1,
  "relation": "==",
  "true": {
    "complexity": 0.009999999776482582,
    "loss": 0.0,
    "name": "Y",
    "prediction": 0
  },
  "type": "integral"
}
null
Finding Optimal Objective...
{
  "false": {
    "false": {
      "false": {
        "false": {
          "false": {
            "complexity": 0.009999999776482582,
            "loss": 0.0,
            "name": "Y",
            "prediction": 1
          },
          "feature": 8,
          "name": "NormalNucleoli_1",
          "reference": 1,
          "relation": "==",
          "true": {
            "complexity": 0.009999999776482582,
            "loss": 0.0,
            "name": "Y",
            "prediction": 0
          },
          "type": "integral"
        },
        "feature": 5,
        "name": "SingleEpithelialCellSize_2",
        "reference": 1,
        "relation": "==",
        "true": {
          "complexity": 0.009999999776482582,
          "loss": 0.02380952425301075,
          "name": "Y",
          "prediction": 0
        },
        "type": "integral"
      },
      "feature": 7,
      "name": "BareNuclei_10",
      "reference": 1,
      "relation": "==",
      "true": {
        "complexity": 0.009999999776482582,
        "loss": 0.0,
        "name": "Y",
        "prediction": 1
      },
      "type": "integral"
    },
    "feature": 0,
    "name": "ClumpThickness_10",
    "reference": 1,
    "relation": "==",
    "true": {
      "complexity": 0.009999999776482582,
      "loss": 0.0,
      "name": "Y",
      "prediction": 1
    },
    "type": "integral"
  },
  "feature": 3,
  "model_objective": 0.0838095173239708,
  "name": "CellShape_1",
  "reference": 1,
  "relation": "==",
  "true": {
    "complexity": 0.009999999776482582,
    "loss": 0.0,
    "name": "Y",
    "prediction": 0
  },
  "type": "integral"
}
{
  "false": {
    "false": {
      "false": {
        "false": {
          "complexity": 0.009999999776482582,
          "loss": 0.0,
          "name": "Y",
          "prediction": 1
        },
        "feature": 8,
        "name": "NormalNucleoli_1",
        "reference": 1,
        "relation": "==",
        "true": {
          "complexity": 0.009999999776482582,
          "loss": 0.0,
          "name": "Y",
          "prediction": 0
        },
        "type": "integral"
      },
      "feature": 5,
      "name": "SingleEpithelialCellSize_2",
      "reference": 1,
      "relation": "==",
      "true": {
        "false": {
          "complexity": 0.009999999776482582,
          "loss": 0.02380952425301075,
          "name": "Y",
          "prediction": 0
        },
        "feature": 0,
        "name": "ClumpThickness_10",
        "reference": 1,
        "relation": "==",
        "true": {
          "complexity": 0.009999999776482582,
          "loss": 0.0,
          "name": "Y",
          "prediction": 1
        },
        "type": "integral"
      },
      "type": "integral"
    },
    "feature": 7,
    "name": "BareNuclei_10",
    "reference": 1,
    "relation": "==",
    "true": {
      "complexity": 0.009999999776482582,
      "loss": 0.0,
      "name": "Y",
      "prediction": 1
    },
    "type": "integral"
  },
  "feature": 3,
  "model_objective": 0.0838095173239708,
  "name": "CellShape_1",
  "reference": 1,
  "relation": "==",
  "true": {
    "complexity": 0.009999999776482582,
    "loss": 0.0,
    "name": "Y",
    "prediction": 0
  },
  "type": "integral"
}
{
  "false": {
    "false": {
      "false": {
        "false": {
          "false": {
            "complexity": 0.009999999776482582,
            "loss": 0.0,
            "name": "Y",
            "prediction": 1
          },
          "feature": 8,
          "name": "NormalNucleoli_1",
          "reference": 1,
          "relation": "==",
          "true": {
            "complexity": 0.009999999776482582,
            "loss": 0.0,
            "name": "Y",
            "prediction": 0
          },
          "type": "integral"
        },
        "feature": 5,
        "name": "SingleEpithelialCellSize_2",
        "reference": 1,
        "relation": "==",
        "true": {
          "complexity": 0.009999999776482582,
          "loss": 0.02380952425301075,
          "name": "Y",
          "prediction": 0
        },
        "type": "integral"
      },
      "feature": 7,
      "name": "BareNuclei_10",
      "reference": 1,
      "relation": "==",
      "true": {
        "complexity": 0.009999999776482582,
        "loss": 0.0,
        "name": "Y",
        "prediction": 1
      },
      "type": "integral"
    },
    "feature": 1,
    "name": "CellSize_1",
    "reference": 1,
    "relation": "==",
    "true": {
      "complexity": 0.009999999776482582,
      "loss": 0.0,
      "name": "Y",
      "prediction": 0
    },
    "type": "integral"
  },
  "feature": 0,
  "model_objective": 0.0838095173239708,
  "name": "ClumpThickness_10",
  "reference": 1,
  "relation": "==",
  "true": {
    "complexity": 0.009999999776482582,
    "loss": 0.0,
    "name": "Y",
    "prediction": 1
  },
  "type": "integral"
}
{
  "false": {
    "false": {
      "false": {
        "false": {
          "complexity": 0.009999999776482582,
          "loss": 0.0,
          "name": "Y",
          "prediction": 1
        },
        "feature": 8,
        "name": "NormalNucleoli_1",
        "reference": 1,
        "relation": "==",
        "true": {
          "complexity": 0.009999999776482582,
          "loss": 0.0,
          "name": "Y",
          "prediction": 0
        },
        "type": "integral"
      },
      "feature": 5,
      "name": "SingleEpithelialCellSize_2",
      "reference": 1,
      "relation": "==",
      "true": {
        "false": {
          "complexity": 0.009999999776482582,
          "loss": 0.02380952425301075,
          "name": "Y",
          "prediction": 0
        },
        "feature": 0,
        "name": "ClumpThickness_10",
        "reference": 1,
        "relation": "==",
        "true": {
          "complexity": 0.009999999776482582,
          "loss": 0.0,
          "name": "Y",
          "prediction": 1
        },
        "type": "integral"
      },
      "type": "integral"
    },
    "feature": 7,
    "name": "BareNuclei_10",
    "reference": 1,
    "relation": "==",
    "true": {
      "complexity": 0.009999999776482582,
      "loss": 0.0,
      "name": "Y",
      "prediction": 1
    },
    "type": "integral"
  },
  "feature": 1,
  "model_objective": 0.0838095173239708,
  "name": "CellSize_1",
  "reference": 1,
  "relation": "==",
  "true": {
    "complexity": 0.009999999776482582,
    "loss": 0.0,
    "name": "Y",
    "prediction": 0
  },
  "type": "integral"
}
{
  "false": {
    "false": {
      "false": {
        "false": {
          "false": {
            "complexity": 0.009999999776482582,
            "loss": 0.0,
            "name": "Y",
            "prediction": 1
          },
          "feature": 8,
          "name": "NormalNucleoli_1",
          "reference": 1,
          "relation": "==",
          "true": {
            "complexity": 0.009999999776482582,
            "loss": 0.0,
            "name": "Y",
            "prediction": 0
          },
          "type": "integral"
        },
        "feature": 5,
        "name": "SingleEpithelialCellSize_2",
        "reference": 1,
        "relation": "==",
        "true": {
          "complexity": 0.009999999776482582,
          "loss": 0.02380952425301075,
          "name": "Y",
          "prediction": 0
        },
        "type": "integral"
      },
      "feature": 7,
      "name": "BareNuclei_10",
      "reference": 1,
      "relation": "==",
      "true": {
        "complexity": 0.009999999776482582,
        "loss": 0.0,
        "name": "Y",
        "prediction": 1
      },
      "type": "integral"
    },
    "feature": 3,
    "name": "CellShape_1",
    "reference": 1,
    "relation": "==",
    "true": {
      "complexity": 0.009999999776482582,
      "loss": 0.0,
      "name": "Y",
      "prediction": 0
    },
    "type": "integral"
  },
  "feature": 0,
  "model_objective": 0.0838095173239708,
  "name": "ClumpThickness_10",
  "reference": 1,
  "relation": "==",
  "true": {
    "complexity": 0.009999999776482582,
    "loss": 0.0,
    "name": "Y",
    "prediction": 1
  },
  "type": "integral"
}
{
  "false": {
    "false": {
      "false": {
        "false": {
          "false": {
            "complexity": 0.009999999776482582,
            "loss": 0.0,
            "name": "Y",
            "prediction": 1
          },
          "feature": 5,
          "name": "SingleEpithelialCellSize_2",
          "reference": 1,
          "relation": "==",
          "true": {
            "complexity": 0.009999999776482582,
            "loss": 0.0,
            "name": "Y",
            "prediction": 0
          },
          "type": "integral"
        },
        "feature": 8,
        "name": "NormalNucleoli_1",
        "reference": 1,
        "relation": "==",
        "true": {
          "complexity": 0.009999999776482582,
          "loss": 0.02380952425301075,
          "name": "Y",
          "prediction": 0
        },
        "type": "integral"
      },
      "feature": 7,
      "name": "BareNuclei_10",
      "reference": 1,
      "relation": "==",
      "true": {
        "complexity": 0.009999999776482582,
        "loss": 0.0,
        "name": "Y",
        "prediction": 1
      },
      "type": "integral"
    },
    "feature": 1,
    "name": "CellSize_1",
    "reference": 1,
    "relation": "==",
    "true": {
      "complexity": 0.009999999776482582,
      "loss": 0.0,
      "name": "Y",
      "prediction": 0
    },
    "type": "integral"
  },
  "feature": 0,
  "model_objective": 0.0838095173239708,
  "name": "ClumpThickness_10",
  "reference": 1,
  "relation": "==",
  "true": {
    "complexity": 0.009999999776482582,
    "loss": 0.0,
    "name": "Y",
    "prediction": 1
  },
  "type": "integral"
}
{
  "false": {
    "false": {
      "false": {
        "false": {
          "complexity": 0.009999999776482582,
          "loss": 0.0,
          "name": "Y",
          "prediction": 1
        },
        "feature": 5,
        "name": "SingleEpithelialCellSize_2",
        "reference": 1,
        "relation": "==",
        "true": {
          "complexity": 0.009999999776482582,
          "loss": 0.0,
          "name": "Y",
          "prediction": 0
        },
        "type": "integral"
      },
      "feature": 8,
      "name": "NormalNucleoli_1",
      "reference": 1,
      "relation": "==",
      "true": {
        "false": {
          "complexity": 0.009999999776482582,
          "loss": 0.02380952425301075,
          "name": "Y",
          "prediction": 0
        },
        "feature": 0,
        "name": "ClumpThickness_10",
        "reference": 1,
        "relation": "==",
        "true": {
          "complexity": 0.009999999776482582,
          "loss": 0.0,
          "name": "Y",
          "prediction": 1
        },
        "type": "integral"
      },
      "type": "integral"
    },
    "feature": 7,
    "name": "BareNuclei_10",
    "reference": 1,
    "relation": "==",
    "true": {
      "complexity": 0.009999999776482582,
      "loss": 0.0,
      "name": "Y",
      "prediction": 1
    },
    "type": "integral"
  },
  "feature": 1,
  "model_objective": 0.0838095173239708,
  "name": "CellSize_1",
  "reference": 1,
  "relation": "==",
  "true": {
    "complexity": 0.009999999776482582,
    "loss": 0.0,
    "name": "Y",
    "prediction": 0
  },
  "type": "integral"
}
{
  "false": {
    "false": {
      "false": {
        "false": {
          "false": {
            "complexity": 0.009999999776482582,
            "loss": 0.0,
            "name": "Y",
            "prediction": 1
          },
          "feature": 8,
          "name": "NormalNucleoli_1",
          "reference": 1,
          "relation": "==",
          "true": {
            "complexity": 0.009999999776482582,
            "loss": 0.0,
            "name": "Y",
            "prediction": 0
          },
          "type": "integral"
        },
        "feature": 5,
        "name": "SingleEpithelialCellSize_2",
        "reference": 1,
        "relation": "==",
        "true": {
          "complexity": 0.009999999776482582,
          "loss": 0.02380952425301075,
          "name": "Y",
          "prediction": 0
        },
        "type": "integral"
      },
      "feature": 7,
      "name": "BareNuclei_10",
      "reference": 1,
      "relation": "==",
      "true": {
        "complexity": 0.009999999776482582,
        "loss": 0.0,
        "name": "Y",
        "prediction": 1
      },
      "type": "integral"
    },
    "feature": 0,
    "name": "ClumpThickness_10",
    "reference": 1,
    "relation": "==",
    "true": {
      "complexity": 0.009999999776482582,
      "loss": 0.0,
      "name": "Y",
      "prediction": 1
    },
    "type": "integral"
  },
  "feature": 1,
  "model_objective": 0.0838095173239708,
  "name": "CellSize_1",
  "reference": 1,
  "relation": "==",
  "true": {
    "complexity": 0.009999999776482582,
    "loss": 0.0,
    "name": "Y",
    "prediction": 0
  },
  "type": "integral"
}
{
  "false": {
    "false": {
      "false": {
        "false": {
          "false": {
            "complexity": 0.009999999776482582,
            "loss": 0.0,
            "name": "Y",
            "prediction": 1
          },
          "feature": 5,
          "name": "SingleEpithelialCellSize_2",
          "reference": 1,
          "relation": "==",
          "true": {
            "complexity": 0.009999999776482582,
            "loss": 0.0,
            "name": "Y",
            "prediction": 0
          },
          "type": "integral"
        },
        "feature": 8,
        "name": "NormalNucleoli_1",
        "reference": 1,
        "relation": "==",
        "true": {
          "complexity": 0.009999999776482582,
          "loss": 0.02380952425301075,
          "name": "Y",
          "prediction": 0
        },
        "type": "integral"
      },
      "feature": 7,
      "name": "BareNuclei_10",
      "reference": 1,
      "relation": "==",
      "true": {
        "complexity": 0.009999999776482582,
        "loss": 0.0,
        "name": "Y",
        "prediction": 1
      },
      "type": "integral"
    },
    "feature": 0,
    "name": "ClumpThickness_10",
    "reference": 1,
    "relation": "==",
    "true": {
      "complexity": 0.009999999776482582,
      "loss": 0.0,
      "name": "Y",
      "prediction": 1
    },
    "type": "integral"
  },
  "feature": 3,
  "model_objective": 0.0838095173239708,
  "name": "CellShape_1",
  "reference": 1,
  "relation": "==",
  "true": {
    "complexity": 0.009999999776482582,
    "loss": 0.0,
    "name": "Y",
    "prediction": 0
  },
  "type": "integral"
}
{
  "false": {
    "false": {
      "false": {
        "false": {
          "false": {
            "complexity": 0.009999999776482582,
            "loss": 0.0,
            "name": "Y",
            "prediction": 1
          },
          "feature": 5,
          "name": "SingleEpithelialCellSize_2",
          "reference": 1,
          "relation": "==",
          "true": {
            "complexity": 0.009999999776482582,
            "loss": 0.0,
            "name": "Y",
            "prediction": 0
          },
          "type": "integral"
        },
        "feature": 8,
        "name": "NormalNucleoli_1",
        "reference": 1,
        "relation": "==",
        "true": {
          "complexity": 0.009999999776482582,
          "loss": 0.02380952425301075,
          "name": "Y",
          "prediction": 0
        },
        "type": "integral"
      },
      "feature": 7,
      "name": "BareNuclei_10",
      "reference": 1,
      "relation": "==",
      "true": {
        "complexity": 0.009999999776482582,
        "loss": 0.0,
        "name": "Y",
        "prediction": 1
      },
      "type": "integral"
    },
    "feature": 3,
    "name": "CellShape_1",
    "reference": 1,
    "relation": "==",
    "true": {
      "complexity": 0.009999999776482582,
      "loss": 0.0,
      "name": "Y",
      "prediction": 0
    },
    "type": "integral"
  },
  "feature": 0,
  "model_objective": 0.0838095173239708,
  "name": "ClumpThickness_10",
  "reference": 1,
  "relation": "==",
  "true": {
    "complexity": 0.009999999776482582,
    "loss": 0.0,
    "name": "Y",
    "prediction": 1
  },
  "type": "integral"
}
{
  "false": {
    "false": {
      "false": {
        "false": {
          "false": {
            "complexity": 0.009999999776482582,
            "loss": 0.0,
            "name": "Y",
            "prediction": 1
          },
          "feature": 8,
          "name": "NormalNucleoli_1",
          "reference": 1,
          "relation": "==",
          "true": {
            "complexity": 0.009999999776482582,
            "loss": 0.0,
            "name": "Y",
            "prediction": 0
          },
          "type": "integral"
        },
        "feature": 5,
        "name": "SingleEpithelialCellSize_2",
        "reference": 1,
        "relation": "==",
        "true": {
          "complexity": 0.009999999776482582,
          "loss": 0.02380952425301075,
          "name": "Y",
          "prediction": 0
        },
        "type": "integral"
      },
      "feature": 0,
      "name": "ClumpThickness_10",
      "reference": 1,
      "relation": "==",
      "true": {
        "complexity": 0.009999999776482582,
        "loss": 0.0,
        "name": "Y",
        "prediction": 1
      },
      "type": "integral"
    },
    "feature": 7,
    "name": "BareNuclei_10",
    "reference": 1,
    "relation": "==",
    "true": {
      "complexity": 0.009999999776482582,
      "loss": 0.0,
      "name": "Y",
      "prediction": 1
    },
    "type": "integral"
  },
  "feature": 3,
  "model_objective": 0.0838095173239708,
  "name": "CellShape_1",
  "reference": 1,
  "relation": "==",
  "true": {
    "complexity": 0.009999999776482582,
    "loss": 0.0,
    "name": "Y",
    "prediction": 0
  },
  "type": "integral"
}
{
  "false": {
    "false": {
      "false": {
        "false": {
          "false": {
            "complexity": 0.009999999776482582,
            "loss": 0.0,
            "name": "Y",
            "prediction": 1
          },
          "feature": 5,
          "name": "SingleEpithelialCellSize_2",
          "reference": 1,
          "relation": "==",
          "true": {
            "complexity": 0.009999999776482582,
            "loss": 0.0,
            "name": "Y",
            "prediction": 0
          },
          "type": "integral"
        },
        "feature": 8,
        "name": "NormalNucleoli_1",
        "reference": 1,
        "relation": "==",
        "true": {
          "complexity": 0.009999999776482582,
          "loss": 0.02380952425301075,
          "name": "Y",
          "prediction": 0
        },
        "type": "integral"
      },
      "feature": 7,
      "name": "BareNuclei_10",
      "reference": 1,
      "relation": "==",
      "true": {
        "complexity": 0.009999999776482582,
        "loss": 0.0,
        "name": "Y",
        "prediction": 1
      },
      "type": "integral"
    },
    "feature": 0,
    "name": "ClumpThickness_10",
    "reference": 1,
    "relation": "==",
    "true": {
      "complexity": 0.009999999776482582,
      "loss": 0.0,
      "name": "Y",
      "prediction": 1
    },
    "type": "integral"
  },
  "feature": 1,
  "model_objective": 0.0838095173239708,
  "name": "CellSize_1",
  "reference": 1,
  "relation": "==",
  "true": {
    "complexity": 0.009999999776482582,
    "loss": 0.0,
    "name": "Y",
    "prediction": 0
  },
  "type": "integral"
}
{
  "false": {
    "false": {
      "false": {
        "false": {
          "false": {
            "complexity": 0.009999999776482582,
            "loss": 0.0,
            "name": "Y",
            "prediction": 1
          },
          "feature": 5,
          "name": "SingleEpithelialCellSize_2",
          "reference": 1,
          "relation": "==",
          "true": {
            "complexity": 0.009999999776482582,
            "loss": 0.0,
            "name": "Y",
            "prediction": 0
          },
          "type": "integral"
        },
        "feature": 8,
        "name": "NormalNucleoli_1",
        "reference": 1,
        "relation": "==",
        "true": {
          "complexity": 0.009999999776482582,
          "loss": 0.02380952425301075,
          "name": "Y",
          "prediction": 0
        },
        "type": "integral"
      },
      "feature": 0,
      "name": "ClumpThickness_10",
      "reference": 1,
      "relation": "==",
      "true": {
        "complexity": 0.009999999776482582,
        "loss": 0.0,
        "name": "Y",
        "prediction": 1
      },
      "type": "integral"
    },
    "feature": 7,
    "name": "BareNuclei_10",
    "reference": 1,
    "relation": "==",
    "true": {
      "complexity": 0.009999999776482582,
      "loss": 0.0,
      "name": "Y",
      "prediction": 1
    },
    "type": "integral"
  },
  "feature": 3,
  "model_objective": 0.0838095173239708,
  "name": "CellShape_1",
  "reference": 1,
  "relation": "==",
  "true": {
    "complexity": 0.009999999776482582,
    "loss": 0.0,
    "name": "Y",
    "prediction": 0
  },
  "type": "integral"
}
{
  "false": {
    "false": {
      "false": {
        "false": {
          "complexity": 0.009999999776482582,
          "loss": 0.0,
          "name": "Y",
          "prediction": 1
        },
        "feature": 5,
        "name": "SingleEpithelialCellSize_2",
        "reference": 1,
        "relation": "==",
        "true": {
          "complexity": 0.009999999776482582,
          "loss": 0.0,
          "name": "Y",
          "prediction": 0
        },
        "type": "integral"
      },
      "feature": 8,
      "name": "NormalNucleoli_1",
      "reference": 1,
      "relation": "==",
      "true": {
        "false": {
          "complexity": 0.009999999776482582,
          "loss": 0.02380952425301075,
          "name": "Y",
          "prediction": 0
        },
        "feature": 0,
        "name": "ClumpThickness_10",
        "reference": 1,
        "relation": "==",
        "true": {
          "complexity": 0.009999999776482582,
          "loss": 0.0,
          "name": "Y",
          "prediction": 1
        },
        "type": "integral"
      },
      "type": "integral"
    },
    "feature": 7,
    "name": "BareNuclei_10",
    "reference": 1,
    "relation": "==",
    "true": {
      "complexity": 0.009999999776482582,
      "loss": 0.0,
      "name": "Y",
      "prediction": 1
    },
    "type": "integral"
  },
  "feature": 3,
  "model_objective": 0.0838095173239708,
  "name": "CellShape_1",
  "reference": 1,
  "relation": "==",
  "true": {
    "complexity": 0.009999999776482582,
    "loss": 0.0,
    "name": "Y",
    "prediction": 0
  },
  "type": "integral"
}
