null
Finding Optimal Objective...
{
  "false": {
    "false": {
      "complexity": 0.009999999776482582,
      "loss": 0.09375,
      "name": "Y",
      "prediction": 1
    },
    "feature": 1,
    "name": "CellSize_1",
    "reference": 1,
    "relation": "==",
    "true": {
      "complexity": 0.009999999776482582,
      "loss": 0.0,
      "name": "Y",
      "prediction": 0
    },
    "type": "integral"
  },
  "feature": 6,
  "model_objective": 0.1237500011920929,
  "name": "BareNuclei_1",
  "reference": 1,
  "relation": "==",
  "true": {
    "complexity": 0.009999999776482582,
    "loss": 0.0,
    "name": "Y",
    "prediction": 0
  },
  "type": "integral"
}
{
  "false": {
    "false": {
      "complexity": 0.009999999776482582,
      "loss": 0.09375,
      "name": "Y",
      "prediction": 1
    },
    "feature": 1,
    "name": "CellSize_1",
    "reference": 1,
    "relation": "==",
    "true": {
      "complexity": 0.009999999776482582,
      "loss": 0.0,
      "name": "Y",
      "prediction": 0
    },
    "type": "integral"
  },
  "feature": 3,
  "model_objective": 0.1237500011920929,
  "name": "CellShape_1",
  "reference": 1,
  "relation": "==",
  "true": {
    "complexity": 0.009999999776482582,
    "loss": 0.0,
    "name": "Y",
    "prediction": 0
  },
  "type": "integral"
}
{
  "false": {
    "false": {
      "complexity": 0.009999999776482582,
      "loss": 0.09375,
      "name": "Y",
      "prediction": 1
    },
    "feature": 3,
    "name": "CellShape_1",
    "reference": 1,
    "relation": "==",
    "true": {
      "complexity": 0.009999999776482582,
      "loss": 0.0,
      "name": "Y",
      "prediction": 0
    },
    "type": "integral"
  },
  "feature": 1,
  "model_objective": 0.1237500011920929,
  "name": "CellSize_1",
  "reference": 1,
  "relation": "==",
  "true": {
    "complexity": 0.009999999776482582,
    "loss": 0.0,
    "name": "Y",
    "prediction": 0
  },
  "type": "integral"
}
{
  "false": {
    "false": {
      "complexity": 0.009999999776482582,
      "loss": 0.09375,
      "name": "Y",
      "prediction": 1
    },
    "feature": 6,
    "name": "BareNuclei_1",
    "reference": 1,
    "relation": "==",
    "true": {
      "complexity": 0.009999999776482582,
      "loss": 0.0,
      "name": "Y",
      "prediction": 0
    },
    "type": "integral"
  },
  "feature": 1,
  "model_objective": 0.1237500011920929,
  "name": "CellSize_1",
  "reference": 1,
  "relation": "==",
  "true": {
    "complexity": 0.009999999776482582,
    "loss": 0.0,
    "name": "Y",
    "prediction": 0
  },
  "type": "integral"
}
null
Finding Optimal Objective...
{
  "false": {
    "false": {
      "complexity": 0.009999999776482582,
      "loss": 0.09090909361839294,
      "name": "Y",
      "prediction": 1
    },
    "feature": 1,
    "name": "CellSize_1",
    "reference": 1,
    "relation": "==",
    "true": {
      "complexity": 0.009999999776482582,
      "loss": 0.0,
      "name": "Y",
      "prediction": 0
    },
    "type": "integral"
  },
  "feature": 6,
  "model_objective": 0.12090909481048584,
  "name": "BareNuclei_1",
  "reference": 1,
  "relation": "==",
  "true": {
    "complexity": 0.009999999776482582,
    "loss": 0.0,
    "name": "Y",
    "prediction": 0
  },
  "type": "integral"
}
{
  "false": {
    "false": {
      "complexity": 0.009999999776482582,
      "loss": 0.09090909361839294,
      "name": "Y",
      "prediction": 1
    },
    "feature": 6,
    "name": "BareNuclei_1",
    "reference": 1,
    "relation": "==",
    "true": {
      "complexity": 0.009999999776482582,
      "loss": 0.0,
      "name": "Y",
      "prediction": 0
    },
    "type": "integral"
  },
  "feature": 1,
  "model_objective": 0.12090909481048584,
  "name": "CellSize_1",
  "reference": 1,
  "relation": "==",
  "true": {
    "complexity": 0.009999999776482582,
    "loss": 0.0,
    "name": "Y",
    "prediction": 0
  },
  "type": "integral"
}
null
Finding Optimal Objective...
{
  "false": {
    "false": {
      "complexity": 0.009999999776482582,
      "loss": 0.0882352963089943,
      "name": "Y",
      "prediction": 1
    },
    "feature": 1,
    "name": "CellSize_1",
    "reference": 1,
    "relation": "==",
    "true": {
      "complexity": 0.009999999776482582,
      "loss": 0.0,
      "name": "Y",
      "prediction": 0
    },
    "type": "integral"
  },
  "feature": 6,
  "model_objective": 0.11823529750108719,
  "name": "BareNuclei_1",
  "reference": 1,
  "relation": "==",
  "true": {
    "complexity": 0.009999999776482582,
    "loss": 0.0,
    "name": "Y",
    "prediction": 0
  },
  "type": "integral"
}
{
  "false": {
    "false": {
      "complexity": 0.009999999776482582,
      "loss": 0.0882352963089943,
      "name": "Y",
      "prediction": 1
    },
    "feature": 6,
    "name": "BareNuclei_1",
    "reference": 1,
    "relation": "==",
    "true": {
      "complexity": 0.009999999776482582,
      "loss": 0.0,
      "name": "Y",
      "prediction": 0
    },
    "type": "integral"
  },
  "feature": 1,
  "model_objective": 0.11823529750108719,
  "name": "CellSize_1",
  "reference": 1,
  "relation": "==",
  "true": {
    "complexity": 0.009999999776482582,
    "loss": 0.0,
    "name": "Y",
    "prediction": 0
  },
  "type": "integral"
}
null
Finding Optimal Objective...
{
  "false": {
    "false": {
      "complexity": 0.009999999776482582,
      "loss": 0.08571428805589676,
      "name": "Y",
      "prediction": 1
    },
    "feature": 1,
    "name": "CellSize_1",
    "reference": 1,
    "relation": "==",
    "true": {
      "complexity": 0.009999999776482582,
      "loss": 0.0,
      "name": "Y",
      "prediction": 0
    },
    "type": "integral"
  },
  "feature": 6,
  "model_objective": 0.11571428924798965,
  "name": "BareNuclei_1",
  "reference": 1,
  "relation": "==",
  "true": {
    "complexity": 0.009999999776482582,
    "loss": 0.0,
    "name": "Y",
    "prediction": 0
  },
  "type": "integral"
}
{
  "false": {
    "false": {
      "complexity": 0.009999999776482582,
      "loss": 0.08571428805589676,
      "name": "Y",
      "prediction": 1
    },
    "feature": 6,
    "name": "BareNuclei_1",
    "reference": 1,
    "relation": "==",
    "true": {
      "complexity": 0.009999999776482582,
      "loss": 0.0,
      "name": "Y",
      "prediction": 0
    },
    "type": "integral"
  },
  "feature": 1,
  "model_objective": 0.11571428924798965,
  "name": "CellSize_1",
  "reference": 1,
  "relation": "==",
  "true": {
    "complexity": 0.009999999776482582,
    "loss": 0.0,
    "name": "Y",
    "prediction": 0
  },
  "type": "integral"
}
null
Finding Optimal Objective...
{
  "false": {
    "false": {
      "false": {
        "complexity": 0.009999999776482582,
        "loss": 0.0833333358168602,
        "name": "Y",
        "prediction": 1
      },
      "feature": 3,
      "name": "CellShape_1",
      "reference": 1,
      "relation": "==",
      "true": {
        "complexity": 0.009999999776482582,
        "loss": 0.0,
        "name": "Y",
        "prediction": 0
      },
      "type": "integral"
    },
    "feature": 1,
    "name": "CellSize_1",
    "reference": 1,
    "relation": "==",
    "true": {
      "complexity": 0.009999999776482582,
      "loss": 0.0,
      "name": "Y",
      "prediction": 0
    },
    "type": "integral"
  },
  "feature": 6,
  "model_objective": 0.12333333492279053,
  "name": "BareNuclei_1",
  "reference": 1,
  "relation": "==",
  "true": {
    "complexity": 0.009999999776482582,
    "loss": 0.0,
    "name": "Y",
    "prediction": 0
  },
  "type": "integral"
}
{
  "false": {
    "false": {
      "false": {
        "complexity": 0.009999999776482582,
        "loss": 0.0833333358168602,
        "name": "Y",
        "prediction": 1
      },
      "feature": 6,
      "name": "BareNuclei_1",
      "reference": 1,
      "relation": "==",
      "true": {
        "complexity": 0.009999999776482582,
        "loss": 0.0,
        "name": "Y",
        "prediction": 0
      },
      "type": "integral"
    },
    "feature": 1,
    "name": "CellSize_1",
    "reference": 1,
    "relation": "==",
    "true": {
      "complexity": 0.009999999776482582,
      "loss": 0.0,
      "name": "Y",
      "prediction": 0
    },
    "type": "integral"
  },
  "feature": 3,
  "model_objective": 0.12333333492279053,
  "name": "CellShape_1",
  "reference": 1,
  "relation": "==",
  "true": {
    "complexity": 0.009999999776482582,
    "loss": 0.0,
    "name": "Y",
    "prediction": 0
  },
  "type": "integral"
}
{
  "false": {
    "false": {
      "false": {
        "complexity": 0.009999999776482582,
        "loss": 0.0833333358168602,
        "name": "Y",
        "prediction": 1
      },
      "feature": 1,
      "name": "CellSize_1",
      "reference": 1,
      "relation": "==",
      "true": {
        "complexity": 0.009999999776482582,
        "loss": 0.0,
        "name": "Y",
        "prediction": 0
      },
      "type": "integral"
    },
    "feature": 3,
    "name": "CellShape_1",
    "reference": 1,
    "relation": "==",
    "true": {
      "complexity": 0.009999999776482582,
      "loss": 0.0,
      "name": "Y",
      "prediction": 0
    },
    "type": "integral"
  },
  "feature": 6,
  "model_objective": 0.12333333492279053,
  "name": "BareNuclei_1",
  "reference": 1,
  "relation": "==",
  "true": {
    "complexity": 0.009999999776482582,
    "loss": 0.0,
    "name": "Y",
    "prediction": 0
  },
  "type": "integral"
}
{
  "false": {
    "false": {
      "false": {
        "complexity": 0.009999999776482582,
        "loss": 0.0833333358168602,
        "name": "Y",
        "prediction": 1
      },
      "feature": 1,
      "name": "CellSize_1",
      "reference": 1,
      "relation": "==",
      "true": {
        "complexity": 0.009999999776482582,
        "loss": 0.0,
        "name": "Y",
        "prediction": 0
      },
      "type": "integral"
    },
    "feature": 6,
    "name": "BareNuclei_1",
    "reference": 1,
    "relation": "==",
    "true": {
      "complexity": 0.009999999776482582,
      "loss": 0.0,
      "name": "Y",
      "prediction": 0
    },
    "type": "integral"
  },
  "feature": 3,
  "model_objective": 0.12333333492279053,
  "name": "CellShape_1",
  "reference": 1,
  "relation": "==",
  "true": {
    "complexity": 0.009999999776482582,
    "loss": 0.0,
    "name": "Y",
    "prediction": 0
  },
  "type": "integral"
}
{
  "false": {
    "false": {
      "false": {
        "complexity": 0.009999999776482582,
        "loss": 0.0833333358168602,
        "name": "Y",
        "prediction": 1
      },
      "feature": 6,
      "name": "BareNuclei_1",
      "reference": 1,
      "relation": "==",
      "true": {
        "complexity": 0.009999999776482582,
        "loss": 0.0,
        "name": "Y",
        "prediction": 0
      },
      "type": "integral"
    },
    "feature": 3,
    "name": "CellShape_1",
    "reference": 1,
    "relation": "==",
    "true": {
      "complexity": 0.009999999776482582,
      "loss": 0.0,
      "name": "Y",
      "prediction": 0
    },
    "type": "integral"
  },
  "feature": 1,
  "model_objective": 0.12333333492279053,
  "name": "CellSize_1",
  "reference": 1,
  "relation": "==",
  "true": {
    "complexity": 0.009999999776482582,
    "loss": 0.0,
    "name": "Y",
    "prediction": 0
  },
  "type": "integral"
}
{
  "false": {
    "false": {
      "false": {
        "complexity": 0.009999999776482582,
        "loss": 0.0833333358168602,
        "name": "Y",
        "prediction": 1
      },
      "feature": 3,
      "name": "CellShape_1",
      "reference": 1,
      "relation": "==",
      "true": {
        "complexity": 0.009999999776482582,
        "loss": 0.0,
        "name": "Y",
        "prediction": 0
      },
      "type": "integral"
    },
    "feature": 6,
    "name": "BareNuclei_1",
    "reference": 1,
    "relation": "==",
    "true": {
      "complexity": 0.009999999776482582,
      "loss": 0.0,
      "name": "Y",
      "prediction": 0
    },
    "type": "integral"
  },
  "feature": 1,
  "model_objective": 0.12333333492279053,
  "name": "CellSize_1",
  "reference": 1,
  "relation": "==",
  "true": {
    "complexity": 0.009999999776482582,
    "loss": 0.0,
    "name": "Y",
    "prediction": 0
  },
  "type": "integral"
}
null
Finding Optimal Objective...
{
  "false": {
    "false": {
      "false": {
        "complexity": 0.009999999776482582,
        "loss": 0.0810810849070549,
        "name": "Y",
        "prediction": 1
      },
      "feature": 3,
      "name": "CellShape_1",
      "reference": 1,
      "relation": "==",
      "true": {
        "complexity": 0.009999999776482582,
        "loss": 0.0,
        "name": "Y",
        "prediction": 0
      },
      "type": "integral"
    },
    "feature": 1,
    "name": "CellSize_1",
    "reference": 1,
    "relation": "==",
    "true": {
      "complexity": 0.009999999776482582,
      "loss": 0.0,
      "name": "Y",
      "prediction": 0
    },
    "type": "integral"
  },
  "feature": 6,
  "model_objective": 0.12108108401298523,
  "name": "BareNuclei_1",
  "reference": 1,
  "relation": "==",
  "true": {
    "complexity": 0.009999999776482582,
    "loss": 0.0,
    "name": "Y",
    "prediction": 0
  },
  "type": "integral"
}
{
  "false": {
    "false": {
      "false": {
        "complexity": 0.009999999776482582,
        "loss": 0.0810810849070549,
        "name": "Y",
        "prediction": 1
      },
      "feature": 6,
      "name": "BareNuclei_1",
      "reference": 1,
      "relation": "==",
      "true": {
        "complexity": 0.009999999776482582,
        "loss": 0.0,
        "name": "Y",
        "prediction": 0
      },
      "type": "integral"
    },
    "feature": 1,
    "name": "CellSize_1",
    "reference": 1,
    "relation": "==",
    "true": {
      "complexity": 0.009999999776482582,
      "loss": 0.0,
      "name": "Y",
      "prediction": 0
    },
    "type": "integral"
  },
  "feature": 3,
  "model_objective": 0.12108108401298523,
  "name": "CellShape_1",
  "reference": 1,
  "relation": "==",
  "true": {
    "complexity": 0.009999999776482582,
    "loss": 0.0,
    "name": "Y",
    "prediction": 0
  },
  "type": "integral"
}
{
  "false": {
    "false": {
      "false": {
        "complexity": 0.009999999776482582,
        "loss": 0.0810810849070549,
        "name": "Y",
        "prediction": 1
      },
      "feature": 1,
      "name": "CellSize_1",
      "reference": 1,
      "relation": "==",
      "true": {
        "complexity": 0.009999999776482582,
        "loss": 0.0,
        "name": "Y",
        "prediction": 0
      },
      "type": "integral"
    },
    "feature": 3,
    "name": "CellShape_1",
    "reference": 1,
    "relation": "==",
    "true": {
      "complexity": 0.009999999776482582,
      "loss": 0.0,
      "name": "Y",
      "prediction": 0
    },
    "type": "integral"
  },
  "feature": 6,
  "model_objective": 0.12108108401298523,
  "name": "BareNuclei_1",
  "reference": 1,
  "relation": "==",
  "true": {
    "complexity": 0.009999999776482582,
    "loss": 0.0,
    "name": "Y",
    "prediction": 0
  },
  "type": "integral"
}
{
  "false": {
    "false": {
      "false": {
        "complexity": 0.009999999776482582,
        "loss": 0.0810810849070549,
        "name": "Y",
        "prediction": 1
      },
      "feature": 1,
      "name": "CellSize_1",
      "reference": 1,
      "relation": "==",
      "true": {
        "complexity": 0.009999999776482582,
        "loss": 0.0,
        "name": "Y",
        "prediction": 0
      },
      "type": "integral"
    },
    "feature": 6,
    "name": "BareNuclei_1",
    "reference": 1,
    "relation": "==",
    "true": {
      "complexity": 0.009999999776482582,
      "loss": 0.0,
      "name": "Y",
      "prediction": 0
    },
    "type": "integral"
  },
  "feature": 3,
  "model_objective": 0.12108108401298523,
  "name": "CellShape_1",
  "reference": 1,
  "relation": "==",
  "true": {
    "complexity": 0.009999999776482582,
    "loss": 0.0,
    "name": "Y",
    "prediction": 0
  },
  "type": "integral"
}
{
  "false": {
    "false": {
      "false": {
        "complexity": 0.009999999776482582,
        "loss": 0.0810810849070549,
        "name": "Y",
        "prediction": 1
      },
      "feature": 6,
      "name": "BareNuclei_1",
      "reference": 1,
      "relation": "==",
      "true": {
        "complexity": 0.009999999776482582,
        "loss": 0.0,
        "name": "Y",
        "prediction": 0
      },
      "type": "integral"
    },
    "feature": 3,
    "name": "CellShape_1",
    "reference": 1,
    "relation": "==",
    "true": {
      "complexity": 0.009999999776482582,
      "loss": 0.0,
      "name": "Y",
      "prediction": 0
    },
    "type": "integral"
  },
  "feature": 1,
  "model_objective": 0.12108108401298523,
  "name": "CellSize_1",
  "reference": 1,
  "relation": "==",
  "true": {
    "complexity": 0.009999999776482582,
    "loss": 0.0,
    "name": "Y",
    "prediction": 0
  },
  "type": "integral"
}
{
  "false": {
    "false": {
      "false": {
        "complexity": 0.009999999776482582,
        "loss": 0.0810810849070549,
        "name": "Y",
        "prediction": 1
      },
      "feature": 3,
      "name": "CellShape_1",
      "reference": 1,
      "relation": "==",
      "true": {
        "complexity": 0.009999999776482582,
        "loss": 0.0,
        "name": "Y",
        "prediction": 0
      },
      "type": "integral"
    },
    "feature": 6,
    "name": "BareNuclei_1",
    "reference": 1,
    "relation": "==",
    "true": {
      "complexity": 0.009999999776482582,
      "loss": 0.0,
      "name": "Y",
      "prediction": 0
    },
    "type": "integral"
  },
  "feature": 1,
  "model_objective": 0.12108108401298523,
  "name": "CellSize_1",
  "reference": 1,
  "relation": "==",
  "true": {
    "complexity": 0.009999999776482582,
    "loss": 0.0,
    "name": "Y",
    "prediction": 0
  },
  "type": "integral"
}
null
Finding Optimal Objective...
{
  "false": {
    "false": {
      "false": {
        "false": {
          "complexity": 0.009999999776482582,
          "loss": 0.07894736528396606,
          "name": "Y",
          "prediction": 1
        },
        "feature": 1,
        "name": "CellSize_1",
        "reference": 1,
        "relation": "==",
        "true": {
          "complexity": 0.009999999776482582,
          "loss": 0.0,
          "name": "Y",
          "prediction": 0
        },
        "type": "integral"
      },
      "feature": 6,
      "name": "BareNuclei_1",
      "reference": 1,
      "relation": "==",
      "true": {
        "complexity": 0.009999999776482582,
        "loss": 0.0,
        "name": "Y",
        "prediction": 0
      },
      "type": "integral"
    },
    "feature": 3,
    "name": "CellShape_1",
    "reference": 1,
    "relation": "==",
    "true": {
      "complexity": 0.009999999776482582,
      "loss": 0.0,
      "name": "Y",
      "prediction": 0
    },
    "type": "integral"
  },
  "feature": 9,
  "model_objective": 0.12894736230373383,
  "name": "NormalNucleoli_10",
  "reference": 1,
  "relation": "==",
  "true": {
    "complexity": 0.009999999776482582,
    "loss": 0.0,
    "name": "Y",
    "prediction": 1
  },
  "type": "integral"
}
{
  "false": {
    "false": {
      "false": {
        "false": {
          "complexity": 0.009999999776482582,
          "loss": 0.07894736528396606,
          "name": "Y",
          "prediction": 1
        },
        "feature": 6,
        "name": "BareNuclei_1",
        "reference": 1,
        "relation": "==",
        "true": {
          "complexity": 0.009999999776482582,
          "loss": 0.0,
          "name": "Y",
          "prediction": 0
        },
        "type": "integral"
      },
      "feature": 3,
      "name": "CellShape_1",
      "reference": 1,
      "relation": "==",
      "true": {
        "complexity": 0.009999999776482582,
        "loss": 0.0,
        "name": "Y",
        "prediction": 0
      },
      "type": "integral"
    },
    "feature": 1,
    "name": "CellSize_1",
    "reference": 1,
    "relation": "==",
    "true": {
      "complexity": 0.009999999776482582,
      "loss": 0.0,
      "name": "Y",
      "prediction": 0
    },
    "type": "integral"
  },
  "feature": 9,
  "model_objective": 0.12894736230373383,
  "name": "NormalNucleoli_10",
  "reference": 1,
  "relation": "==",
  "true": {
    "complexity": 0.009999999776482582,
    "loss": 0.0,
    "name": "Y",
    "prediction": 1
  },
  "type": "integral"
}
{
  "false": {
    "false": {
      "false": {
        "false": {
          "complexity": 0.009999999776482582,
          "loss": 0.07894736528396606,
          "name": "Y",
          "prediction": 1
        },
        "feature": 1,
        "name": "CellSize_1",
        "reference": 1,
        "relation": "==",
        "true": {
          "complexity": 0.009999999776482582,
          "loss": 0.0,
          "name": "Y",
          "prediction": 0
        },
        "type": "integral"
      },
      "feature": 3,
      "name": "CellShape_1",
      "reference": 1,
      "relation": "==",
      "true": {
        "complexity": 0.009999999776482582,
        "loss": 0.0,
        "name": "Y",
        "prediction": 0
      },
      "type": "integral"
    },
    "feature": 6,
    "name": "BareNuclei_1",
    "reference": 1,
    "relation": "==",
    "true": {
      "complexity": 0.009999999776482582,
      "loss": 0.0,
      "name": "Y",
      "prediction": 0
    },
    "type": "integral"
  },
  "feature": 9,
  "model_objective": 0.12894736230373383,
  "name": "NormalNucleoli_10",
  "reference": 1,
  "relation": "==",
  "true": {
    "complexity": 0.009999999776482582,
    "loss": 0.0,
    "name": "Y",
    "prediction": 1
  },
  "type": "integral"
}
{
  "false": {
    "false": {
      "false": {
        "false": {
          "complexity": 0.009999999776482582,
          "loss": 0.07894736528396606,
          "name": "Y",
          "prediction": 1
        },
        "feature": 3,
        "name": "CellShape_1",
        "reference": 1,
        "relation": "==",
        "true": {
          "complexity": 0.009999999776482582,
          "loss": 0.0,
          "name": "Y",
          "prediction": 0
        },
        "type": "integral"
      },
      "feature": 1,
      "name": "CellSize_1",
      "reference": 1,
      "relation": "==",
      "true": {
        "complexity": 0.009999999776482582,
        "loss": 0.0,
        "name": "Y",
        "prediction": 0
      },
      "type": "integral"
    },
    "feature": 6,
    "name": "BareNuclei_1",
    "reference": 1,
    "relation": "==",
    "true": {
      "complexity": 0.009999999776482582,
      "loss": 0.0,
      "name": "Y",
      "prediction": 0
    },
    "type": "integral"
  },
  "feature": 9,
  "model_objective": 0.12894736230373383,
  "name": "NormalNucleoli_10",
  "reference": 1,
  "relation": "==",
  "true": {
    "complexity": 0.009999999776482582,
    "loss": 0.0,
    "name": "Y",
    "prediction": 1
  },
  "type": "integral"
}
{
  "false": {
    "false": {
      "false": {
        "complexity": 0.009999999776482582,
        "loss": 0.07894736528396606,
        "name": "Y",
        "prediction": 1
      },
      "feature": 1,
      "name": "CellSize_1",
      "reference": 1,
      "relation": "==",
      "true": {
        "complexity": 0.009999999776482582,
        "loss": 0.0,
        "name": "Y",
        "prediction": 0
      },
      "type": "integral"
    },
    "feature": 3,
    "name": "CellShape_1",
    "reference": 1,
    "relation": "==",
    "true": {
      "complexity": 0.009999999776482582,
      "loss": 0.0,
      "name": "Y",
      "prediction": 0
    },
    "type": "integral"
  },
  "feature": 6,
  "model_objective": 0.12894736230373383,
  "name": "BareNuclei_1",
  "reference": 1,
  "relation": "==",
  "true": {
    "false": {
      "complexity": 0.009999999776482582,
      "loss": 0.0,
      "name": "Y",
      "prediction": 0
    },
    "feature": 9,
    "name": "NormalNucleoli_10",
    "reference": 1,
    "relation": "==",
    "true": {
      "complexity": 0.009999999776482582,
      "loss": 0.0,
      "name": "Y",
      "prediction": 1
    },
    "type": "integral"
  },
  "type": "integral"
}
{
  "false": {
    "false": {
      "false": {
        "complexity": 0.009999999776482582,
        "loss": 0.07894736528396606,
        "name": "Y",
        "prediction": 1
      },
      "feature": 3,
      "name": "CellShape_1",
      "reference": 1,
      "relation": "==",
      "true": {
        "complexity": 0.009999999776482582,
        "loss": 0.0,
        "name": "Y",
        "prediction": 0
      },
      "type": "integral"
    },
    "feature": 1,
    "name": "CellSize_1",
    "reference": 1,
    "relation": "==",
    "true": {
      "complexity": 0.009999999776482582,
      "loss": 0.0,
      "name": "Y",
      "prediction": 0
    },
    "type": "integral"
  },
  "feature": 6,
  "model_objective": 0.12894736230373383,
  "name": "BareNuclei_1",
  "reference": 1,
  "relation": "==",
  "true": {
    "false": {
      "complexity": 0.009999999776482582,
      "loss": 0.0,
      "name": "Y",
      "prediction": 0
    },
    "feature": 9,
    "name": "NormalNucleoli_10",
    "reference": 1,
    "relation": "==",
    "true": {
      "complexity": 0.009999999776482582,
      "loss": 0.0,
      "name": "Y",
      "prediction": 1
    },
    "type": "integral"
  },
  "type": "integral"
}
{
  "false": {
    "false": {
      "false": {
        "complexity": 0.009999999776482582,
        "loss": 0.07894736528396606,
        "name": "Y",
        "prediction": 1
      },
      "feature": 1,
      "name": "CellSize_1",
      "reference": 1,
      "relation": "==",
      "true": {
        "complexity": 0.009999999776482582,
        "loss": 0.0,
        "name": "Y",
        "prediction": 0
      },
      "type": "integral"
    },
    "feature": 6,
    "name": "BareNuclei_1",
    "reference": 1,
    "relation": "==",
    "true": {
      "false": {
        "complexity": 0.009999999776482582,
        "loss": 0.0,
        "name": "Y",
        "prediction": 0
      },
      "feature": 9,
      "name": "NormalNucleoli_10",
      "reference": 1,
      "relation": "==",
      "true": {
        "complexity": 0.009999999776482582,
        "loss": 0.0,
        "name": "Y",
        "prediction": 1
      },
      "type": "integral"
    },
    "type": "integral"
  },
  "feature": 3,
  "model_objective": 0.12894736230373383,
  "name": "CellShape_1",
  "reference": 1,
  "relation": "==",
  "true": {
    "complexity": 0.009999999776482582,
    "loss": 0.0,
    "name": "Y",
    "prediction": 0
  },
  "type": "integral"
}
{
  "false": {
    "false": {
      "false": {
        "false": {
          "complexity": 0.009999999776482582,
          "loss": 0.07894736528396606,
          "name": "Y",
          "prediction": 1
        },
        "feature": 3,
        "name": "CellShape_1",
        "reference": 1,
        "relation": "==",
        "true": {
          "complexity": 0.009999999776482582,
          "loss": 0.0,
          "name": "Y",
          "prediction": 0
        },
        "type": "integral"
      },
      "feature": 6,
      "name": "BareNuclei_1",
      "reference": 1,
      "relation": "==",
      "true": {
        "complexity": 0.009999999776482582,
        "loss": 0.0,
        "name": "Y",
        "prediction": 0
      },
      "type": "integral"
    },
    "feature": 1,
    "name": "CellSize_1",
    "reference": 1,
    "relation": "==",
    "true": {
      "complexity": 0.009999999776482582,
      "loss": 0.0,
      "name": "Y",
      "prediction": 0
    },
    "type": "integral"
  },
  "feature": 9,
  "model_objective": 0.12894736230373383,
  "name": "NormalNucleoli_10",
  "reference": 1,
  "relation": "==",
  "true": {
    "complexity": 0.009999999776482582,
    "loss": 0.0,
    "name": "Y",
    "prediction": 1
  },
  "type": "integral"
}
{
  "false": {
    "false": {
      "false": {
        "false": {
          "complexity": 0.009999999776482582,
          "loss": 0.07894736528396606,
          "name": "Y",
          "prediction": 1
        },
        "feature": 6,
        "name": "BareNuclei_1",
        "reference": 1,
        "relation": "==",
        "true": {
          "complexity": 0.009999999776482582,
          "loss": 0.0,
          "name": "Y",
          "prediction": 0
        },
        "type": "integral"
      },
      "feature": 1,
      "name": "CellSize_1",
      "reference": 1,
      "relation": "==",
      "true": {
        "complexity": 0.009999999776482582,
        "loss": 0.0,
        "name": "Y",
        "prediction": 0
      },
      "type": "integral"
    },
    "feature": 3,
    "name": "CellShape_1",
    "reference": 1,
    "relation": "==",
    "true": {
      "complexity": 0.009999999776482582,
      "loss": 0.0,
      "name": "Y",
      "prediction": 0
    },
    "type": "integral"
  },
  "feature": 9,
  "model_objective": 0.12894736230373383,
  "name": "NormalNucleoli_10",
  "reference": 1,
  "relation": "==",
  "true": {
    "complexity": 0.009999999776482582,
    "loss": 0.0,
    "name": "Y",
    "prediction": 1
  },
  "type": "integral"
}
{
  "false": {
    "false": {
      "false": {
        "complexity": 0.009999999776482582,
        "loss": 0.07894736528396606,
        "name": "Y",
        "prediction": 1
      },
      "feature": 1,
      "name": "CellSize_1",
      "reference": 1,
      "relation": "==",
      "true": {
        "complexity": 0.009999999776482582,
        "loss": 0.0,
        "name": "Y",
        "prediction": 0
      },
      "type": "integral"
    },
    "feature": 6,
    "name": "BareNuclei_1",
    "reference": 1,
    "relation": "==",
    "true": {
      "false": {
        "complexity": 0.009999999776482582,
        "loss": 0.0,
        "name": "Y",
        "prediction": 1
      },
      "feature": 8,
      "name": "NormalNucleoli_1",
      "reference": 1,
      "relation": "==",
      "true": {
        "complexity": 0.009999999776482582,
        "loss": 0.0,
        "name": "Y",
        "prediction": 0
      },
      "type": "integral"
    },
    "type": "integral"
  },
  "feature": 3,
  "model_objective": 0.12894736230373383,
  "name": "CellShape_1",
  "reference": 1,
  "relation": "==",
  "true": {
    "complexity": 0.009999999776482582,
    "loss": 0.0,
    "name": "Y",
    "prediction": 0
  },
  "type": "integral"
}
{
  "false": {
    "false": {
      "complexity": 0.009999999776482582,
      "loss": 0.07894736528396606,
      "name": "Y",
      "prediction": 1
    },
    "feature": 8,
    "name": "NormalNucleoli_1",
    "reference": 1,
    "relation": "==",
    "true": {
      "false": {
        "false": {
          "complexity": 0.009999999776482582,
          "loss": 0.0,
          "name": "Y",
          "prediction": 1
        },
        "feature": 1,
        "name": "CellSize_1",
        "reference": 1,
        "relation": "==",
        "true": {
          "complexity": 0.009999999776482582,
          "loss": 0.0,
          "name": "Y",
          "prediction": 0
        },
        "type": "integral"
      },
      "feature": 6,
      "name": "BareNuclei_1",
      "reference": 1,
      "relation": "==",
      "true": {
        "complexity": 0.009999999776482582,
        "loss": 0.0,
        "name": "Y",
        "prediction": 0
      },
      "type": "integral"
    },
    "type": "integral"
  },
  "feature": 3,
  "model_objective": 0.12894736230373383,
  "name": "CellShape_1",
  "reference": 1,
  "relation": "==",
  "true": {
    "complexity": 0.009999999776482582,
    "loss": 0.0,
    "name": "Y",
    "prediction": 0
  },
  "type": "integral"
}
{
  "false": {
    "false": {
      "complexity": 0.009999999776482582,
      "loss": 0.07894736528396606,
      "name": "Y",
      "prediction": 1
    },
    "feature": 8,
    "name": "NormalNucleoli_1",
    "reference": 1,
    "relation": "==",
    "true": {
      "false": {
        "false": {
          "complexity": 0.009999999776482582,
          "loss": 0.0,
          "name": "Y",
          "prediction": 1
        },
        "feature": 6,
        "name": "BareNuclei_1",
        "reference": 1,
        "relation": "==",
        "true": {
          "complexity": 0.009999999776482582,
          "loss": 0.0,
          "name": "Y",
          "prediction": 0
        },
        "type": "integral"
      },
      "feature": 1,
      "name": "CellSize_1",
      "reference": 1,
      "relation": "==",
      "true": {
        "complexity": 0.009999999776482582,
        "loss": 0.0,
        "name": "Y",
        "prediction": 0
      },
      "type": "integral"
    },
    "type": "integral"
  },
  "feature": 3,
  "model_objective": 0.12894736230373383,
  "name": "CellShape_1",
  "reference": 1,
  "relation": "==",
  "true": {
    "complexity": 0.009999999776482582,
    "loss": 0.0,
    "name": "Y",
    "prediction": 0
  },
  "type": "integral"
}
{
  "false": {
    "false": {
      "false": {
        "complexity": 0.009999999776482582,
        "loss": 0.07894736528396606,
        "name": "Y",
        "prediction": 1
      },
      "feature": 3,
      "name": "CellShape_1",
      "reference": 1,
      "relation": "==",
      "true": {
        "complexity": 0.009999999776482582,
        "loss": 0.0,
        "name": "Y",
        "prediction": 0
      },
      "type": "integral"
    },
    "feature": 6,
    "name": "BareNuclei_1",
    "reference": 1,
    "relation": "==",
    "true": {
      "false": {
        "complexity": 0.009999999776482582,
        "loss": 0.0,
        "name": "Y",
        "prediction": 0
      },
      "feature": 9,
      "name": "NormalNucleoli_10",
      "reference": 1,
      "relation": "==",
      "true": {
        "complexity": 0.009999999776482582,
        "loss": 0.0,
        "name": "Y",
        "prediction": 1
      },
      "type": "integral"
    },
    "type": "integral"
  },
  "feature": 1,
  "model_objective": 0.12894736230373383,
  "name": "CellSize_1",
  "reference": 1,
  "relation": "==",
  "true": {
    "complexity": 0.009999999776482582,
    "loss": 0.0,
    "name": "Y",
    "prediction": 0
  },
  "type": "integral"
}
null
Finding Optimal Objective...
{
  "false": {
    "false": {
      "false": {
        "false": {
          "complexity": 0.009999999776482582,
          "loss": 0.07692307978868484,
          "name": "Y",
          "prediction": 1
        },
        "feature": 3,
        "name": "CellShape_1",
        "reference": 1,
        "relation": "==",
        "true": {
          "complexity": 0.009999999776482582,
          "loss": 0.0,
          "name": "Y",
          "prediction": 0
        },
        "type": "integral"
      },
      "feature": 6,
      "name": "BareNuclei_1",
      "reference": 1,
      "relation": "==",
      "true": {
        "complexity": 0.009999999776482582,
        "loss": 0.0,
        "name": "Y",
        "prediction": 0
      },
      "type": "integral"
    },
    "feature": 1,
    "name": "CellSize_1",
    "reference": 1,
    "relation": "==",
    "true": {
      "complexity": 0.009999999776482582,
      "loss": 0.0,
      "name": "Y",
      "prediction": 0
    },
    "type": "integral"
  },
  "feature": 9,
  "model_objective": 0.1269230842590332,
  "name": "NormalNucleoli_10",
  "reference": 1,
  "relation": "==",
  "true": {
    "complexity": 0.009999999776482582,
    "loss": 0.0,
    "name": "Y",
    "prediction": 1
  },
  "type": "integral"
}
{
  "false": {
    "false": {
      "false": {
        "false": {
          "complexity": 0.009999999776482582,
          "loss": 0.07692307978868484,
          "name": "Y",
          "prediction": 1
        },
        "feature": 1,
        "name": "CellSize_1",
        "reference": 1,
        "relation": "==",
        "true": {
          "complexity": 0.009999999776482582,
          "loss": 0.0,
          "name": "Y",
          "prediction": 0
        },
        "type": "integral"
      },
      "feature": 6,
      "name": "BareNuclei_1",
      "reference": 1,
      "relation": "==",
      "true": {
        "complexity": 0.009999999776482582,
        "loss": 0.0,
        "name": "Y",
        "prediction": 0
      },
      "type": "integral"
    },
    "feature": 3,
    "name": "CellShape_1",
    "reference": 1,
    "relation": "==",
    "true": {
      "complexity": 0.009999999776482582,
      "loss": 0.0,
      "name": "Y",
      "prediction": 0
    },
    "type": "integral"
  },
  "feature": 9,
  "model_objective": 0.1269230842590332,
  "name": "NormalNucleoli_10",
  "reference": 1,
  "relation": "==",
  "true": {
    "complexity": 0.009999999776482582,
    "loss": 0.0,
    "name": "Y",
    "prediction": 1
  },
  "type": "integral"
}
{
  "false": {
    "false": {
      "false": {
        "false": {
          "complexity": 0.009999999776482582,
          "loss": 0.07692307978868484,
          "name": "Y",
          "prediction": 1
        },
        "feature": 6,
        "name": "BareNuclei_1",
        "reference": 1,
        "relation": "==",
        "true": {
          "complexity": 0.009999999776482582,
          "loss": 0.0,
          "name": "Y",
          "prediction": 0
        },
        "type": "integral"
      },
      "feature": 1,
      "name": "CellSize_1",
      "reference": 1,
      "relation": "==",
      "true": {
        "complexity": 0.009999999776482582,
        "loss": 0.0,
        "name": "Y",
        "prediction": 0
      },
      "type": "integral"
    },
    "feature": 3,
    "name": "CellShape_1",
    "reference": 1,
    "relation": "==",
    "true": {
      "complexity": 0.009999999776482582,
      "loss": 0.0,
      "name": "Y",
      "prediction": 0
    },
    "type": "integral"
  },
  "feature": 9,
  "model_objective": 0.1269230842590332,
  "name": "NormalNucleoli_10",
  "reference": 1,
  "relation": "==",
  "true": {
    "complexity": 0.009999999776482582,
    "loss": 0.0,
    "name": "Y",
    "prediction": 1
  },
  "type": "integral"
}
{
  "false": {
    "false": {
      "false": {
        "false": {
          "complexity": 0.009999999776482582,
          "loss": 0.07692307978868484,
          "name": "Y",
          "prediction": 1
        },
        "feature": 3,
        "name": "CellShape_1",
        "reference": 1,
        "relation": "==",
        "true": {
          "complexity": 0.009999999776482582,
          "loss": 0.0,
          "name": "Y",
          "prediction": 0
        },
        "type": "integral"
      },
      "feature": 1,
      "name": "CellSize_1",
      "reference": 1,
      "relation": "==",
      "true": {
        "complexity": 0.009999999776482582,
        "loss": 0.0,
        "name": "Y",
        "prediction": 0
      },
      "type": "integral"
    },
    "feature": 6,
    "name": "BareNuclei_1",
    "reference": 1,
    "relation": "==",
    "true": {
      "complexity": 0.009999999776482582,
      "loss": 0.0,
      "name": "Y",
      "prediction": 0
    },
    "type": "integral"
  },
  "feature": 9,
  "model_objective": 0.1269230842590332,
  "name": "NormalNucleoli_10",
  "reference": 1,
  "relation": "==",
  "true": {
    "complexity": 0.009999999776482582,
    "loss": 0.0,
    "name": "Y",
    "prediction": 1
  },
  "type": "integral"
}
{
  "false": {
    "false": {
      "false": {
        "false": {
          "complexity": 0.009999999776482582,
          "loss": 0.07692307978868484,
          "name": "Y",
          "prediction": 1
        },
        "feature": 6,
        "name": "BareNuclei_1",
        "reference": 1,
        "relation": "==",
        "true": {
          "complexity": 0.009999999776482582,
          "loss": 0.0,
          "name": "Y",
          "prediction": 0
        },
        "type": "integral"
      },
      "feature": 3,
      "name": "CellShape_1",
      "reference": 1,
      "relation": "==",
      "true": {
        "complexity": 0.009999999776482582,
        "loss": 0.0,
        "name": "Y",
        "prediction": 0
      },
      "type": "integral"
    },
    "feature": 9,
    "name": "NormalNucleoli_10",
    "reference": 1,
    "relation": "==",
    "true": {
      "complexity": 0.009999999776482582,
      "loss": 0.0,
      "name": "Y",
      "prediction": 1
    },
    "type": "integral"
  },
  "feature": 1,
  "model_objective": 0.1269230842590332,
  "name": "CellSize_1",
  "reference": 1,
  "relation": "==",
  "true": {
    "complexity": 0.009999999776482582,
    "loss": 0.0,
    "name": "Y",
    "prediction": 0
  },
  "type": "integral"
}
{
  "false": {
    "false": {
      "false": {
        "false": {
          "complexity": 0.009999999776482582,
          "loss": 0.07692307978868484,
          "name": "Y",
          "prediction": 1
        },
        "feature": 3,
        "name": "CellShape_1",
        "reference": 1,
        "relation": "==",
        "true": {
          "complexity": 0.009999999776482582,
          "loss": 0.0,
          "name": "Y",
          "prediction": 0
        },
        "type": "integral"
      },
      "feature": 6,
      "name": "BareNuclei_1",
      "reference": 1,
      "relation": "==",
      "true": {
        "complexity": 0.009999999776482582,
        "loss": 0.0,
        "name": "Y",
        "prediction": 0
      },
      "type": "integral"
    },
    "feature": 9,
    "name": "NormalNucleoli_10",
    "reference": 1,
    "relation": "==",
    "true": {
      "complexity": 0.009999999776482582,
      "loss": 0.0,
      "name": "Y",
      "prediction": 1
    },
    "type": "integral"
  },
  "feature": 1,
  "model_objective": 0.1269230842590332,
  "name": "CellSize_1",
  "reference": 1,
  "relation": "==",
  "true": {
    "complexity": 0.009999999776482582,
    "loss": 0.0,
    "name": "Y",
    "prediction": 0
  },
  "type": "integral"
}
{
  "false": {
    "false": {
      "false": {
        "false": {
          "complexity": 0.009999999776482582,
          "loss": 0.07692307978868484,
          "name": "Y",
          "prediction": 1
        },
        "feature": 6,
        "name": "BareNuclei_1",
        "reference": 1,
        "relation": "==",
        "true": {
          "complexity": 0.009999999776482582,
          "loss": 0.0,
          "name": "Y",
          "prediction": 0
        },
        "type": "integral"
      },
      "feature": 3,
      "name": "CellShape_1",
      "reference": 1,
      "relation": "==",
      "true": {
        "complexity": 0.009999999776482582,
        "loss": 0.0,
        "name": "Y",
        "prediction": 0
      },
      "type": "integral"
    },
    "feature": 1,
    "name": "CellSize_1",
    "reference": 1,
    "relation": "==",
    "true": {
      "complexity": 0.009999999776482582,
      "loss": 0.0,
      "name": "Y",
      "prediction": 0
    },
    "type": "integral"
  },
  "feature": 9,
  "model_objective": 0.1269230842590332,
  "name": "NormalNucleoli_10",
  "reference": 1,
  "relation": "==",
  "true": {
    "complexity": 0.009999999776482582,
    "loss": 0.0,
    "name": "Y",
    "prediction": 1
  },
  "type": "integral"
}
{
  "false": {
    "false": {
      "false": {
        "false": {
          "complexity": 0.009999999776482582,
          "loss": 0.07692307978868484,
          "name": "Y",
          "prediction": 1
        },
        "feature": 1,
        "name": "CellSize_1",
        "reference": 1,
        "relation": "==",
        "true": {
          "complexity": 0.009999999776482582,
          "loss": 0.0,
          "name": "Y",
          "prediction": 0
        },
        "type": "integral"
      },
      "feature": 3,
      "name": "CellShape_1",
      "reference": 1,
      "relation": "==",
      "true": {
        "complexity": 0.009999999776482582,
        "loss": 0.0,
        "name": "Y",
        "prediction": 0
      },
      "type": "integral"
    },
    "feature": 6,
    "name": "BareNuclei_1",
    "reference": 1,
    "relation": "==",
    "true": {
      "complexity": 0.009999999776482582,
      "loss": 0.0,
      "name": "Y",
      "prediction": 0
    },
    "type": "integral"
  },
  "feature": 9,
  "model_objective": 0.1269230842590332,
  "name": "NormalNucleoli_10",
  "reference": 1,
  "relation": "==",
  "true": {
    "complexity": 0.009999999776482582,
    "loss": 0.0,
    "name": "Y",
    "prediction": 1
  },
  "type": "integral"
}
{
  "false": {
    "false": {
      "false": {
        "complexity": 0.009999999776482582,
        "loss": 0.07692307978868484,
        "name": "Y",
        "prediction": 1
      },
      "feature": 3,
      "name": "CellShape_1",
      "reference": 1,
      "relation": "==",
      "true": {
        "complexity": 0.009999999776482582,
        "loss": 0.0,
        "name": "Y",
        "prediction": 0
      },
      "type": "integral"
    },
    "feature": 6,
    "name": "BareNuclei_1",
    "reference": 1,
    "relation": "==",
    "true": {
      "false": {
        "complexity": 0.009999999776482582,
        "loss": 0.0,
        "name": "Y",
        "prediction": 0
      },
      "feature": 9,
      "name": "NormalNucleoli_10",
      "reference": 1,
      "relation": "==",
      "true": {
        "complexity": 0.009999999776482582,
        "loss": 0.0,
        "name": "Y",
        "prediction": 1
      },
      "type": "integral"
    },
    "type": "integral"
  },
  "feature": 1,
  "model_objective": 0.1269230842590332,
  "name": "CellSize_1",
  "reference": 1,
  "relation": "==",
  "true": {
    "complexity": 0.009999999776482582,
    "loss": 0.0,
    "name": "Y",
    "prediction": 0
  },
  "type": "integral"
}
{
  "false": {
    "false": {
      "false": {
        "complexity": 0.009999999776482582,
        "loss": 0.07692307978868484,
        "name": "Y",
        "prediction": 1
      },
      "feature": 1,
      "name": "CellSize_1",
      "reference": 1,
      "relation": "==",
      "true": {
        "complexity": 0.009999999776482582,
        "loss": 0.0,
        "name": "Y",
        "prediction": 0
      },
      "type": "integral"
    },
    "feature": 6,
    "name": "BareNuclei_1",
    "reference": 1,
    "relation": "==",
    "true": {
      "false": {
        "complexity": 0.009999999776482582,
        "loss": 0.0,
        "name": "Y",
        "prediction": 0
      },
      "feature": 9,
      "name": "NormalNucleoli_10",
      "reference": 1,
      "relation": "==",
      "true": {
        "complexity": 0.009999999776482582,
        "loss": 0.0,
        "name": "Y",
        "prediction": 1
      },
      "type": "integral"
    },
    "type": "integral"
  },
  "feature": 3,
  "model_objective": 0.1269230842590332,
  "name": "CellShape_1",
  "reference": 1,
  "relation": "==",
  "true": {
    "complexity": 0.009999999776482582,
    "loss": 0.0,
    "name": "Y",
    "prediction": 0
  },
  "type": "integral"
}
{
  "false": {
    "false": {
      "false": {
        "false": {
          "complexity": 0.009999999776482582,
          "loss": 0.07692307978868484,
          "name": "Y",
          "prediction": 1
        },
        "feature": 6,
        "name": "BareNuclei_1",
        "reference": 1,
        "relation": "==",
        "true": {
          "complexity": 0.009999999776482582,
          "loss": 0.0,
          "name": "Y",
          "prediction": 0
        },
        "type": "integral"
      },
      "feature": 9,
      "name": "NormalNucleoli_10",
      "reference": 1,
      "relation": "==",
      "true": {
        "complexity": 0.009999999776482582,
        "loss": 0.0,
        "name": "Y",
        "prediction": 1
      },
      "type": "integral"
    },
    "feature": 1,
    "name": "CellSize_1",
    "reference": 1,
    "relation": "==",
    "true": {
      "complexity": 0.009999999776482582,
      "loss": 0.0,
      "name": "Y",
      "prediction": 0
    },
    "type": "integral"
  },
  "feature": 3,
  "model_objective": 0.1269230842590332,
  "name": "CellShape_1",
  "reference": 1,
  "relation": "==",
  "true": {
    "complexity": 0.009999999776482582,
    "loss": 0.0,
    "name": "Y",
    "prediction": 0
  },
  "type": "integral"
}
{
  "false": {
    "false": {
      "false": {
        "complexity": 0.009999999776482582,
        "loss": 0.07692307978868484,
        "name": "Y",
        "prediction": 1
      },
      "feature": 1,
      "name": "CellSize_1",
      "reference": 1,
      "relation": "==",
      "true": {
        "complexity": 0.009999999776482582,
        "loss": 0.0,
        "name": "Y",
        "prediction": 0
      },
      "type": "integral"
    },
    "feature": 3,
    "name": "CellShape_1",
    "reference": 1,
    "relation": "==",
    "true": {
      "complexity": 0.009999999776482582,
      "loss": 0.0,
      "name": "Y",
      "prediction": 0
    },
    "type": "integral"
  },
  "feature": 6,
  "model_objective": 0.1269230842590332,
  "name": "BareNuclei_1",
  "reference": 1,
  "relation": "==",
  "true": {
    "false": {
      "complexity": 0.009999999776482582,
      "loss": 0.0,
      "name": "Y",
      "prediction": 0
    },
    "feature": 9,
    "name": "NormalNucleoli_10",
    "reference": 1,
    "relation": "==",
    "true": {
      "complexity": 0.009999999776482582,
      "loss": 0.0,
      "name": "Y",
      "prediction": 1
    },
    "type": "integral"
  },
  "type": "integral"
}
{
  "false": {
    "false": {
      "false": {
        "false": {
          "complexity": 0.009999999776482582,
          "loss": 0.07692307978868484,
          "name": "Y",
          "prediction": 1
        },
        "feature": 1,
        "name": "CellSize_1",
        "reference": 1,
        "relation": "==",
        "true": {
          "complexity": 0.009999999776482582,
          "loss": 0.0,
          "name": "Y",
          "prediction": 0
        },
        "type": "integral"
      },
      "feature": 6,
      "name": "BareNuclei_1",
      "reference": 1,
      "relation": "==",
      "true": {
        "complexity": 0.009999999776482582,
        "loss": 0.0,
        "name": "Y",
        "prediction": 0
      },
      "type": "integral"
    },
    "feature": 9,
    "name": "NormalNucleoli_10",
    "reference": 1,
    "relation": "==",
    "true": {
      "complexity": 0.009999999776482582,
      "loss": 0.0,
      "name": "Y",
      "prediction": 1
    },
    "type": "integral"
  },
  "feature": 3,
  "model_objective": 0.1269230842590332,
  "name": "CellShape_1",
  "reference": 1,
  "relation": "==",
  "true": {
    "complexity": 0.009999999776482582,
    "loss": 0.0,
    "name": "Y",
    "prediction": 0
  },
  "type": "integral"
}
{
  "false": {
    "false": {
      "false": {
        "complexity": 0.009999999776482582,
        "loss": 0.07692307978868484,
        "name": "Y",
        "prediction": 1
      },
      "feature": 6,
      "name": "BareNuclei_1",
      "reference": 1,
      "relation": "==",
      "true": {
        "false": {
          "complexity": 0.009999999776482582,
          "loss": 0.0,
          "name": "Y",
          "prediction": 1
        },
        "feature": 8,
        "name": "NormalNucleoli_1",
        "reference": 1,
        "relation": "==",
        "true": {
          "complexity": 0.009999999776482582,
          "loss": 0.0,
          "name": "Y",
          "prediction": 0
        },
        "type": "integral"
      },
      "type": "integral"
    },
    "feature": 1,
    "name": "CellSize_1",
    "reference": 1,
    "relation": "==",
    "true": {
      "complexity": 0.009999999776482582,
      "loss": 0.0,
      "name": "Y",
      "prediction": 0
    },
    "type": "integral"
  },
  "feature": 3,
  "model_objective": 0.1269230842590332,
  "name": "CellShape_1",
  "reference": 1,
  "relation": "==",
  "true": {
    "complexity": 0.009999999776482582,
    "loss": 0.0,
    "name": "Y",
    "prediction": 0
  },
  "type": "integral"
}
{
  "false": {
    "false": {
      "false": {
        "false": {
          "complexity": 0.009999999776482582,
          "loss": 0.07692307978868484,
          "name": "Y",
          "prediction": 1
        },
        "feature": 6,
        "name": "BareNuclei_1",
        "reference": 1,
        "relation": "==",
        "true": {
          "complexity": 0.009999999776482582,
          "loss": 0.0,
          "name": "Y",
          "prediction": 0
        },
        "type": "integral"
      },
      "feature": 1,
      "name": "CellSize_1",
      "reference": 1,
      "relation": "==",
      "true": {
        "complexity": 0.009999999776482582,
        "loss": 0.0,
        "name": "Y",
        "prediction": 0
      },
      "type": "integral"
    },
    "feature": 9,
    "name": "NormalNucleoli_10",
    "reference": 1,
    "relation": "==",
    "true": {
      "complexity": 0.009999999776482582,
      "loss": 0.0,
      "name": "Y",
      "prediction": 1
    },
    "type": "integral"
  },
  "feature": 3,
  "model_objective": 0.1269230842590332,
  "name": "CellShape_1",
  "reference": 1,
  "relation": "==",
  "true": {
    "complexity": 0.009999999776482582,
    "loss": 0.0,
    "name": "Y",
    "prediction": 0
  },
  "type": "integral"
}
{
  "false": {
    "false": {
      "false": {
        "complexity": 0.009999999776482582,
        "loss": 0.07692307978868484,
        "name": "Y",
        "prediction": 1
      },
      "feature": 3,
      "name": "CellShape_1",
      "reference": 1,
      "relation": "==",
      "true": {
        "complexity": 0.009999999776482582,
        "loss": 0.0,
        "name": "Y",
        "prediction": 0
      },
      "type": "integral"
    },
    "feature": 1,
    "name": "CellSize_1",
    "reference": 1,
    "relation": "==",
    "true": {
      "complexity": 0.009999999776482582,
      "loss": 0.0,
      "name": "Y",
      "prediction": 0
    },
    "type": "integral"
  },
  "feature": 6,
  "model_objective": 0.1269230842590332,
  "name": "BareNuclei_1",
  "reference": 1,
  "relation": "==",
  "true": {
    "false": {
      "complexity": 0.009999999776482582,
      "loss": 0.0,
      "name": "Y",
      "prediction": 0
    },
    "feature": 9,
    "name": "NormalNucleoli_10",
    "reference": 1,
    "relation": "==",
    "true": {
      "complexity": 0.009999999776482582,
      "loss": 0.0,
      "name": "Y",
      "prediction": 1
    },
    "type": "integral"
  },
  "type": "integral"
}
{
  "false": {
    "false": {
      "false": {
        "complexity": 0.009999999776482582,
        "loss": 0.07692307978868484,
        "name": "Y",
        "prediction": 1
      },
      "feature": 1,
      "name": "CellSize_1",
      "reference": 1,
      "relation": "==",
      "true": {
        "complexity": 0.009999999776482582,
        "loss": 0.0,
        "name": "Y",
        "prediction": 0
      },
      "type": "integral"
    },
    "feature": 6,
    "name": "BareNuclei_1",
    "reference": 1,
    "relation": "==",
    "true": {
      "false": {
        "complexity": 0.009999999776482582,
        "loss": 0.0,
        "name": "Y",
        "prediction": 1
      },
      "feature": 8,
      "name": "NormalNucleoli_1",
      "reference": 1,
      "relation": "==",
      "true": {
        "complexity": 0.009999999776482582,
        "loss": 0.0,
        "name": "Y",
        "prediction": 0
      },
      "type": "integral"
    },
    "type": "integral"
  },
  "feature": 3,
  "model_objective": 0.1269230842590332,
  "name": "CellShape_1",
  "reference": 1,
  "relation": "==",
  "true": {
    "complexity": 0.009999999776482582,
    "loss": 0.0,
    "name": "Y",
    "prediction": 0
  },
  "type": "integral"
}
{
  "false": {
    "false": {
      "false": {
        "complexity": 0.009999999776482582,
        "loss": 0.07692307978868484,
        "name": "Y",
        "prediction": 1
      },
      "feature": 6,
      "name": "BareNuclei_1",
      "reference": 1,
      "relation": "==",
      "true": {
        "false": {
          "complexity": 0.009999999776482582,
          "loss": 0.0,
          "name": "Y",
          "prediction": 0
        },
        "feature": 9,
        "name": "NormalNucleoli_10",
        "reference": 1,
        "relation": "==",
        "true": {
          "complexity": 0.009999999776482582,
          "loss": 0.0,
          "name": "Y",
          "prediction": 1
        },
        "type": "integral"
      },
      "type": "integral"
    },
    "feature": 1,
    "name": "CellSize_1",
    "reference": 1,
    "relation": "==",
    "true": {
      "complexity": 0.009999999776482582,
      "loss": 0.0,
      "name": "Y",
      "prediction": 0
    },
    "type": "integral"
  },
  "feature": 3,
  "model_objective": 0.1269230842590332,
  "name": "CellShape_1",
  "reference": 1,
  "relation": "==",
  "true": {
    "complexity": 0.009999999776482582,
    "loss": 0.0,
    "name": "Y",
    "prediction": 0
  },
  "type": "integral"
}
{
  "false": {
    "false": {
      "false": {
        "complexity": 0.009999999776482582,
        "loss": 0.07692307978868484,
        "name": "Y",
        "prediction": 1
      },
      "feature": 8,
      "name": "NormalNucleoli_1",
      "reference": 1,
      "relation": "==",
      "true": {
        "false": {
          "complexity": 0.009999999776482582,
          "loss": 0.0,
          "name": "Y",
          "prediction": 1
        },
        "feature": 6,
        "name": "BareNuclei_1",
        "reference": 1,
        "relation": "==",
        "true": {
          "complexity": 0.009999999776482582,
          "loss": 0.0,
          "name": "Y",
          "prediction": 0
        },
        "type": "integral"
      },
      "type": "integral"
    },
    "feature": 1,
    "name": "CellSize_1",
    "reference": 1,
    "relation": "==",
    "true": {
      "complexity": 0.009999999776482582,
      "loss": 0.0,
      "name": "Y",
      "prediction": 0
    },
    "type": "integral"
  },
  "feature": 3,
  "model_objective": 0.1269230842590332,
  "name": "CellShape_1",
  "reference": 1,
  "relation": "==",
  "true": {
    "complexity": 0.009999999776482582,
    "loss": 0.0,
    "name": "Y",
    "prediction": 0
  },
  "type": "integral"
}
null
Finding Optimal Objective...
{
  "false": {
    "false": {
      "false": {
        "false": {
          "complexity": 0.009999999776482582,
          "loss": 0.07500000298023224,
          "name": "Y",
          "prediction": 1
        },
        "feature": 6,
        "name": "BareNuclei_1",
        "reference": 1,
        "relation": "==",
        "true": {
          "complexity": 0.009999999776482582,
          "loss": 0.0,
          "name": "Y",
          "prediction": 0
        },
        "type": "integral"
      },
      "feature": 4,
      "name": "Adhesion_1",
      "reference": 1,
      "relation": "==",
      "true": {
        "false": {
          "complexity": 0.009999999776482582,
          "loss": 0.0,
          "name": "Y",
          "prediction": 1
        },
        "feature": 8,
        "name": "NormalNucleoli_1",
        "reference": 1,
        "relation": "==",
        "true": {
          "false": {
            "complexity": 0.009999999776482582,
            "loss": 0.0,
            "name": "Y",
            "prediction": 0
          },
          "feature": 5,
          "name": "SingleEpithelialCellSize_2",
          "reference": 1,
          "relation": "==",
          "true": {
            "complexity": 0.009999999776482582,
            "loss": 0.0,
            "name": "Y",
            "prediction": 1
          },
          "type": "integral"
        },
        "type": "integral"
      },
      "type": "integral"
    },
    "feature": 1,
    "name": "CellSize_1",
    "reference": 1,
    "relation": "==",
    "true": {
      "complexity": 0.009999999776482582,
      "loss": 0.0,
      "name": "Y",
      "prediction": 0
    },
    "type": "integral"
  },
  "feature": 3,
  "model_objective": 0.14499999582767487,
  "name": "CellShape_1",
  "reference": 1,
  "relation": "==",
  "true": {
    "complexity": 0.009999999776482582,
    "loss": 0.0,
    "name": "Y",
    "prediction": 0
  },
  "type": "integral"
}
{
  "false": {
    "false": {
      "false": {
        "complexity": 0.009999999776482582,
        "loss": 0.07500000298023224,
        "name": "Y",
        "prediction": 1
      },
      "feature": 8,
      "name": "NormalNucleoli_1",
      "reference": 1,
      "relation": "==",
      "true": {
        "false": {
          "false": {
            "complexity": 0.009999999776482582,
            "loss": 0.0,
            "name": "Y",
            "prediction": 1
          },
          "feature": 4,
          "name": "Adhesion_1",
          "reference": 1,
          "relation": "==",
          "true": {
            "false": {
              "complexity": 0.009999999776482582,
              "loss": 0.0,
              "name": "Y",
              "prediction": 0
            },
            "feature": 5,
            "name": "SingleEpithelialCellSize_2",
            "reference": 1,
            "relation": "==",
            "true": {
              "complexity": 0.009999999776482582,
              "loss": 0.0,
              "name": "Y",
              "prediction": 1
            },
            "type": "integral"
          },
          "type": "integral"
        },
        "feature": 6,
        "name": "BareNuclei_1",
        "reference": 1,
        "relation": "==",
        "true": {
          "complexity": 0.009999999776482582,
          "loss": 0.0,
          "name": "Y",
          "prediction": 0
        },
        "type": "integral"
      },
      "type": "integral"
    },
    "feature": 1,
    "name": "CellSize_1",
    "reference": 1,
    "relation": "==",
    "true": {
      "complexity": 0.009999999776482582,
      "loss": 0.0,
      "name": "Y",
      "prediction": 0
    },
    "type": "integral"
  },
  "feature": 3,
  "model_objective": 0.14499999582767487,
  "name": "CellShape_1",
  "reference": 1,
  "relation": "==",
  "true": {
    "complexity": 0.009999999776482582,
    "loss": 0.0,
    "name": "Y",
    "prediction": 0
  },
  "type": "integral"
}
{
  "false": {
    "false": {
      "false": {
        "false": {
          "complexity": 0.009999999776482582,
          "loss": 0.07500000298023224,
          "name": "Y",
          "prediction": 1
        },
        "feature": 8,
        "name": "NormalNucleoli_1",
        "reference": 1,
        "relation": "==",
        "true": {
          "false": {
            "complexity": 0.009999999776482582,
            "loss": 0.0,
            "name": "Y",
            "prediction": 1
          },
          "feature": 4,
          "name": "Adhesion_1",
          "reference": 1,
          "relation": "==",
          "true": {
            "complexity": 0.009999999776482582,
            "loss": 0.0,
            "name": "Y",
            "prediction": 0
          },
          "type": "integral"
        },
        "type": "integral"
      },
      "feature": 5,
      "name": "SingleEpithelialCellSize_2",
      "reference": 1,
      "relation": "==",
      "true": {
        "false": {
          "complexity": 0.009999999776482582,
          "loss": 0.0,
          "name": "Y",
          "prediction": 1
        },
        "feature": 6,
        "name": "BareNuclei_1",
        "reference": 1,
        "relation": "==",
        "true": {
          "complexity": 0.009999999776482582,
          "loss": 0.0,
          "name": "Y",
          "prediction": 0
        },
        "type": "integral"
      },
      "type": "integral"
    },
    "feature": 1,
    "name": "CellSize_1",
    "reference": 1,
    "relation": "==",
    "true": {
      "complexity": 0.009999999776482582,
      "loss": 0.0,
      "name": "Y",
      "prediction": 0
    },
    "type": "integral"
  },
  "feature": 3,
  "model_objective": 0.14499999582767487,
  "name": "CellShape_1",
  "reference": 1,
  "relation": "==",
  "true": {
    "complexity": 0.009999999776482582,
    "loss": 0.0,
    "name": "Y",
    "prediction": 0
  },
  "type": "integral"
}
{
  "false": {
    "false": {
      "false": {
        "complexity": 0.009999999776482582,
        "loss": 0.07500000298023224,
        "name": "Y",
        "prediction": 1
      },
      "feature": 8,
      "name": "NormalNucleoli_1",
      "reference": 1,
      "relation": "==",
      "true": {
        "false": {
          "false": {
            "complexity": 0.009999999776482582,
            "loss": 0.0,
            "name": "Y",
            "prediction": 1
          },
          "feature": 4,
          "name": "Adhesion_1",
          "reference": 1,
          "relation": "==",
          "true": {
            "complexity": 0.009999999776482582,
            "loss": 0.0,
            "name": "Y",
            "prediction": 0
          },
          "type": "integral"
        },
        "feature": 5,
        "name": "SingleEpithelialCellSize_2",
        "reference": 1,
        "relation": "==",
        "true": {
          "false": {
            "complexity": 0.009999999776482582,
            "loss": 0.0,
            "name": "Y",
            "prediction": 1
          },
          "feature": 6,
          "name": "BareNuclei_1",
          "reference": 1,
          "relation": "==",
          "true": {
            "complexity": 0.009999999776482582,
            "loss": 0.0,
            "name": "Y",
            "prediction": 0
          },
          "type": "integral"
        },
        "type": "integral"
      },
      "type": "integral"
    },
    "feature": 1,
    "name": "CellSize_1",
    "reference": 1,
    "relation": "==",
    "true": {
      "complexity": 0.009999999776482582,
      "loss": 0.0,
      "name": "Y",
      "prediction": 0
    },
    "type": "integral"
  },
  "feature": 3,
  "model_objective": 0.14499999582767487,
  "name": "CellShape_1",
  "reference": 1,
  "relation": "==",
  "true": {
    "complexity": 0.009999999776482582,
    "loss": 0.0,
    "name": "Y",
    "prediction": 0
  },
  "type": "integral"
}
{
  "false": {
    "false": {
      "false": {
        "false": {
          "complexity": 0.009999999776482582,
          "loss": 0.07500000298023224,
          "name": "Y",
          "prediction": 1
        },
        "feature": 6,
        "name": "BareNuclei_1",
        "reference": 1,
        "relation": "==",
        "true": {
          "complexity": 0.009999999776482582,
          "loss": 0.0,
          "name": "Y",
          "prediction": 0
        },
        "type": "integral"
      },
      "feature": 4,
      "name": "Adhesion_1",
      "reference": 1,
      "relation": "==",
      "true": {
        "false": {
          "false": {
            "complexity": 0.009999999776482582,
            "loss": 0.0,
            "name": "Y",
            "prediction": 1
          },
          "feature": 8,
          "name": "NormalNucleoli_1",
          "reference": 1,
          "relation": "==",
          "true": {
            "complexity": 0.009999999776482582,
            "loss": 0.0,
            "name": "Y",
            "prediction": 0
          },
          "type": "integral"
        },
        "feature": 5,
        "name": "SingleEpithelialCellSize_2",
        "reference": 1,
        "relation": "==",
        "true": {
          "complexity": 0.009999999776482582,
          "loss": 0.0,
          "name": "Y",
          "prediction": 1
        },
        "type": "integral"
      },
      "type": "integral"
    },
    "feature": 1,
    "name": "CellSize_1",
    "reference": 1,
    "relation": "==",
    "true": {
      "complexity": 0.009999999776482582,
      "loss": 0.0,
      "name": "Y",
      "prediction": 0
    },
    "type": "integral"
  },
  "feature": 3,
  "model_objective": 0.14499999582767487,
  "name": "CellShape_1",
  "reference": 1,
  "relation": "==",
  "true": {
    "complexity": 0.009999999776482582,
    "loss": 0.0,
    "name": "Y",
    "prediction": 0
  },
  "type": "integral"
}
{
  "false": {
    "false": {
      "false": {
        "complexity": 0.009999999776482582,
        "loss": 0.07500000298023224,
        "name": "Y",
        "prediction": 1
      },
      "feature": 8,
      "name": "NormalNucleoli_1",
      "reference": 1,
      "relation": "==",
      "true": {
        "false": {
          "complexity": 0.009999999776482582,
          "loss": 0.0,
          "name": "Y",
          "prediction": 1
        },
        "feature": 4,
        "name": "Adhesion_1",
        "reference": 1,
        "relation": "==",
        "true": {
          "complexity": 0.009999999776482582,
          "loss": 0.0,
          "name": "Y",
          "prediction": 0
        },
        "type": "integral"
      },
      "type": "integral"
    },
    "feature": 5,
    "name": "SingleEpithelialCellSize_2",
    "reference": 1,
    "relation": "==",
    "true": {
      "false": {
        "false": {
          "complexity": 0.009999999776482582,
          "loss": 0.0,
          "name": "Y",
          "prediction": 1
        },
        "feature": 6,
        "name": "BareNuclei_1",
        "reference": 1,
        "relation": "==",
        "true": {
          "complexity": 0.009999999776482582,
          "loss": 0.0,
          "name": "Y",
          "prediction": 0
        },
        "type": "integral"
      },
      "feature": 3,
      "name": "CellShape_1",
      "reference": 1,
      "relation": "==",
      "true": {
        "complexity": 0.009999999776482582,
        "loss": 0.0,
        "name": "Y",
        "prediction": 0
      },
      "type": "integral"
    },
    "type": "integral"
  },
  "feature": 1,
  "model_objective": 0.14500001072883606,
  "name": "CellSize_1",
  "reference": 1,
  "relation": "==",
  "true": {
    "complexity": 0.009999999776482582,
    "loss": 0.0,
    "name": "Y",
    "prediction": 0
  },
  "type": "integral"
}
{
  "false": {
    "false": {
      "false": {
        "complexity": 0.009999999776482582,
        "loss": 0.07500000298023224,
        "name": "Y",
        "prediction": 1
      },
      "feature": 8,
      "name": "NormalNucleoli_1",
      "reference": 1,
      "relation": "==",
      "true": {
        "false": {
          "complexity": 0.009999999776482582,
          "loss": 0.0,
          "name": "Y",
          "prediction": 1
        },
        "feature": 4,
        "name": "Adhesion_1",
        "reference": 1,
        "relation": "==",
        "true": {
          "complexity": 0.009999999776482582,
          "loss": 0.0,
          "name": "Y",
          "prediction": 0
        },
        "type": "integral"
      },
      "type": "integral"
    },
    "feature": 5,
    "name": "SingleEpithelialCellSize_2",
    "reference": 1,
    "relation": "==",
    "true": {
      "false": {
        "false": {
          "complexity": 0.009999999776482582,
          "loss": 0.0,
          "name": "Y",
          "prediction": 1
        },
        "feature": 3,
        "name": "CellShape_1",
        "reference": 1,
        "relation": "==",
        "true": {
          "complexity": 0.009999999776482582,
          "loss": 0.0,
          "name": "Y",
          "prediction": 0
        },
        "type": "integral"
      },
      "feature": 6,
      "name": "BareNuclei_1",
      "reference": 1,
      "relation": "==",
      "true": {
        "complexity": 0.009999999776482582,
        "loss": 0.0,
        "name": "Y",
        "prediction": 0
      },
      "type": "integral"
    },
    "type": "integral"
  },
  "feature": 1,
  "model_objective": 0.14500001072883606,
  "name": "CellSize_1",
  "reference": 1,
  "relation": "==",
  "true": {
    "complexity": 0.009999999776482582,
    "loss": 0.0,
    "name": "Y",
    "prediction": 0
  },
  "type": "integral"
}
{
  "false": {
    "false": {
      "false": {
        "complexity": 0.009999999776482582,
        "loss": 0.07500000298023224,
        "name": "Y",
        "prediction": 1
      },
      "feature": 8,
      "name": "NormalNucleoli_1",
      "reference": 1,
      "relation": "==",
      "true": {
        "false": {
          "false": {
            "false": {
              "complexity": 0.009999999776482582,
              "loss": 0.0,
              "name": "Y",
              "prediction": 1
            },
            "feature": 4,
            "name": "Adhesion_1",
            "reference": 1,
            "relation": "==",
            "true": {
              "complexity": 0.009999999776482582,
              "loss": 0.0,
              "name": "Y",
              "prediction": 0
            },
            "type": "integral"
          },
          "feature": 5,
          "name": "SingleEpithelialCellSize_2",
          "reference": 1,
          "relation": "==",
          "true": {
            "complexity": 0.009999999776482582,
            "loss": 0.0,
            "name": "Y",
            "prediction": 1
          },
          "type": "integral"
        },
        "feature": 6,
        "name": "BareNuclei_1",
        "reference": 1,
        "relation": "==",
        "true": {
          "complexity": 0.009999999776482582,
          "loss": 0.0,
          "name": "Y",
          "prediction": 0
        },
        "type": "integral"
      },
      "type": "integral"
    },
    "feature": 1,
    "name": "CellSize_1",
    "reference": 1,
    "relation": "==",
    "true": {
      "complexity": 0.009999999776482582,
      "loss": 0.0,
      "name": "Y",
      "prediction": 0
    },
    "type": "integral"
  },
  "feature": 3,
  "model_objective": 0.14499999582767487,
  "name": "CellShape_1",
  "reference": 1,
  "relation": "==",
  "true": {
    "complexity": 0.009999999776482582,
    "loss": 0.0,
    "name": "Y",
    "prediction": 0
  },
  "type": "integral"
}
{
  "false": {
    "false": {
      "false": {
        "complexity": 0.009999999776482582,
        "loss": 0.07500000298023224,
        "name": "Y",
        "prediction": 1
      },
      "feature": 6,
      "name": "BareNuclei_1",
      "reference": 1,
      "relation": "==",
      "true": {
        "complexity": 0.009999999776482582,
        "loss": 0.0,
        "name": "Y",
        "prediction": 0
      },
      "type": "integral"
    },
    "feature": 4,
    "name": "Adhesion_1",
    "reference": 1,
    "relation": "==",
    "true": {
      "false": {
        "false": {
          "complexity": 0.009999999776482582,
          "loss": 0.0,
          "name": "Y",
          "prediction": 1
        },
        "feature": 8,
        "name": "NormalNucleoli_1",
        "reference": 1,
        "relation": "==",
        "true": {
          "complexity": 0.009999999776482582,
          "loss": 0.0,
          "name": "Y",
          "prediction": 0
        },
        "type": "integral"
      },
      "feature": 5,
      "name": "SingleEpithelialCellSize_2",
      "reference": 1,
      "relation": "==",
      "true": {
        "false": {
          "complexity": 0.009999999776482582,
          "loss": 0.0,
          "name": "Y",
          "prediction": 1
        },
        "feature": 3,
        "name": "CellShape_1",
        "reference": 1,
        "relation": "==",
        "true": {
          "complexity": 0.009999999776482582,
          "loss": 0.0,
          "name": "Y",
          "prediction": 0
        },
        "type": "integral"
      },
      "type": "integral"
    },
    "type": "integral"
  },
  "feature": 1,
  "model_objective": 0.14500001072883606,
  "name": "CellSize_1",
  "reference": 1,
  "relation": "==",
  "true": {
    "complexity": 0.009999999776482582,
    "loss": 0.0,
    "name": "Y",
    "prediction": 0
  },
  "type": "integral"
}
{
  "false": {
    "false": {
      "false": {
        "complexity": 0.009999999776482582,
        "loss": 0.07500000298023224,
        "name": "Y",
        "prediction": 1
      },
      "feature": 8,
      "name": "NormalNucleoli_1",
      "reference": 1,
      "relation": "==",
      "true": {
        "false": {
          "false": {
            "complexity": 0.009999999776482582,
            "loss": 0.0,
            "name": "Y",
            "prediction": 1
          },
          "feature": 4,
          "name": "Adhesion_1",
          "reference": 1,
          "relation": "==",
          "true": {
            "false": {
              "complexity": 0.009999999776482582,
              "loss": 0.0,
              "name": "Y",
              "prediction": 0
            },
            "feature": 5,
            "name": "SingleEpithelialCellSize_2",
            "reference": 1,
            "relation": "==",
            "true": {
              "complexity": 0.009999999776482582,
              "loss": 0.0,
              "name": "Y",
              "prediction": 1
            },
            "type": "integral"
          },
          "type": "integral"
        },
        "feature": 6,
        "name": "BareNuclei_1",
        "reference": 1,
        "relation": "==",
        "true": {
          "complexity": 0.009999999776482582,
          "loss": 0.0,
          "name": "Y",
          "prediction": 0
        },
        "type": "integral"
      },
      "type": "integral"
    },
    "feature": 3,
    "name": "CellShape_1",
    "reference": 1,
    "relation": "==",
    "true": {
      "complexity": 0.009999999776482582,
      "loss": 0.0,
      "name": "Y",
      "prediction": 0
    },
    "type": "integral"
  },
  "feature": 1,
  "model_objective": 0.14499999582767487,
  "name": "CellSize_1",
  "reference": 1,
  "relation": "==",
  "true": {
    "complexity": 0.009999999776482582,
    "loss": 0.0,
    "name": "Y",
    "prediction": 0
  },
  "type": "integral"
}
{
  "false": {
    "false": {
      "false": {
        "false": {
          "complexity": 0.009999999776482582,
          "loss": 0.07500000298023224,
          "name": "Y",
          "prediction": 1
        },
        "feature": 4,
        "name": "Adhesion_1",
        "reference": 1,
        "relation": "==",
        "true": {
          "false": {
            "complexity": 0.009999999776482582,
            "loss": 0.0,
            "name": "Y",
            "prediction": 1
          },
          "feature": 8,
          "name": "NormalNucleoli_1",
          "reference": 1,
          "relation": "==",
          "true": {
            "complexity": 0.009999999776482582,
            "loss": 0.0,
            "name": "Y",
            "prediction": 0
          },
          "type": "integral"
        },
        "type": "integral"
      },
      "feature": 5,
      "name": "SingleEpithelialCellSize_2",
      "reference": 1,
      "relation": "==",
      "true": {
        "false": {
          "complexity": 0.009999999776482582,
          "loss": 0.0,
          "name": "Y",
          "prediction": 1
        },
        "feature": 6,
        "name": "BareNuclei_1",
        "reference": 1,
        "relation": "==",
        "true": {
          "complexity": 0.009999999776482582,
          "loss": 0.0,
          "name": "Y",
          "prediction": 0
        },
        "type": "integral"
      },
      "type": "integral"
    },
    "feature": 1,
    "name": "CellSize_1",
    "reference": 1,
    "relation": "==",
    "true": {
      "complexity": 0.009999999776482582,
      "loss": 0.0,
      "name": "Y",
      "prediction": 0
    },
    "type": "integral"
  },
  "feature": 3,
  "model_objective": 0.14499999582767487,
  "name": "CellShape_1",
  "reference": 1,
  "relation": "==",
  "true": {
    "complexity": 0.009999999776482582,
    "loss": 0.0,
    "name": "Y",
    "prediction": 0
  },
  "type": "integral"
}
{
  "false": {
    "false": {
      "false": {
        "false": {
          "complexity": 0.009999999776482582,
          "loss": 0.07500000298023224,
          "name": "Y",
          "prediction": 1
        },
        "feature": 6,
        "name": "BareNuclei_1",
        "reference": 1,
        "relation": "==",
        "true": {
          "complexity": 0.009999999776482582,
          "loss": 0.0,
          "name": "Y",
          "prediction": 0
        },
        "type": "integral"
      },
      "feature": 4,
      "name": "Adhesion_1",
      "reference": 1,
      "relation": "==",
      "true": {
        "false": {
          "complexity": 0.009999999776482582,
          "loss": 0.0,
          "name": "Y",
          "prediction": 1
        },
        "feature": 8,
        "name": "NormalNucleoli_1",
        "reference": 1,
        "relation": "==",
        "true": {
          "false": {
            "complexity": 0.009999999776482582,
            "loss": 0.0,
            "name": "Y",
            "prediction": 0
          },
          "feature": 5,
          "name": "SingleEpithelialCellSize_2",
          "reference": 1,
          "relation": "==",
          "true": {
            "complexity": 0.009999999776482582,
            "loss": 0.0,
            "name": "Y",
            "prediction": 1
          },
          "type": "integral"
        },
        "type": "integral"
      },
      "type": "integral"
    },
    "feature": 3,
    "name": "CellShape_1",
    "reference": 1,
    "relation": "==",
    "true": {
      "complexity": 0.009999999776482582,
      "loss": 0.0,
      "name": "Y",
      "prediction": 0
    },
    "type": "integral"
  },
  "feature": 1,
  "model_objective": 0.14499999582767487,
  "name": "CellSize_1",
  "reference": 1,
  "relation": "==",
  "true": {
    "complexity": 0.009999999776482582,
    "loss": 0.0,
    "name": "Y",
    "prediction": 0
  },
  "type": "integral"
}
{
  "false": {
    "false": {
      "false": {
        "false": {
          "complexity": 0.009999999776482582,
          "loss": 0.07500000298023224,
          "name": "Y",
          "prediction": 1
        },
        "feature": 6,
        "name": "BareNuclei_1",
        "reference": 1,
        "relation": "==",
        "true": {
          "complexity": 0.009999999776482582,
          "loss": 0.0,
          "name": "Y",
          "prediction": 0
        },
        "type": "integral"
      },
      "feature": 4,
      "name": "Adhesion_1",
      "reference": 1,
      "relation": "==",
      "true": {
        "false": {
          "false": {
            "complexity": 0.009999999776482582,
            "loss": 0.0,
            "name": "Y",
            "prediction": 1
          },
          "feature": 8,
          "name": "NormalNucleoli_1",
          "reference": 1,
          "relation": "==",
          "true": {
            "complexity": 0.009999999776482582,
            "loss": 0.0,
            "name": "Y",
            "prediction": 0
          },
          "type": "integral"
        },
        "feature": 5,
        "name": "SingleEpithelialCellSize_2",
        "reference": 1,
        "relation": "==",
        "true": {
          "complexity": 0.009999999776482582,
          "loss": 0.0,
          "name": "Y",
          "prediction": 1
        },
        "type": "integral"
      },
      "type": "integral"
    },
    "feature": 3,
    "name": "CellShape_1",
    "reference": 1,
    "relation": "==",
    "true": {
      "complexity": 0.009999999776482582,
      "loss": 0.0,
      "name": "Y",
      "prediction": 0
    },
    "type": "integral"
  },
  "feature": 1,
  "model_objective": 0.14499999582767487,
  "name": "CellSize_1",
  "reference": 1,
  "relation": "==",
  "true": {
    "complexity": 0.009999999776482582,
    "loss": 0.0,
    "name": "Y",
    "prediction": 0
  },
  "type": "integral"
}
{
  "false": {
    "false": {
      "false": {
        "complexity": 0.009999999776482582,
        "loss": 0.07500000298023224,
        "name": "Y",
        "prediction": 1
      },
      "feature": 8,
      "name": "NormalNucleoli_1",
      "reference": 1,
      "relation": "==",
      "true": {
        "false": {
          "false": {
            "complexity": 0.009999999776482582,
            "loss": 0.0,
            "name": "Y",
            "prediction": 1
          },
          "feature": 4,
          "name": "Adhesion_1",
          "reference": 1,
          "relation": "==",
          "true": {
            "complexity": 0.009999999776482582,
            "loss": 0.0,
            "name": "Y",
            "prediction": 0
          },
          "type": "integral"
        },
        "feature": 5,
        "name": "SingleEpithelialCellSize_2",
        "reference": 1,
        "relation": "==",
        "true": {
          "false": {
            "complexity": 0.009999999776482582,
            "loss": 0.0,
            "name": "Y",
            "prediction": 1
          },
          "feature": 6,
          "name": "BareNuclei_1",
          "reference": 1,
          "relation": "==",
          "true": {
            "complexity": 0.009999999776482582,
            "loss": 0.0,
            "name": "Y",
            "prediction": 0
          },
          "type": "integral"
        },
        "type": "integral"
      },
      "type": "integral"
    },
    "feature": 3,
    "name": "CellShape_1",
    "reference": 1,
    "relation": "==",
    "true": {
      "complexity": 0.009999999776482582,
      "loss": 0.0,
      "name": "Y",
      "prediction": 0
    },
    "type": "integral"
  },
  "feature": 1,
  "model_objective": 0.14499999582767487,
  "name": "CellSize_1",
  "reference": 1,
  "relation": "==",
  "true": {
    "complexity": 0.009999999776482582,
    "loss": 0.0,
    "name": "Y",
    "prediction": 0
  },
  "type": "integral"
}
{
  "false": {
    "false": {
      "false": {
        "false": {
          "complexity": 0.009999999776482582,
          "loss": 0.07500000298023224,
          "name": "Y",
          "prediction": 1
        },
        "feature": 4,
        "name": "Adhesion_1",
        "reference": 1,
        "relation": "==",
        "true": {
          "false": {
            "complexity": 0.009999999776482582,
            "loss": 0.0,
            "name": "Y",
            "prediction": 1
          },
          "feature": 8,
          "name": "NormalNucleoli_1",
          "reference": 1,
          "relation": "==",
          "true": {
            "complexity": 0.009999999776482582,
            "loss": 0.0,
            "name": "Y",
            "prediction": 0
          },
          "type": "integral"
        },
        "type": "integral"
      },
      "feature": 5,
      "name": "SingleEpithelialCellSize_2",
      "reference": 1,
      "relation": "==",
      "true": {
        "false": {
          "complexity": 0.009999999776482582,
          "loss": 0.0,
          "name": "Y",
          "prediction": 1
        },
        "feature": 6,
        "name": "BareNuclei_1",
        "reference": 1,
        "relation": "==",
        "true": {
          "complexity": 0.009999999776482582,
          "loss": 0.0,
          "name": "Y",
          "prediction": 0
        },
        "type": "integral"
      },
      "type": "integral"
    },
    "feature": 3,
    "name": "CellShape_1",
    "reference": 1,
    "relation": "==",
    "true": {
      "complexity": 0.009999999776482582,
      "loss": 0.0,
      "name": "Y",
      "prediction": 0
    },
    "type": "integral"
  },
  "feature": 1,
  "model_objective": 0.14499999582767487,
  "name": "CellSize_1",
  "reference": 1,
  "relation": "==",
  "true": {
    "complexity": 0.009999999776482582,
    "loss": 0.0,
    "name": "Y",
    "prediction": 0
  },
  "type": "integral"
}
{
  "false": {
    "false": {
      "false": {
        "complexity": 0.009999999776482582,
        "loss": 0.07500000298023224,
        "name": "Y",
        "prediction": 1
      },
      "feature": 8,
      "name": "NormalNucleoli_1",
      "reference": 1,
      "relation": "==",
      "true": {
        "false": {
          "false": {
            "complexity": 0.009999999776482582,
            "loss": 0.0,
            "name": "Y",
            "prediction": 1
          },
          "feature": 6,
          "name": "BareNuclei_1",
          "reference": 1,
          "relation": "==",
          "true": {
            "complexity": 0.009999999776482582,
            "loss": 0.0,
            "name": "Y",
            "prediction": 0
          },
          "type": "integral"
        },
        "feature": 4,
        "name": "Adhesion_1",
        "reference": 1,
        "relation": "==",
        "true": {
          "false": {
            "complexity": 0.009999999776482582,
            "loss": 0.0,
            "name": "Y",
            "prediction": 0
          },
          "feature": 5,
          "name": "SingleEpithelialCellSize_2",
          "reference": 1,
          "relation": "==",
          "true": {
            "complexity": 0.009999999776482582,
            "loss": 0.0,
            "name": "Y",
            "prediction": 1
          },
          "type": "integral"
        },
        "type": "integral"
      },
      "type": "integral"
    },
    "feature": 1,
    "name": "CellSize_1",
    "reference": 1,
    "relation": "==",
    "true": {
      "complexity": 0.009999999776482582,
      "loss": 0.0,
      "name": "Y",
      "prediction": 0
    },
    "type": "integral"
  },
  "feature": 3,
  "model_objective": 0.14499999582767487,
  "name": "CellShape_1",
  "reference": 1,
  "relation": "==",
  "true": {
    "complexity": 0.009999999776482582,
    "loss": 0.0,
    "name": "Y",
    "prediction": 0
  },
  "type": "integral"
}
{
  "false": {
    "false": {
      "false": {
        "complexity": 0.009999999776482582,
        "loss": 0.07500000298023224,
        "name": "Y",
        "prediction": 1
      },
      "feature": 8,
      "name": "NormalNucleoli_1",
      "reference": 1,
      "relation": "==",
      "true": {
        "false": {
          "false": {
            "false": {
              "complexity": 0.009999999776482582,
              "loss": 0.0,
              "name": "Y",
              "prediction": 1
            },
            "feature": 4,
            "name": "Adhesion_1",
            "reference": 1,
            "relation": "==",
            "true": {
              "complexity": 0.009999999776482582,
              "loss": 0.0,
              "name": "Y",
              "prediction": 0
            },
            "type": "integral"
          },
          "feature": 5,
          "name": "SingleEpithelialCellSize_2",
          "reference": 1,
          "relation": "==",
          "true": {
            "complexity": 0.009999999776482582,
            "loss": 0.0,
            "name": "Y",
            "prediction": 1
          },
          "type": "integral"
        },
        "feature": 6,
        "name": "BareNuclei_1",
        "reference": 1,
        "relation": "==",
        "true": {
          "complexity": 0.009999999776482582,
          "loss": 0.0,
          "name": "Y",
          "prediction": 0
        },
        "type": "integral"
      },
      "type": "integral"
    },
    "feature": 3,
    "name": "CellShape_1",
    "reference": 1,
    "relation": "==",
    "true": {
      "complexity": 0.009999999776482582,
      "loss": 0.0,
      "name": "Y",
      "prediction": 0
    },
    "type": "integral"
  },
  "feature": 1,
  "model_objective": 0.14499999582767487,
  "name": "CellSize_1",
  "reference": 1,
  "relation": "==",
  "true": {
    "complexity": 0.009999999776482582,
    "loss": 0.0,
    "name": "Y",
    "prediction": 0
  },
  "type": "integral"
}
{
  "false": {
    "false": {
      "false": {
        "complexity": 0.009999999776482582,
        "loss": 0.07500000298023224,
        "name": "Y",
        "prediction": 1
      },
      "feature": 4,
      "name": "Adhesion_1",
      "reference": 1,
      "relation": "==",
      "true": {
        "false": {
          "complexity": 0.009999999776482582,
          "loss": 0.0,
          "name": "Y",
          "prediction": 1
        },
        "feature": 8,
        "name": "NormalNucleoli_1",
        "reference": 1,
        "relation": "==",
        "true": {
          "complexity": 0.009999999776482582,
          "loss": 0.0,
          "name": "Y",
          "prediction": 0
        },
        "type": "integral"
      },
      "type": "integral"
    },
    "feature": 5,
    "name": "SingleEpithelialCellSize_2",
    "reference": 1,
    "relation": "==",
    "true": {
      "false": {
        "false": {
          "complexity": 0.009999999776482582,
          "loss": 0.0,
          "name": "Y",
          "prediction": 1
        },
        "feature": 3,
        "name": "CellShape_1",
        "reference": 1,
        "relation": "==",
        "true": {
          "complexity": 0.009999999776482582,
          "loss": 0.0,
          "name": "Y",
          "prediction": 0
        },
        "type": "integral"
      },
      "feature": 6,
      "name": "BareNuclei_1",
      "reference": 1,
      "relation": "==",
      "true": {
        "complexity": 0.009999999776482582,
        "loss": 0.0,
        "name": "Y",
        "prediction": 0
      },
      "type": "integral"
    },
    "type": "integral"
  },
  "feature": 1,
  "model_objective": 0.14500001072883606,
  "name": "CellSize_1",
  "reference": 1,
  "relation": "==",
  "true": {
    "complexity": 0.009999999776482582,
    "loss": 0.0,
    "name": "Y",
    "prediction": 0
  },
  "type": "integral"
}
{
  "false": {
    "false": {
      "false": {
        "false": {
          "complexity": 0.009999999776482582,
          "loss": 0.07500000298023224,
          "name": "Y",
          "prediction": 1
        },
        "feature": 8,
        "name": "NormalNucleoli_1",
        "reference": 1,
        "relation": "==",
        "true": {
          "false": {
            "complexity": 0.009999999776482582,
            "loss": 0.0,
            "name": "Y",
            "prediction": 1
          },
          "feature": 4,
          "name": "Adhesion_1",
          "reference": 1,
          "relation": "==",
          "true": {
            "complexity": 0.009999999776482582,
            "loss": 0.0,
            "name": "Y",
            "prediction": 0
          },
          "type": "integral"
        },
        "type": "integral"
      },
      "feature": 5,
      "name": "SingleEpithelialCellSize_2",
      "reference": 1,
      "relation": "==",
      "true": {
        "false": {
          "complexity": 0.009999999776482582,
          "loss": 0.0,
          "name": "Y",
          "prediction": 1
        },
        "feature": 6,
        "name": "BareNuclei_1",
        "reference": 1,
        "relation": "==",
        "true": {
          "complexity": 0.009999999776482582,
          "loss": 0.0,
          "name": "Y",
          "prediction": 0
        },
        "type": "integral"
      },
      "type": "integral"
    },
    "feature": 3,
    "name": "CellShape_1",
    "reference": 1,
    "relation": "==",
    "true": {
      "complexity": 0.009999999776482582,
      "loss": 0.0,
      "name": "Y",
      "prediction": 0
    },
    "type": "integral"
  },
  "feature": 1,
  "model_objective": 0.14499999582767487,
  "name": "CellSize_1",
  "reference": 1,
  "relation": "==",
  "true": {
    "complexity": 0.009999999776482582,
    "loss": 0.0,
    "name": "Y",
    "prediction": 0
  },
  "type": "integral"
}
{
  "false": {
    "false": {
      "false": {
        "complexity": 0.009999999776482582,
        "loss": 0.07500000298023224,
        "name": "Y",
        "prediction": 1
      },
      "feature": 4,
      "name": "Adhesion_1",
      "reference": 1,
      "relation": "==",
      "true": {
        "false": {
          "complexity": 0.009999999776482582,
          "loss": 0.0,
          "name": "Y",
          "prediction": 1
        },
        "feature": 8,
        "name": "NormalNucleoli_1",
        "reference": 1,
        "relation": "==",
        "true": {
          "complexity": 0.009999999776482582,
          "loss": 0.0,
          "name": "Y",
          "prediction": 0
        },
        "type": "integral"
      },
      "type": "integral"
    },
    "feature": 5,
    "name": "SingleEpithelialCellSize_2",
    "reference": 1,
    "relation": "==",
    "true": {
      "false": {
        "false": {
          "complexity": 0.009999999776482582,
          "loss": 0.0,
          "name": "Y",
          "prediction": 1
        },
        "feature": 6,
        "name": "BareNuclei_1",
        "reference": 1,
        "relation": "==",
        "true": {
          "complexity": 0.009999999776482582,
          "loss": 0.0,
          "name": "Y",
          "prediction": 0
        },
        "type": "integral"
      },
      "feature": 3,
      "name": "CellShape_1",
      "reference": 1,
      "relation": "==",
      "true": {
        "complexity": 0.009999999776482582,
        "loss": 0.0,
        "name": "Y",
        "prediction": 0
      },
      "type": "integral"
    },
    "type": "integral"
  },
  "feature": 1,
  "model_objective": 0.14500001072883606,
  "name": "CellSize_1",
  "reference": 1,
  "relation": "==",
  "true": {
    "complexity": 0.009999999776482582,
    "loss": 0.0,
    "name": "Y",
    "prediction": 0
  },
  "type": "integral"
}
{
  "false": {
    "false": {
      "false": {
        "complexity": 0.009999999776482582,
        "loss": 0.07500000298023224,
        "name": "Y",
        "prediction": 1
      },
      "feature": 8,
      "name": "NormalNucleoli_1",
      "reference": 1,
      "relation": "==",
      "true": {
        "false": {
          "false": {
            "complexity": 0.009999999776482582,
            "loss": 0.0,
            "name": "Y",
            "prediction": 1
          },
          "feature": 6,
          "name": "BareNuclei_1",
          "reference": 1,
          "relation": "==",
          "true": {
            "complexity": 0.009999999776482582,
            "loss": 0.0,
            "name": "Y",
            "prediction": 0
          },
          "type": "integral"
        },
        "feature": 4,
        "name": "Adhesion_1",
        "reference": 1,
        "relation": "==",
        "true": {
          "false": {
            "complexity": 0.009999999776482582,
            "loss": 0.0,
            "name": "Y",
            "prediction": 0
          },
          "feature": 5,
          "name": "SingleEpithelialCellSize_2",
          "reference": 1,
          "relation": "==",
          "true": {
            "complexity": 0.009999999776482582,
            "loss": 0.0,
            "name": "Y",
            "prediction": 1
          },
          "type": "integral"
        },
        "type": "integral"
      },
      "type": "integral"
    },
    "feature": 3,
    "name": "CellShape_1",
    "reference": 1,
    "relation": "==",
    "true": {
      "complexity": 0.009999999776482582,
      "loss": 0.0,
      "name": "Y",
      "prediction": 0
    },
    "type": "integral"
  },
  "feature": 1,
  "model_objective": 0.14499999582767487,
  "name": "CellSize_1",
  "reference": 1,
  "relation": "==",
  "true": {
    "complexity": 0.009999999776482582,
    "loss": 0.0,
    "name": "Y",
    "prediction": 0
  },
  "type": "integral"
}
