Lmod has detected the following error: The following module(s) are unknown:
"Python"

Please check the spelling or version number. Also try "module spider ..."
It is also possible your cache file is out-of-date; it may help to try:
  $ module --ignore_cache load "Python"

Also make sure that all modulefiles written in TCL start with the string
#%Module



slurmstepd: error: unable to open '/proc/87595/cgroup' for reading : No such file or directory
slurmstepd: error: unable to open '/proc/45777/cgroup' for reading : No such file or directory
slurmstepd: error: unable to open '/proc/56886/cgroup' for reading : No such file or directory
slurmstepd: error: unable to open '/proc/83575/cgroup' for reading : No such file or directory
slurmstepd: error: unable to open '/proc/97650/cgroup' for reading : No such file or directory
slurmstepd: error: unable to open '/proc/97652/cgroup' for reading : No such file or directory
slurmstepd: error: unable to open '/proc/97437/cgroup' for reading : No such file or directory
slurmstepd: error: unable to open '/proc/97436/cgroup' for reading : No such file or directory
slurmstepd: error: unable to open '/proc/15357/cgroup' for reading : No such file or directory
slurmstepd: error: unable to open '/proc/15358/cgroup' for reading : No such file or directory
slurmstepd: error: unable to open '/proc/88452/cgroup' for reading : No such file or directory
slurmstepd: error: unable to open '/proc/88454/cgroup' for reading : No such file or directory
/var/spool/slurmd/job23822227/slurm_script: line 23: 11404 Killed                  python Code/OptimalThresholdSimulation.py --JobName 7CarEvaluation_FRT --Data CarEvaluation --Seed 7 --TestProportion 0.2 --CandidateProportion 0.8 --regularization 0.01 --RashomonThresholdType Adder --RashomonThreshold 0.1 --Output 7CarEvaluation_FRT.pkl
slurmstepd: error: Detected 1 oom_kill event in StepId=23822227.batch. Some of the step tasks have been OOM Killed.
