Lmod has detected the following error: The following module(s) are unknown:
"Python"

Please check the spelling or version number. Also try "module spider ..."
It is also possible your cache file is out-of-date; it may help to try:
  $ module --ignore_cache load "Python"

Also make sure that all modulefiles written in TCL start with the string
#%Module



slurmstepd: error: unable to open '/proc/94467/cgroup' for reading : No such file or directory
slurmstepd: error: unable to open '/proc/98464/cgroup' for reading : No such file or directory
slurmstepd: error: unable to open '/proc/98461/cgroup' for reading : No such file or directory
slurmstepd: error: unable to open '/proc/99549/cgroup' for reading : No such file or directory
slurmstepd: error: unable to open '/proc/99551/cgroup' for reading : No such file or directory
slurmstepd: error: unable to open '/proc/88424/cgroup' for reading : No such file or directory
slurmstepd: error: unable to open '/proc/88422/cgroup' for reading : No such file or directory
slurmstepd: error: unable to open '/proc/76834/cgroup' for reading : No such file or directory
slurmstepd: error: unable to open '/proc/76836/cgroup' for reading : No such file or directory
slurmstepd: error: unable to open '/proc/90197/cgroup' for reading : No such file or directory
slurmstepd: error: unable to open '/proc/90199/cgroup' for reading : No such file or directory
slurmstepd: error: unable to open '/proc/22689/cgroup' for reading : No such file or directory
/var/spool/slurmd/job23822193/slurm_script: line 23:  3594 Killed                  python Code/OptimalThresholdSimulation.py --JobName 49CarEvaluation_FRT --Data CarEvaluation --Seed 49 --TestProportion 0.2 --CandidateProportion 0.8 --regularization 0.01 --RashomonThresholdType Adder --RashomonThreshold 0.1 --Output 49CarEvaluation_FRT.pkl
slurmstepd: error: Detected 1 oom_kill event in StepId=23822193.batch. Some of the step tasks have been OOM Killed.
