Lmod has detected the following error: The following module(s) are unknown:
"Python"

Please check the spelling or version number. Also try "module spider ..."
It is also possible your cache file is out-of-date; it may help to try:
  $ module --ignore_cache load "Python"

Also make sure that all modulefiles written in TCL start with the string
#%Module



slurmstepd: error: unable to open '/proc/77287/cgroup' for reading : No such file or directory
slurmstepd: error: unable to open '/proc/13619/cgroup' for reading : No such file or directory
slurmstepd: error: unable to open '/proc/25313/cgroup' for reading : No such file or directory
slurmstepd: error: unable to open '/proc/25314/cgroup' for reading : No such file or directory
slurmstepd: error: unable to open '/proc/66308/cgroup' for reading : No such file or directory
slurmstepd: error: unable to open '/proc/66306/cgroup' for reading : No such file or directory
slurmstepd: error: unable to open '/proc/44102/cgroup' for reading : No such file or directory
slurmstepd: error: unable to open '/proc/44104/cgroup' for reading : No such file or directory
slurmstepd: error: unable to open '/proc/94321/cgroup' for reading : No such file or directory
slurmstepd: error: unable to open '/proc/72568/cgroup' for reading : No such file or directory
slurmstepd: error: unable to open '/proc/33226/cgroup' for reading : No such file or directory
slurmstepd: error: unable to open '/proc/56516/cgroup' for reading : No such file or directory
slurmstepd: error: unable to open '/proc/56519/cgroup' for reading : No such file or directory
/var/spool/slurmd/job23822153/slurm_script: line 23:  4185 Killed                  python Code/OptimalThresholdSimulation.py --JobName 12CarEvaluation_FRT --Data CarEvaluation --Seed 12 --TestProportion 0.2 --CandidateProportion 0.8 --regularization 0.01 --RashomonThresholdType Adder --RashomonThreshold 0.1 --Output 12CarEvaluation_FRT.pkl
slurmstepd: error: Detected 1 oom_kill event in StepId=23822153.batch. Some of the step tasks have been OOM Killed.
