Lmod has detected the following error: The following module(s) are unknown:
"Python"

Please check the spelling or version number. Also try "module spider ..."
It is also possible your cache file is out-of-date; it may help to try:
  $ module --ignore_cache load "Python"

Also make sure that all modulefiles written in TCL start with the string
#%Module



slurmstepd: error: unable to open '/proc/74521/cgroup' for reading : No such file or directory
slurmstepd: error: unable to open '/proc/18098/cgroup' for reading : No such file or directory
slurmstepd: error: unable to open '/proc/18099/cgroup' for reading : No such file or directory
slurmstepd: error: unable to open '/proc/64765/cgroup' for reading : No such file or directory
slurmstepd: error: unable to open '/proc/64764/cgroup' for reading : No such file or directory
slurmstepd: error: unable to open '/proc/69579/cgroup' for reading : No such file or directory
slurmstepd: error: unable to open '/proc/48952/cgroup' for reading : No such file or directory
slurmstepd: error: unable to open '/proc/48949/cgroup' for reading : No such file or directory
slurmstepd: error: unable to open '/proc/69868/cgroup' for reading : No such file or directory
slurmstepd: error: unable to open '/proc/69869/cgroup' for reading : No such file or directory
slurmstepd: error: unable to open '/proc/86000/cgroup' for reading : No such file or directory
/var/spool/slurmd/job23822224/slurm_script: line 23: 14766 Killed                  python Code/OptimalThresholdSimulation.py --JobName 77CarEvaluation_FRT --Data CarEvaluation --Seed 77 --TestProportion 0.2 --CandidateProportion 0.8 --regularization 0.01 --RashomonThresholdType Adder --RashomonThreshold 0.1 --Output 77CarEvaluation_FRT.pkl
slurmstepd: error: Detected 1 oom_kill event in StepId=23822224.batch. Some of the step tasks have been OOM Killed.
